<?xml version="1.0" encoding="UTF-8"?>
<!-- Generated by org.testng.reporters.JUnitXMLReporter -->
<testsuite ignored="0" hostname="DESKTOP-R2AJQE8" failures="0" tests="1355" name="Default test" time="4.644" errors="0" timestamp="2024-01-04T12:03:56 IST">
  <testcase classname="LeadCreation.Leadcreation" name="Customercreation100" time="0.004"/>
  <testcase classname="LeadCreation.Leadcreation" name="Customercreation100" time="0.001"/>
  <testcase classname="LeadCreation.Leadcreation" name="Customercreation100" time="0.002"/>
  <testcase classname="LeadCreation.Leadcreation" name="Customercreation100" time="0.001"/>
  <testcase classname="LeadCreation.Leadcreation" name="Customercreation100" time="0.001"/>
  <testcase classname="LeadCreation.Leadcreation" name="Customercreation100" time="0.001"/>
  <testcase classname="LeadCreation.Leadcreation" name="Customercreation100" time="0.001"/>
  <testcase classname="LeadCreation.Leadcreation" name="Customercreation100" time="0.001"/>
  <testcase classname="LeadCreation.Leadcreation" name="Customercreation100" time="0.001"/>
  <testcase classname="LeadCreation.Leadcreation" name="Customercreation100" time="0.0"/>
  <testcase classname="LeadCreation.Leadcreation" name="Customercreation100" time="0.001"/>
  <testcase classname="LeadCreation.Leadcreation" name="Customercreation100" time="0.001"/>
  <testcase classname="LeadCreation.Leadcreation" name="Customercreation100" time="0.001"/>
  <testcase classname="LeadCreation.Leadcreation" name="Customercreation100" time="0.0"/>
  <testcase classname="LeadCreation.Leadcreation" name="Customercreation100" time="0.0"/>
  <testcase classname="LeadCreation.Leadcreation" name="Customercreation100" time="0.001"/>
  <testcase classname="LeadCreation.Leadcreation" name="Customercreation100" time="0.0"/>
  <testcase classname="LeadCreation.Leadcreation" name="Customercreation100" time="0.001"/>
  <testcase classname="LeadCreation.Leadcreation" name="Customercreation100" time="0.001"/>
  <testcase classname="LeadCreation.Leadcreation" name="Customercreation100" time="0.0"/>
  <testcase classname="LeadCreation.Leadcreation" name="Customercreation100" time="0.0"/>
  <testcase classname="LeadCreation.Leadcreation" name="Customercreation100" time="0.0"/>
  <testcase classname="LeadCreation.Leadcreation" name="Customercreation100" time="0.001"/>
  <testcase classname="LeadCreation.Leadcreation" name="Customercreation100" time="0.0"/>
  <testcase classname="LeadCreation.Leadcreation" name="Customercreation100" time="0.001"/>
  <testcase classname="LeadCreation.Leadcreation" name="Customercreation100" time="0.001"/>
  <testcase classname="LeadCreation.Leadcreation" name="Customercreation100" time="0.0"/>
  <testcase classname="LeadCreation.Leadcreation" name="Customercreation100" time="0.001"/>
  <testcase classname="LeadCreation.Leadcreation" name="Customercreation100" time="0.001"/>
  <testcase classname="LeadCreation.Leadcreation" name="Customercreation100" time="0.0"/>
  <testcase classname="LeadCreation.Leadcreation" name="Customercreation100" time="0.001"/>
  <testcase classname="LeadCreation.Leadcreation" name="Customercreation100" time="0.001"/>
  <testcase classname="LeadCreation.Leadcreation" name="Customercreation100" time="0.001"/>
  <testcase classname="LeadCreation.Leadcreation" name="Customercreation100" time="0.0"/>
  <testcase classname="LeadCreation.Leadcreation" name="Customercreation100" time="0.001"/>
  <testcase classname="LeadCreation.Leadcreation" name="Customercreation100" time="0.001"/>
  <testcase classname="LeadCreation.Leadcreation" name="Customercreation100" time="0.0"/>
  <testcase classname="LeadCreation.Leadcreation" name="Customercreation100" time="0.0"/>
  <testcase classname="LeadCreation.Leadcreation" name="Customercreation100" time="0.001"/>
  <testcase classname="LeadCreation.Leadcreation" name="Customercreation100" time="0.001"/>
  <testcase classname="LeadCreation.Leadcreation" name="Customercreation100" time="0.001"/>
  <testcase classname="LeadCreation.Leadcreation" name="Customercreation100" time="0.001"/>
  <testcase classname="LeadCreation.Leadcreation" name="Customercreation100" time="0.0"/>
  <testcase classname="LeadCreation.Leadcreation" name="Customercreation100" time="0.001"/>
  <testcase classname="LeadCreation.Leadcreation" name="Customercreation100" time="0.001"/>
  <testcase classname="LeadCreation.Leadcreation" name="Customercreation100" time="0.0"/>
  <testcase classname="LeadCreation.Leadcreation" name="Customercreation100" time="0.001"/>
  <testcase classname="LeadCreation.Leadcreation" name="Customercreation100" time="0.001"/>
  <testcase classname="LeadCreation.Leadcreation" name="Customercreation100" time="0.001"/>
  <testcase classname="LeadCreation.Leadcreation" name="Customercreation100" time="0.001"/>
  <testcase classname="LeadCreation.Leadcreation" name="Customercreation100" time="0.0"/>
  <testcase classname="LeadCreation.Leadcreation" name="Customercreation100" time="0.0"/>
  <testcase classname="LeadCreation.Leadcreation" name="Customercreation100" time="0.0"/>
  <testcase classname="LeadCreation.Leadcreation" name="Customercreation100" time="0.0"/>
  <testcase classname="LeadCreation.Leadcreation" name="Customercreation100" time="0.001"/>
  <testcase classname="LeadCreation.Leadcreation" name="Customercreation100" time="0.0"/>
  <testcase classname="LeadCreation.Leadcreation" name="Customercreation100" time="0.0"/>
  <testcase classname="LeadCreation.Leadcreation" name="Customercreation100" time="0.001"/>
  <testcase classname="LeadCreation.Leadcreation" name="Customercreation100" time="0.001"/>
  <testcase classname="LeadCreation.Leadcreation" name="Customercreation100" time="0.0"/>
  <testcase classname="LeadCreation.Leadcreation" name="Customercreation100" time="0.0"/>
  <testcase classname="LeadCreation.Leadcreation" name="Customercreation100" time="0.0"/>
  <testcase classname="LeadCreation.Leadcreation" name="Customercreation100" time="0.001"/>
  <testcase classname="LeadCreation.Leadcreation" name="Customercreation100" time="0.001"/>
  <testcase classname="LeadCreation.Leadcreation" name="Customercreation100" time="0.001"/>
  <testcase classname="LeadCreation.Leadcreation" name="Customercreation100" time="0.001"/>
  <testcase classname="LeadCreation.Leadcreation" name="Customercreation100" time="0.001"/>
  <testcase classname="LeadCreation.Leadcreation" name="Customercreation100" time="0.0"/>
  <testcase classname="LeadCreation.Leadcreation" name="Customercreation100" time="0.0"/>
  <testcase classname="LeadCreation.Leadcreation" name="Customercreation100" time="0.0"/>
  <testcase classname="LeadCreation.Leadcreation" name="Customercreation100" time="0.0"/>
  <testcase classname="LeadCreation.Leadcreation" name="Customercreation100" time="0.0"/>
  <testcase classname="LeadCreation.Leadcreation" name="Customercreation100" time="0.0"/>
  <testcase classname="LeadCreation.Leadcreation" name="Customercreation100" time="0.0"/>
  <testcase classname="LeadCreation.Leadcreation" name="Customercreation100" time="0.0"/>
  <testcase classname="LeadCreation.Leadcreation" name="Customercreation100" time="0.0"/>
  <testcase classname="LeadCreation.Leadcreation" name="Customercreation100" time="0.0"/>
  <testcase classname="LeadCreation.Leadcreation" name="Customercreation100" time="0.001"/>
  <testcase classname="LeadCreation.Leadcreation" name="Customercreation100" time="0.001"/>
  <testcase classname="LeadCreation.Leadcreation" name="Customercreation100" time="0.0"/>
  <testcase classname="LeadCreation.Leadcreation" name="Customercreation100" time="0.0"/>
  <testcase classname="LeadCreation.Leadcreation" name="Customercreation100" time="0.0"/>
  <testcase classname="LeadCreation.Leadcreation" name="Customercreation100" time="0.0"/>
  <testcase classname="LeadCreation.Leadcreation" name="Customercreation100" time="0.0"/>
  <testcase classname="LeadCreation.Leadcreation" name="Customercreation100" time="0.0"/>
  <testcase classname="LeadCreation.Leadcreation" name="Customercreation100" time="0.0"/>
  <testcase classname="LeadCreation.Leadcreation" name="Customercreation100" time="0.0"/>
  <testcase classname="LeadCreation.Leadcreation" name="Customercreation100" time="0.001"/>
  <testcase classname="LeadCreation.Leadcreation" name="Customercreation100" time="0.001"/>
  <testcase classname="LeadCreation.Leadcreation" name="Customercreation100" time="0.0"/>
  <testcase classname="LeadCreation.Leadcreation" name="Customercreation100" time="0.0"/>
  <testcase classname="LeadCreation.Leadcreation" name="Customercreation100" time="0.0"/>
  <testcase classname="LeadCreation.Leadcreation" name="Customercreation100" time="0.0"/>
  <testcase classname="LeadCreation.Leadcreation" name="Customercreation100" time="0.001"/>
  <testcase classname="LeadCreation.Leadcreation" name="Customercreation100" time="0.001"/>
  <testcase classname="LeadCreation.Leadcreation" name="Customercreation100" time="0.001"/>
  <testcase classname="LeadCreation.Leadcreation" name="Customercreation100" time="0.0"/>
  <testcase classname="LeadCreation.Leadcreation" name="Customercreation100" time="0.0"/>
  <testcase classname="LeadCreation.Leadcreation" name="Customercreation100" time="0.001"/>
  <testcase classname="LeadCreation.Leadcreation" name="Customercreation100" time="0.0"/>
  <testcase classname="LeadCreation.Leadcreation" name="Customercreation100" time="0.001"/>
  <testcase classname="LeadCreation.Leadcreation" name="Customercreation100" time="0.001"/>
  <testcase classname="LeadCreation.Leadcreation" name="Customercreation100" time="0.001"/>
  <testcase classname="LeadCreation.Leadcreation" name="Customercreation100" time="0.0"/>
  <testcase classname="LeadCreation.Leadcreation" name="Customercreation100" time="0.0"/>
  <testcase classname="LeadCreation.Leadcreation" name="Customercreation100" time="0.001"/>
  <testcase classname="LeadCreation.Leadcreation" name="Customercreation100" time="0.0"/>
  <testcase classname="LeadCreation.Leadcreation" name="Customercreation100" time="0.0"/>
  <testcase classname="LeadCreation.Leadcreation" name="Customercreation100" time="0.0"/>
  <testcase classname="LeadCreation.Leadcreation" name="Customercreation100" time="0.0"/>
  <testcase classname="LeadCreation.Leadcreation" name="Customercreation100" time="0.0"/>
  <testcase classname="LeadCreation.Leadcreation" name="Customercreation100" time="0.0"/>
  <testcase classname="LeadCreation.Leadcreation" name="Customercreation100" time="0.001"/>
  <testcase classname="LeadCreation.Leadcreation" name="Customercreation100" time="0.001"/>
  <testcase classname="LeadCreation.Leadcreation" name="Customercreation100" time="0.0"/>
  <testcase classname="LeadCreation.Leadcreation" name="Customercreation100" time="0.0"/>
  <testcase classname="LeadCreation.Leadcreation" name="Customercreation100" time="0.001"/>
  <testcase classname="LeadCreation.Leadcreation" name="Customercreation100" time="0.001"/>
  <testcase classname="LeadCreation.Leadcreation" name="Customercreation100" time="0.001"/>
  <testcase classname="LeadCreation.Leadcreation" name="Customercreation100" time="0.001"/>
  <testcase classname="LeadCreation.Leadcreation" name="Customercreation100" time="0.001"/>
  <testcase classname="LeadCreation.Leadcreation" name="Customercreation100" time="0.0"/>
  <testcase classname="LeadCreation.Leadcreation" name="Customercreation100" time="0.001"/>
  <testcase classname="LeadCreation.Leadcreation" name="Customercreation100" time="0.002"/>
  <testcase classname="LeadCreation.Leadcreation" name="Customercreation100" time="0.0"/>
  <testcase classname="LeadCreation.Leadcreation" name="Customercreation100" time="0.0"/>
  <testcase classname="LeadCreation.Leadcreation" name="Customercreation100" time="0.001"/>
  <testcase classname="LeadCreation.Leadcreation" name="Customercreation100" time="0.001"/>
  <testcase classname="LeadCreation.Leadcreation" name="Customercreation100" time="0.001"/>
  <testcase classname="LeadCreation.Leadcreation" name="Customercreation100" time="0.0"/>
  <testcase classname="LeadCreation.Leadcreation" name="Customercreation100" time="0.0"/>
  <testcase classname="LeadCreation.Leadcreation" name="Customercreation100" time="0.001"/>
  <testcase classname="LeadCreation.Leadcreation" name="Customercreation100" time="0.0"/>
  <testcase classname="LeadCreation.Leadcreation" name="Customercreation100" time="0.0"/>
  <testcase classname="LeadCreation.Leadcreation" name="Customercreation100" time="0.0"/>
  <testcase classname="LeadCreation.Leadcreation" name="Customercreation100" time="0.0"/>
  <testcase classname="LeadCreation.Leadcreation" name="Customercreation100" time="0.0"/>
  <testcase classname="LeadCreation.Leadcreation" name="Customercreation100" time="0.001"/>
  <testcase classname="LeadCreation.Leadcreation" name="Customercreation100" time="0.001"/>
  <testcase classname="LeadCreation.Leadcreation" name="Customercreation100" time="0.0"/>
  <testcase classname="LeadCreation.Leadcreation" name="Customercreation100" time="0.0"/>
  <testcase classname="LeadCreation.Leadcreation" name="Customercreation100" time="0.001"/>
  <testcase classname="LeadCreation.Leadcreation" name="Customercreation100" time="0.0"/>
  <testcase classname="LeadCreation.Leadcreation" name="Customercreation100" time="0.0"/>
  <testcase classname="LeadCreation.Leadcreation" name="Customercreation100" time="0.001"/>
  <testcase classname="LeadCreation.Leadcreation" name="Customercreation100" time="0.001"/>
  <testcase classname="LeadCreation.Leadcreation" name="Customercreation100" time="0.001"/>
  <testcase classname="LeadCreation.Leadcreation" name="Customercreation100" time="0.001"/>
  <testcase classname="LeadCreation.Leadcreation" name="Customercreation100" time="0.0"/>
  <testcase classname="LeadCreation.Leadcreation" name="Customercreation100" time="0.0"/>
  <testcase classname="LeadCreation.Leadcreation" name="Customercreation100" time="0.0"/>
  <testcase classname="LeadCreation.Leadcreation" name="Customercreation100" time="0.0"/>
  <testcase classname="LeadCreation.Leadcreation" name="Customercreation100" time="0.0"/>
  <testcase classname="LeadCreation.Leadcreation" name="Customercreation100" time="0.0"/>
  <testcase classname="LeadCreation.Leadcreation" name="Customercreation100" time="0.0"/>
  <testcase classname="LeadCreation.Leadcreation" name="Customercreation100" time="0.0"/>
  <testcase classname="LeadCreation.Leadcreation" name="Customercreation100" time="0.001"/>
  <testcase classname="LeadCreation.Leadcreation" name="Customercreation100" time="0.0"/>
  <testcase classname="LeadCreation.Leadcreation" name="Customercreation100" time="0.0"/>
  <testcase classname="LeadCreation.Leadcreation" name="Customercreation100" time="0.0"/>
  <testcase classname="LeadCreation.Leadcreation" name="Customercreation100" time="0.0"/>
  <testcase classname="LeadCreation.Leadcreation" name="Customercreation100" time="0.0"/>
  <testcase classname="LeadCreation.Leadcreation" name="Customercreation100" time="0.001"/>
  <testcase classname="LeadCreation.Leadcreation" name="Customercreation100" time="0.0"/>
  <testcase classname="LeadCreation.Leadcreation" name="Customercreation100" time="0.001"/>
  <testcase classname="LeadCreation.Leadcreation" name="Customercreation100" time="0.0"/>
  <testcase classname="LeadCreation.Leadcreation" name="Customercreation100" time="0.001"/>
  <testcase classname="LeadCreation.Leadcreation" name="Customercreation100" time="0.0"/>
  <testcase classname="LeadCreation.Leadcreation" name="Customercreation100" time="0.001"/>
  <testcase classname="LeadCreation.Leadcreation" name="Customercreation100" time="0.0"/>
  <testcase classname="LeadCreation.Leadcreation" name="Customercreation100" time="0.001"/>
  <testcase classname="LeadCreation.Leadcreation" name="Customercreation100" time="0.0"/>
  <testcase classname="LeadCreation.Leadcreation" name="Customercreation100" time="0.0"/>
  <testcase classname="LeadCreation.Leadcreation" name="Customercreation100" time="0.001"/>
  <testcase classname="LeadCreation.Leadcreation" name="Customercreation100" time="0.0"/>
  <testcase classname="LeadCreation.Leadcreation" name="Customercreation100" time="0.0"/>
  <testcase classname="LeadCreation.Leadcreation" name="Customercreation100" time="0.001"/>
  <testcase classname="LeadCreation.Leadcreation" name="Customercreation100" time="0.0"/>
  <testcase classname="LeadCreation.Leadcreation" name="Customercreation100" time="0.0"/>
  <testcase classname="LeadCreation.Leadcreation" name="Customercreation100" time="0.001"/>
  <testcase classname="LeadCreation.Leadcreation" name="Customercreation100" time="0.0"/>
  <testcase classname="LeadCreation.Leadcreation" name="Customercreation100" time="0.0"/>
  <testcase classname="LeadCreation.Leadcreation" name="Customercreation100" time="0.0"/>
  <testcase classname="LeadCreation.Leadcreation" name="Customercreation100" time="0.0"/>
  <testcase classname="LeadCreation.Leadcreation" name="Customercreation100" time="0.001"/>
  <testcase classname="LeadCreation.Leadcreation" name="Customercreation100" time="0.001"/>
  <testcase classname="LeadCreation.Leadcreation" name="Customercreation100" time="0.0"/>
  <testcase classname="LeadCreation.Leadcreation" name="Customercreation100" time="0.0"/>
  <testcase classname="LeadCreation.Leadcreation" name="Customercreation100" time="0.001"/>
  <testcase classname="LeadCreation.Leadcreation" name="Customercreation100" time="0.001"/>
  <testcase classname="LeadCreation.Leadcreation" name="Customercreation100" time="0.0"/>
  <testcase classname="LeadCreation.Leadcreation" name="Customercreation100" time="0.0"/>
  <testcase classname="LeadCreation.Leadcreation" name="Customercreation100" time="0.0"/>
  <testcase classname="LeadCreation.Leadcreation" name="Customercreation100" time="0.0"/>
  <testcase classname="LeadCreation.Leadcreation" name="Customercreation100" time="0.001"/>
  <testcase classname="LeadCreation.Leadcreation" name="Customercreation100" time="0.0"/>
  <testcase classname="LeadCreation.Leadcreation" name="Customercreation100" time="0.0"/>
  <testcase classname="LeadCreation.Leadcreation" name="Customercreation100" time="0.001"/>
  <testcase classname="LeadCreation.Leadcreation" name="Customercreation100" time="0.0"/>
  <testcase classname="LeadCreation.Leadcreation" name="Customercreation100" time="0.001"/>
  <testcase classname="LeadCreation.Leadcreation" name="Customercreation100" time="0.0"/>
  <testcase classname="LeadCreation.Leadcreation" name="Customercreation100" time="0.0"/>
  <testcase classname="LeadCreation.Leadcreation" name="Customercreation100" time="0.0"/>
  <testcase classname="LeadCreation.Leadcreation" name="Customercreation100" time="0.0"/>
  <testcase classname="LeadCreation.Leadcreation" name="Customercreation100" time="0.0"/>
  <testcase classname="LeadCreation.Leadcreation" name="Customercreation100" time="0.0"/>
  <testcase classname="LeadCreation.Leadcreation" name="Customercreation100" time="0.0"/>
  <testcase classname="LeadCreation.Leadcreation" name="Customercreation100" time="0.001"/>
  <testcase classname="LeadCreation.Leadcreation" name="Customercreation100" time="0.0"/>
  <testcase classname="LeadCreation.Leadcreation" name="Customercreation100" time="0.0"/>
  <testcase classname="LeadCreation.Leadcreation" name="Customercreation100" time="0.001"/>
  <testcase classname="LeadCreation.Leadcreation" name="Customercreation100" time="0.0"/>
  <testcase classname="LeadCreation.Leadcreation" name="Customercreation100" time="0.0"/>
  <testcase classname="LeadCreation.Leadcreation" name="Customercreation100" time="0.001"/>
  <testcase classname="LeadCreation.Leadcreation" name="Customercreation100" time="0.0"/>
  <testcase classname="LeadCreation.Leadcreation" name="Customercreation100" time="0.0"/>
  <testcase classname="LeadCreation.Leadcreation" name="Customercreation100" time="0.0"/>
  <testcase classname="LeadCreation.Leadcreation" name="Customercreation100" time="0.0"/>
  <testcase classname="LeadCreation.Leadcreation" name="Customercreation100" time="0.0"/>
  <testcase classname="LeadCreation.Leadcreation" name="Customercreation100" time="0.001"/>
  <testcase classname="LeadCreation.Leadcreation" name="Customercreation100" time="0.0"/>
  <testcase classname="LeadCreation.Leadcreation" name="Customercreation100" time="0.0"/>
  <testcase classname="LeadCreation.Leadcreation" name="Customercreation100" time="0.001"/>
  <testcase classname="LeadCreation.Leadcreation" name="Customercreation100" time="0.0"/>
  <testcase classname="LeadCreation.Leadcreation" name="Customercreation100" time="0.0"/>
  <testcase classname="LeadCreation.Leadcreation" name="Customercreation100" time="0.001"/>
  <testcase classname="LeadCreation.Leadcreation" name="Customercreation100" time="0.0"/>
  <testcase classname="LeadCreation.Leadcreation" name="Customercreation100" time="0.0"/>
  <testcase classname="LeadCreation.Leadcreation" name="Customercreation100" time="0.0"/>
  <testcase classname="LeadCreation.Leadcreation" name="Customercreation100" time="0.0"/>
  <testcase classname="LeadCreation.Leadcreation" name="Customercreation100" time="0.001"/>
  <testcase classname="LeadCreation.Leadcreation" name="Customercreation100" time="0.0"/>
  <testcase classname="LeadCreation.Leadcreation" name="Customercreation100" time="0.0"/>
  <testcase classname="LeadCreation.Leadcreation" name="Customercreation100" time="0.0"/>
  <testcase classname="LeadCreation.Leadcreation" name="Customercreation100" time="0.001"/>
  <testcase classname="LeadCreation.Leadcreation" name="Customercreation100" time="0.0"/>
  <testcase classname="LeadCreation.Leadcreation" name="Customercreation100" time="0.0"/>
  <testcase classname="LeadCreation.Leadcreation" name="Customercreation100" time="0.0"/>
  <testcase classname="LeadCreation.Leadcreation" name="Customercreation100" time="0.0"/>
  <testcase classname="LeadCreation.Leadcreation" name="Customercreation100" time="0.0"/>
  <testcase classname="LeadCreation.Leadcreation" name="Customercreation100" time="0.0"/>
  <testcase classname="LeadCreation.Leadcreation" name="Customercreation100" time="0.0"/>
  <testcase classname="LeadCreation.Leadcreation" name="Customercreation100" time="0.001"/>
  <testcase classname="LeadCreation.Leadcreation" name="Customercreation100" time="0.0"/>
  <testcase classname="LeadCreation.Leadcreation" name="Customercreation100" time="0.0"/>
  <testcase classname="LeadCreation.Leadcreation" name="Customercreation100" time="0.001"/>
  <testcase classname="LeadCreation.Leadcreation" name="Customercreation100" time="0.0"/>
  <testcase classname="LeadCreation.Leadcreation" name="Customercreation100" time="0.001"/>
  <testcase classname="LeadCreation.Leadcreation" name="Customercreation100" time="0.0"/>
  <testcase classname="LeadCreation.Leadcreation" name="Customercreation100" time="0.0"/>
  <testcase classname="LeadCreation.Leadcreation" name="Customercreation100" time="0.0"/>
  <testcase classname="LeadCreation.Leadcreation" name="Customercreation100" time="0.0"/>
  <testcase classname="LeadCreation.Leadcreation" name="Customercreation100" time="0.0"/>
  <testcase classname="LeadCreation.Leadcreation" name="Customercreation100" time="0.001"/>
  <testcase classname="LeadCreation.Leadcreation" name="Customercreation100" time="0.0"/>
  <testcase classname="LeadCreation.Leadcreation" name="Customercreation100" time="0.0"/>
  <testcase classname="LeadCreation.Leadcreation" name="Customercreation100" time="0.0"/>
  <testcase classname="LeadCreation.Leadcreation" name="Customercreation100" time="0.0"/>
  <testcase classname="LeadCreation.Leadcreation" name="Customercreation100" time="0.0"/>
  <testcase classname="LeadCreation.Leadcreation" name="Customercreation100" time="0.0"/>
  <testcase classname="LeadCreation.Leadcreation" name="Customercreation100" time="0.0"/>
  <testcase classname="LeadCreation.Leadcreation" name="Customercreation100" time="0.0"/>
  <testcase classname="LeadCreation.Leadcreation" name="Customercreation100" time="0.0"/>
  <testcase classname="LeadCreation.Leadcreation" name="Customercreation100" time="0.001"/>
  <testcase classname="LeadCreation.Leadcreation" name="Customercreation100" time="0.0"/>
  <testcase classname="LeadCreation.Leadcreation" name="Customercreation100" time="0.0"/>
  <testcase classname="LeadCreation.Leadcreation" name="Customercreation100" time="0.001"/>
  <testcase classname="LeadCreation.Leadcreation" name="Customercreation100" time="0.0"/>
  <testcase classname="LeadCreation.Leadcreation" name="Customercreation100" time="0.001"/>
  <testcase classname="LeadCreation.Leadcreation" name="Customercreation100" time="0.0"/>
  <testcase classname="LeadCreation.Leadcreation" name="Customercreation100" time="0.0"/>
  <testcase classname="LeadCreation.Leadcreation" name="Customercreation100" time="0.0"/>
  <testcase classname="LeadCreation.Leadcreation" name="Customercreation100" time="0.0"/>
  <testcase classname="LeadCreation.Leadcreation" name="Customercreation100" time="0.0"/>
  <testcase classname="LeadCreation.Leadcreation" name="Customercreation100" time="0.0"/>
  <testcase classname="LeadCreation.Leadcreation" name="Customercreation100" time="0.001"/>
  <testcase classname="LeadCreation.Leadcreation" name="Customercreation100" time="0.0"/>
  <testcase classname="LeadCreation.Leadcreation" name="Customercreation100" time="0.0"/>
  <testcase classname="LeadCreation.Leadcreation" name="Customercreation100" time="0.0"/>
  <testcase classname="LeadCreation.Leadcreation" name="Customercreation100" time="0.0"/>
  <testcase classname="LeadCreation.Leadcreation" name="Customercreation100" time="0.0"/>
  <testcase classname="LeadCreation.Leadcreation" name="Customercreation100" time="0.0"/>
  <testcase classname="LeadCreation.Leadcreation" name="Customercreation100" time="0.0"/>
  <testcase classname="LeadCreation.Leadcreation" name="Customercreation100" time="0.001"/>
  <testcase classname="LeadCreation.Leadcreation" name="Customercreation100" time="0.0"/>
  <testcase classname="LeadCreation.Leadcreation" name="Customercreation100" time="0.0"/>
  <testcase classname="LeadCreation.Leadcreation" name="Customercreation100" time="0.0"/>
  <testcase classname="LeadCreation.Leadcreation" name="Customercreation100" time="0.0"/>
  <testcase classname="LeadCreation.Leadcreation" name="Customercreation100" time="0.0"/>
  <testcase classname="LeadCreation.Leadcreation" name="Customercreation100" time="0.0"/>
  <testcase classname="LeadCreation.Leadcreation" name="Customercreation100" time="0.0"/>
  <testcase classname="LeadCreation.Leadcreation" name="Customercreation100" time="0.0"/>
  <testcase classname="LeadCreation.Leadcreation" name="Customercreation100" time="0.0"/>
  <testcase classname="LeadCreation.Leadcreation" name="Customercreation100" time="0.0"/>
  <testcase classname="LeadCreation.Leadcreation" name="Customercreation100" time="0.0"/>
  <testcase classname="LeadCreation.Leadcreation" name="Customercreation100" time="0.0"/>
  <testcase classname="LeadCreation.Leadcreation" name="Customercreation100" time="0.0"/>
  <testcase classname="LeadCreation.Leadcreation" name="Customercreation100" time="0.0"/>
  <testcase classname="LeadCreation.Leadcreation" name="Customercreation100" time="0.0"/>
  <testcase classname="LeadCreation.Leadcreation" name="Customercreation100" time="0.0"/>
  <testcase classname="LeadCreation.Leadcreation" name="Customercreation100" time="0.0"/>
  <testcase classname="LeadCreation.Leadcreation" name="Customercreation100" time="0.0"/>
  <testcase classname="LeadCreation.Leadcreation" name="Customercreation100" time="0.0"/>
  <testcase classname="LeadCreation.Leadcreation" name="Customercreation100" time="0.0"/>
  <testcase classname="LeadCreation.Leadcreation" name="Customercreation100" time="0.0"/>
  <testcase classname="LeadCreation.Leadcreation" name="Customercreation100" time="0.0"/>
  <testcase classname="LeadCreation.Leadcreation" name="Customercreation100" time="0.001"/>
  <testcase classname="LeadCreation.Leadcreation" name="Customercreation100" time="0.0"/>
  <testcase classname="LeadCreation.Leadcreation" name="Customercreation100" time="0.001"/>
  <testcase classname="LeadCreation.Leadcreation" name="Customercreation100" time="0.0"/>
  <testcase classname="LeadCreation.Leadcreation" name="Customercreation100" time="0.0"/>
  <testcase classname="LeadCreation.Leadcreation" name="Customercreation100" time="0.0"/>
  <testcase classname="LeadCreation.Leadcreation" name="Customercreation100" time="0.0"/>
  <testcase classname="LeadCreation.Leadcreation" name="Customercreation100" time="0.0"/>
  <testcase classname="LeadCreation.Leadcreation" name="Customercreation100" time="0.0"/>
  <testcase classname="LeadCreation.Leadcreation" name="Customercreation100" time="0.0"/>
  <testcase classname="LeadCreation.Leadcreation" name="Customercreation100" time="0.0"/>
  <testcase classname="LeadCreation.Leadcreation" name="Customercreation100" time="0.001"/>
  <testcase classname="LeadCreation.Leadcreation" name="Customercreation100" time="0.0"/>
  <testcase classname="LeadCreation.Leadcreation" name="Customercreation100" time="0.0"/>
  <testcase classname="LeadCreation.Leadcreation" name="Customercreation100" time="0.0"/>
  <testcase classname="LeadCreation.Leadcreation" name="Customercreation100" time="0.001"/>
  <testcase classname="LeadCreation.Leadcreation" name="Customercreation100" time="0.0"/>
  <testcase classname="LeadCreation.Leadcreation" name="Customercreation100" time="0.0"/>
  <testcase classname="LeadCreation.Leadcreation" name="Customercreation100" time="0.0"/>
  <testcase classname="LeadCreation.Leadcreation" name="Customercreation100" time="0.0"/>
  <testcase classname="LeadCreation.Leadcreation" name="Customercreation100" time="0.0"/>
  <testcase classname="LeadCreation.Leadcreation" name="Customercreation100" time="0.0"/>
  <testcase classname="LeadCreation.Leadcreation" name="Customercreation100" time="0.001"/>
  <testcase classname="LeadCreation.Leadcreation" name="Customercreation100" time="0.0"/>
  <testcase classname="LeadCreation.Leadcreation" name="Customercreation100" time="0.001"/>
  <testcase classname="LeadCreation.Leadcreation" name="Customercreation100" time="0.0"/>
  <testcase classname="LeadCreation.Leadcreation" name="Customercreation100" time="0.0"/>
  <testcase classname="LeadCreation.Leadcreation" name="Customercreation100" time="0.0"/>
  <testcase classname="LeadCreation.Leadcreation" name="Customercreation100" time="0.0"/>
  <testcase classname="LeadCreation.Leadcreation" name="Customercreation100" time="0.001"/>
  <testcase classname="LeadCreation.Leadcreation" name="Customercreation100" time="0.0"/>
  <testcase classname="LeadCreation.Leadcreation" name="Customercreation100" time="0.0"/>
  <testcase classname="LeadCreation.Leadcreation" name="Customercreation100" time="0.0"/>
  <testcase classname="LeadCreation.Leadcreation" name="Customercreation100" time="0.0"/>
  <testcase classname="LeadCreation.Leadcreation" name="Customercreation100" time="0.001"/>
  <testcase classname="LeadCreation.Leadcreation" name="Customercreation100" time="0.0"/>
  <testcase classname="LeadCreation.Leadcreation" name="Customercreation100" time="0.001"/>
  <testcase classname="LeadCreation.Leadcreation" name="Customercreation100" time="0.0"/>
  <testcase classname="LeadCreation.Leadcreation" name="Customercreation100" time="0.001"/>
  <testcase classname="LeadCreation.Leadcreation" name="Customercreation100" time="0.0"/>
  <testcase classname="LeadCreation.Leadcreation" name="Customercreation100" time="0.0"/>
  <testcase classname="LeadCreation.Leadcreation" name="Customercreation100" time="0.0"/>
  <testcase classname="LeadCreation.Leadcreation" name="Customercreation100" time="0.0"/>
  <testcase classname="LeadCreation.Leadcreation" name="Customercreation100" time="0.001"/>
  <testcase classname="LeadCreation.Leadcreation" name="Customercreation100" time="0.0"/>
  <testcase classname="LeadCreation.Leadcreation" name="Customercreation100" time="0.0"/>
  <testcase classname="LeadCreation.Leadcreation" name="Customercreation100" time="0.001"/>
  <testcase classname="LeadCreation.Leadcreation" name="Customercreation100" time="0.0"/>
  <testcase classname="LeadCreation.Leadcreation" name="Customercreation100" time="0.0"/>
  <testcase classname="LeadCreation.Leadcreation" name="Customercreation100" time="0.0"/>
  <testcase classname="LeadCreation.Leadcreation" name="Customercreation100" time="0.0"/>
  <testcase classname="LeadCreation.Leadcreation" name="Customercreation100" time="0.0"/>
  <testcase classname="LeadCreation.Leadcreation" name="Customercreation100" time="0.0"/>
  <testcase classname="LeadCreation.Leadcreation" name="Customercreation100" time="0.001"/>
  <testcase classname="LeadCreation.Leadcreation" name="Customercreation100" time="0.0"/>
  <testcase classname="LeadCreation.Leadcreation" name="Customercreation100" time="0.0"/>
  <testcase classname="LeadCreation.Leadcreation" name="Customercreation100" time="0.0"/>
  <testcase classname="LeadCreation.Leadcreation" name="Customercreation100" time="0.0"/>
  <testcase classname="LeadCreation.Leadcreation" name="Customercreation100" time="0.0"/>
  <testcase classname="LeadCreation.Leadcreation" name="Customercreation100" time="0.0"/>
  <testcase classname="LeadCreation.Leadcreation" name="Customercreation100" time="0.0"/>
  <testcase classname="LeadCreation.Leadcreation" name="Customercreation100" time="0.001"/>
  <testcase classname="LeadCreation.Leadcreation" name="Customercreation100" time="0.0"/>
  <testcase classname="LeadCreation.Leadcreation" name="Customercreation100" time="0.0"/>
  <testcase classname="LeadCreation.Leadcreation" name="Customercreation100" time="0.0"/>
  <testcase classname="LeadCreation.Leadcreation" name="Customercreation100" time="0.0"/>
  <testcase classname="LeadCreation.Leadcreation" name="Customercreation100" time="0.001"/>
  <testcase classname="LeadCreation.Leadcreation" name="Customercreation100" time="0.0"/>
  <testcase classname="LeadCreation.Leadcreation" name="Customercreation100" time="0.0"/>
  <testcase classname="LeadCreation.Leadcreation" name="Customercreation100" time="0.0"/>
  <testcase classname="LeadCreation.Leadcreation" name="Customercreation100" time="0.0"/>
  <testcase classname="LeadCreation.Leadcreation" name="Customercreation100" time="0.0"/>
  <testcase classname="LeadCreation.Leadcreation" name="Customercreation100" time="0.0"/>
  <testcase classname="LeadCreation.Leadcreation" name="Customercreation100" time="0.0"/>
  <testcase classname="LeadCreation.Leadcreation" name="Customercreation100" time="0.0"/>
  <testcase classname="LeadCreation.Leadcreation" name="Customercreation100" time="0.0"/>
  <testcase classname="LeadCreation.Leadcreation" name="Customercreation100" time="0.0"/>
  <testcase classname="LeadCreation.Leadcreation" name="Customercreation100" time="0.0"/>
  <testcase classname="LeadCreation.Leadcreation" name="Customercreation100" time="0.0"/>
  <testcase classname="LeadCreation.Leadcreation" name="Customercreation100" time="0.0"/>
  <testcase classname="LeadCreation.Leadcreation" name="Customercreation100" time="0.0"/>
  <testcase classname="LeadCreation.Leadcreation" name="Customercreation100" time="0.0"/>
  <testcase classname="LeadCreation.Leadcreation" name="Customercreation100" time="0.0"/>
  <testcase classname="LeadCreation.Leadcreation" name="Customercreation100" time="0.001"/>
  <testcase classname="LeadCreation.Leadcreation" name="Customercreation100" time="0.0"/>
  <testcase classname="LeadCreation.Leadcreation" name="Customercreation100" time="0.0"/>
  <testcase classname="LeadCreation.Leadcreation" name="Customercreation100" time="0.0"/>
  <testcase classname="LeadCreation.Leadcreation" name="Customercreation100" time="0.0"/>
  <testcase classname="LeadCreation.Leadcreation" name="Customercreation100" time="0.0"/>
  <testcase classname="LeadCreation.Leadcreation" name="Customercreation100" time="0.0"/>
  <testcase classname="LeadCreation.Leadcreation" name="Customercreation100" time="0.0"/>
  <testcase classname="LeadCreation.Leadcreation" name="Customercreation100" time="0.0"/>
  <testcase classname="LeadCreation.Leadcreation" name="Customercreation100" time="0.0"/>
  <testcase classname="LeadCreation.Leadcreation" name="Customercreation100" time="0.001"/>
  <testcase classname="LeadCreation.Leadcreation" name="Customercreation100" time="0.0"/>
  <testcase classname="LeadCreation.Leadcreation" name="Customercreation100" time="0.0"/>
  <testcase classname="LeadCreation.Leadcreation" name="Customercreation100" time="0.0"/>
  <testcase classname="LeadCreation.Leadcreation" name="Customercreation100" time="0.0"/>
  <testcase classname="LeadCreation.Leadcreation" name="Customercreation100" time="0.001"/>
  <testcase classname="LeadCreation.Leadcreation" name="Customercreation100" time="0.0"/>
  <testcase classname="LeadCreation.Leadcreation" name="Customercreation100" time="0.0"/>
  <testcase classname="LeadCreation.Leadcreation" name="Customercreation100" time="0.0"/>
  <testcase classname="LeadCreation.Leadcreation" name="Customercreation100" time="0.0"/>
  <testcase classname="LeadCreation.Leadcreation" name="Customercreation100" time="0.001"/>
  <testcase classname="LeadCreation.Leadcreation" name="Customercreation100" time="0.0"/>
  <testcase classname="LeadCreation.Leadcreation" name="Customercreation100" time="0.0"/>
  <testcase classname="LeadCreation.Leadcreation" name="Customercreation100" time="0.001"/>
  <testcase classname="LeadCreation.Leadcreation" name="Customercreation100" time="0.0"/>
  <testcase classname="LeadCreation.Leadcreation" name="Customercreation100" time="0.0"/>
  <testcase classname="LeadCreation.Leadcreation" name="Customercreation100" time="0.0"/>
  <testcase classname="LeadCreation.Leadcreation" name="Customercreation100" time="0.0"/>
  <testcase classname="LeadCreation.Leadcreation" name="Customercreation100" time="0.0"/>
  <testcase classname="LeadCreation.Leadcreation" name="Customercreation100" time="0.0"/>
  <testcase classname="LeadCreation.Leadcreation" name="Customercreation100" time="0.0"/>
  <testcase classname="LeadCreation.Leadcreation" name="Customercreation100" time="0.0"/>
  <testcase classname="LeadCreation.Leadcreation" name="Customercreation100" time="0.0"/>
  <testcase classname="LeadCreation.Leadcreation" name="Customercreation100" time="0.0"/>
  <testcase classname="LeadCreation.Leadcreation" name="Customercreation100" time="0.001"/>
  <testcase classname="LeadCreation.Leadcreation" name="Customercreation100" time="0.0"/>
  <testcase classname="LeadCreation.Leadcreation" name="Customercreation100" time="0.0"/>
  <testcase classname="LeadCreation.Leadcreation" name="Customercreation100" time="0.001"/>
  <testcase classname="LeadCreation.Leadcreation" name="Customercreation100" time="0.0"/>
  <testcase classname="LeadCreation.Leadcreation" name="Customercreation100" time="0.0"/>
  <testcase classname="LeadCreation.Leadcreation" name="Customercreation100" time="0.0"/>
  <testcase classname="LeadCreation.Leadcreation" name="Customercreation100" time="0.0"/>
  <testcase classname="LeadCreation.Leadcreation" name="Customercreation100" time="0.0"/>
  <testcase classname="LeadCreation.Leadcreation" name="Customercreation100" time="0.0"/>
  <testcase classname="LeadCreation.Leadcreation" name="Customercreation100" time="0.0"/>
  <testcase classname="LeadCreation.Leadcreation" name="Customercreation100" time="0.0"/>
  <testcase classname="LeadCreation.Leadcreation" name="Customercreation100" time="0.0"/>
  <testcase classname="LeadCreation.Leadcreation" name="Customercreation100" time="0.0"/>
  <testcase classname="LeadCreation.Leadcreation" name="Customercreation100" time="0.0"/>
  <testcase classname="LeadCreation.Leadcreation" name="Customercreation100" time="0.0"/>
  <testcase classname="LeadCreation.Leadcreation" name="Customercreation100" time="0.0"/>
  <testcase classname="LeadCreation.Leadcreation" name="Customercreation100" time="0.0"/>
  <testcase classname="LeadCreation.Leadcreation" name="Customercreation100" time="0.0"/>
  <testcase classname="LeadCreation.Leadcreation" name="Customercreation100" time="0.0"/>
  <testcase classname="LeadCreation.Leadcreation" name="Customercreation100" time="0.001"/>
  <testcase classname="LeadCreation.Leadcreation" name="Customercreation100" time="0.0"/>
  <testcase classname="LeadCreation.Leadcreation" name="Customercreation100" time="0.0"/>
  <testcase classname="LeadCreation.Leadcreation" name="Customercreation100" time="0.0"/>
  <testcase classname="LeadCreation.Leadcreation" name="Customercreation100" time="0.0"/>
  <testcase classname="LeadCreation.Leadcreation" name="Customercreation100" time="0.001"/>
  <testcase classname="LeadCreation.Leadcreation" name="Customercreation100" time="0.0"/>
  <testcase classname="LeadCreation.Leadcreation" name="Customercreation100" time="0.0"/>
  <testcase classname="LeadCreation.Leadcreation" name="Customercreation100" time="0.0"/>
  <testcase classname="LeadCreation.Leadcreation" name="Customercreation100" time="0.0"/>
  <testcase classname="LeadCreation.Leadcreation" name="Customercreation100" time="0.0"/>
  <testcase classname="LeadCreation.Leadcreation" name="Customercreation100" time="0.0"/>
  <testcase classname="LeadCreation.Leadcreation" name="Customercreation100" time="0.0"/>
  <testcase classname="LeadCreation.Leadcreation" name="Customercreation100" time="0.0"/>
  <testcase classname="LeadCreation.Leadcreation" name="Customercreation100" time="0.0"/>
  <testcase classname="LeadCreation.Leadcreation" name="Customercreation100" time="0.0"/>
  <testcase classname="LeadCreation.Leadcreation" name="Customercreation100" time="0.0"/>
  <testcase classname="LeadCreation.Leadcreation" name="Customercreation100" time="0.0"/>
  <testcase classname="LeadCreation.Leadcreation" name="Customercreation100" time="0.0"/>
  <testcase classname="LeadCreation.Leadcreation" name="Customercreation100" time="0.0"/>
  <testcase classname="LeadCreation.Leadcreation" name="Customercreation100" time="0.0"/>
  <testcase classname="LeadCreation.Leadcreation" name="Customercreation100" time="0.0"/>
  <testcase classname="LeadCreation.Leadcreation" name="Customercreation100" time="0.0"/>
  <testcase classname="LeadCreation.Leadcreation" name="Customercreation100" time="0.0"/>
  <testcase classname="LeadCreation.Leadcreation" name="Customercreation100" time="0.0"/>
  <testcase classname="LeadCreation.Leadcreation" name="Customercreation100" time="0.0"/>
  <testcase classname="LeadCreation.Leadcreation" name="Customercreation100" time="0.0"/>
  <testcase classname="LeadCreation.Leadcreation" name="Customercreation100" time="0.0"/>
  <testcase classname="LeadCreation.Leadcreation" name="Customercreation100" time="0.0"/>
  <testcase classname="LeadCreation.Leadcreation" name="Customercreation100" time="0.0"/>
  <testcase classname="LeadCreation.Leadcreation" name="Customercreation100" time="0.0"/>
  <testcase classname="LeadCreation.Leadcreation" name="Customercreation100" time="0.0"/>
  <testcase classname="LeadCreation.Leadcreation" name="Customercreation100" time="0.0"/>
  <testcase classname="LeadCreation.Leadcreation" name="Customercreation100" time="0.0"/>
  <testcase classname="LeadCreation.Leadcreation" name="Customercreation100" time="0.0"/>
  <testcase classname="LeadCreation.Leadcreation" name="Customercreation100" time="0.001"/>
  <testcase classname="LeadCreation.Leadcreation" name="Customercreation100" time="0.0"/>
  <testcase classname="LeadCreation.Leadcreation" name="Customercreation100" time="0.0"/>
  <testcase classname="LeadCreation.Leadcreation" name="Customercreation100" time="0.0"/>
  <testcase classname="LeadCreation.Leadcreation" name="Customercreation100" time="0.0"/>
  <testcase classname="LeadCreation.Leadcreation" name="Customercreation100" time="0.0"/>
  <testcase classname="LeadCreation.Leadcreation" name="Customercreation100" time="0.0"/>
  <testcase classname="LeadCreation.Leadcreation" name="Customercreation100" time="0.001"/>
  <testcase classname="LeadCreation.Leadcreation" name="Customercreation100" time="0.0"/>
  <testcase classname="LeadCreation.Leadcreation" name="Customercreation100" time="0.0"/>
  <testcase classname="LeadCreation.Leadcreation" name="Customercreation100" time="0.0"/>
  <testcase classname="LeadCreation.Leadcreation" name="Customercreation100" time="0.0"/>
  <testcase classname="LeadCreation.Leadcreation" name="Customercreation100" time="0.0"/>
  <testcase classname="LeadCreation.Leadcreation" name="Customercreation100" time="0.0"/>
  <testcase classname="LeadCreation.Leadcreation" name="Customercreation100" time="0.0"/>
  <testcase classname="LeadCreation.Leadcreation" name="Customercreation100" time="0.0"/>
  <testcase classname="LeadCreation.Leadcreation" name="Customercreation100" time="0.0"/>
  <testcase classname="LeadCreation.Leadcreation" name="Customercreation100" time="0.0"/>
  <testcase classname="LeadCreation.Leadcreation" name="Customercreation100" time="0.0"/>
  <testcase classname="LeadCreation.Leadcreation" name="Customercreation100" time="0.0"/>
  <testcase classname="LeadCreation.Leadcreation" name="Customercreation100" time="0.0"/>
  <testcase classname="LeadCreation.Leadcreation" name="Customercreation100" time="0.0"/>
  <testcase classname="LeadCreation.Leadcreation" name="Customercreation100" time="0.0"/>
  <testcase classname="LeadCreation.Leadcreation" name="Customercreation100" time="0.0"/>
  <testcase classname="LeadCreation.Leadcreation" name="Customercreation100" time="0.0"/>
  <testcase classname="LeadCreation.Leadcreation" name="Customercreation100" time="0.0"/>
  <testcase classname="LeadCreation.Leadcreation" name="Customercreation100" time="0.0"/>
  <testcase classname="LeadCreation.Leadcreation" name="Customercreation100" time="0.0"/>
  <testcase classname="LeadCreation.Leadcreation" name="Customercreation100" time="0.0"/>
  <testcase classname="LeadCreation.Leadcreation" name="Customercreation100" time="0.0"/>
  <testcase classname="LeadCreation.Leadcreation" name="Customercreation100" time="0.0"/>
  <testcase classname="LeadCreation.Leadcreation" name="Customercreation100" time="0.0"/>
  <testcase classname="LeadCreation.Leadcreation" name="Customercreation100" time="0.0"/>
  <testcase classname="LeadCreation.Leadcreation" name="Customercreation100" time="0.001"/>
  <testcase classname="LeadCreation.Leadcreation" name="Customercreation100" time="0.0"/>
  <testcase classname="LeadCreation.Leadcreation" name="Customercreation100" time="0.001"/>
  <testcase classname="LeadCreation.Leadcreation" name="Customercreation100" time="0.0"/>
  <testcase classname="LeadCreation.Leadcreation" name="Customercreation100" time="0.0"/>
  <testcase classname="LeadCreation.Leadcreation" name="Customercreation100" time="0.001"/>
  <testcase classname="LeadCreation.Leadcreation" name="Customercreation100" time="0.0"/>
  <testcase classname="LeadCreation.Leadcreation" name="Customercreation100" time="0.0"/>
  <testcase classname="LeadCreation.Leadcreation" name="Customercreation100" time="0.0"/>
  <testcase classname="LeadCreation.Leadcreation" name="Customercreation100" time="0.001"/>
  <testcase classname="LeadCreation.Leadcreation" name="Customercreation100" time="0.0"/>
  <testcase classname="LeadCreation.Leadcreation" name="Customercreation100" time="0.0"/>
  <testcase classname="LeadCreation.Leadcreation" name="Customercreation100" time="0.001"/>
  <testcase classname="LeadCreation.Leadcreation" name="Customercreation100" time="0.0"/>
  <testcase classname="LeadCreation.Leadcreation" name="Customercreation100" time="0.0"/>
  <testcase classname="LeadCreation.Leadcreation" name="Customercreation100" time="0.001"/>
  <testcase classname="LeadCreation.Leadcreation" name="Customercreation100" time="0.0"/>
  <testcase classname="LeadCreation.Leadcreation" name="Customercreation100" time="0.0"/>
  <testcase classname="LeadCreation.Leadcreation" name="Customercreation100" time="0.001"/>
  <testcase classname="LeadCreation.Leadcreation" name="Customercreation100" time="0.0"/>
  <testcase classname="LeadCreation.Leadcreation" name="Customercreation100" time="0.0"/>
  <testcase classname="LeadCreation.Leadcreation" name="Customercreation100" time="0.0"/>
  <testcase classname="LeadCreation.Leadcreation" name="Customercreation100" time="0.001"/>
  <testcase classname="LeadCreation.Leadcreation" name="Customercreation100" time="0.0"/>
  <testcase classname="LeadCreation.Leadcreation" name="Customercreation100" time="0.0"/>
  <testcase classname="LeadCreation.Leadcreation" name="Customercreation100" time="0.0"/>
  <testcase classname="LeadCreation.Leadcreation" name="Customercreation100" time="0.0"/>
  <testcase classname="LeadCreation.Leadcreation" name="Customercreation100" time="0.001"/>
  <testcase classname="LeadCreation.Leadcreation" name="Customercreation100" time="0.0"/>
  <testcase classname="LeadCreation.Leadcreation" name="Customercreation100" time="0.0"/>
  <testcase classname="LeadCreation.Leadcreation" name="Customercreation100" time="0.001"/>
  <testcase classname="LeadCreation.Leadcreation" name="Customercreation100" time="0.0"/>
  <testcase classname="LeadCreation.Leadcreation" name="Customercreation100" time="0.0"/>
  <testcase classname="LeadCreation.Leadcreation" name="Customercreation100" time="0.001"/>
  <testcase classname="LeadCreation.Leadcreation" name="Customercreation100" time="0.0"/>
  <testcase classname="LeadCreation.Leadcreation" name="Customercreation100" time="0.0"/>
  <testcase classname="LeadCreation.Leadcreation" name="Customercreation100" time="0.001"/>
  <testcase classname="LeadCreation.Leadcreation" name="Customercreation100" time="0.0"/>
  <testcase classname="LeadCreation.Leadcreation" name="Customercreation100" time="0.0"/>
  <testcase classname="LeadCreation.Leadcreation" name="Customercreation100" time="0.001"/>
  <testcase classname="LeadCreation.Leadcreation" name="Customercreation100" time="0.0"/>
  <testcase classname="LeadCreation.Leadcreation" name="Customercreation100" time="0.0"/>
  <testcase classname="LeadCreation.Leadcreation" name="Customercreation100" time="0.0"/>
  <testcase classname="LeadCreation.Leadcreation" name="Customercreation100" time="0.0"/>
  <testcase classname="LeadCreation.Leadcreation" name="Customercreation100" time="0.0"/>
  <testcase classname="LeadCreation.Leadcreation" name="Customercreation100" time="0.0"/>
  <testcase classname="LeadCreation.Leadcreation" name="Customercreation100" time="0.0"/>
  <testcase classname="LeadCreation.Leadcreation" name="Customercreation100" time="0.0"/>
  <testcase classname="LeadCreation.Leadcreation" name="Customercreation100" time="0.0"/>
  <testcase classname="LeadCreation.Leadcreation" name="Customercreation100" time="0.0"/>
  <testcase classname="LeadCreation.Leadcreation" name="Customercreation100" time="0.001"/>
  <testcase classname="LeadCreation.Leadcreation" name="Customercreation100" time="0.0"/>
  <testcase classname="LeadCreation.Leadcreation" name="Customercreation100" time="0.0"/>
  <testcase classname="LeadCreation.Leadcreation" name="Customercreation100" time="0.0"/>
  <testcase classname="LeadCreation.Leadcreation" name="Customercreation100" time="0.0"/>
  <testcase classname="LeadCreation.Leadcreation" name="Customercreation100" time="0.0"/>
  <testcase classname="LeadCreation.Leadcreation" name="Customercreation100" time="0.001"/>
  <testcase classname="LeadCreation.Leadcreation" name="Customercreation100" time="0.0"/>
  <testcase classname="LeadCreation.Leadcreation" name="Customercreation100" time="0.0"/>
  <testcase classname="LeadCreation.Leadcreation" name="Customercreation100" time="0.001"/>
  <testcase classname="LeadCreation.Leadcreation" name="Customercreation100" time="0.0"/>
  <testcase classname="LeadCreation.Leadcreation" name="Customercreation100" time="0.0"/>
  <testcase classname="LeadCreation.Leadcreation" name="Customercreation100" time="0.0"/>
  <testcase classname="LeadCreation.Leadcreation" name="Customercreation100" time="0.0"/>
  <testcase classname="LeadCreation.Leadcreation" name="Customercreation100" time="0.0"/>
  <testcase classname="LeadCreation.Leadcreation" name="Customercreation100" time="0.0"/>
  <testcase classname="LeadCreation.Leadcreation" name="Customercreation100" time="0.0"/>
  <testcase classname="LeadCreation.Leadcreation" name="Customercreation100" time="0.0"/>
  <testcase classname="LeadCreation.Leadcreation" name="Customercreation100" time="0.0"/>
  <testcase classname="LeadCreation.Leadcreation" name="Customercreation100" time="0.0"/>
  <testcase classname="LeadCreation.Leadcreation" name="Customercreation100" time="0.0"/>
  <testcase classname="LeadCreation.Leadcreation" name="Customercreation100" time="0.0"/>
  <testcase classname="LeadCreation.Leadcreation" name="Customercreation100" time="0.0"/>
  <testcase classname="LeadCreation.Leadcreation" name="Customercreation100" time="0.0"/>
  <testcase classname="LeadCreation.Leadcreation" name="Customercreation100" time="0.001"/>
  <testcase classname="LeadCreation.Leadcreation" name="Customercreation100" time="0.0"/>
  <testcase classname="LeadCreation.Leadcreation" name="Customercreation100" time="0.0"/>
  <testcase classname="LeadCreation.Leadcreation" name="Customercreation100" time="0.0"/>
  <testcase classname="LeadCreation.Leadcreation" name="Customercreation100" time="0.0"/>
  <testcase classname="LeadCreation.Leadcreation" name="Customercreation100" time="0.0"/>
  <testcase classname="LeadCreation.Leadcreation" name="Customercreation100" time="0.0"/>
  <testcase classname="LeadCreation.Leadcreation" name="Customercreation100" time="0.001"/>
  <testcase classname="LeadCreation.Leadcreation" name="Customercreation100" time="0.0"/>
  <testcase classname="LeadCreation.Leadcreation" name="Customercreation100" time="0.0"/>
  <testcase classname="LeadCreation.Leadcreation" name="Customercreation100" time="0.001"/>
  <testcase classname="LeadCreation.Leadcreation" name="Customercreation100" time="0.0"/>
  <testcase classname="LeadCreation.Leadcreation" name="Customercreation100" time="0.0"/>
  <testcase classname="LeadCreation.Leadcreation" name="Customercreation100" time="0.0"/>
  <testcase classname="LeadCreation.Leadcreation" name="Customercreation100" time="0.0"/>
  <testcase classname="LeadCreation.Leadcreation" name="Customercreation100" time="0.0"/>
  <testcase classname="LeadCreation.Leadcreation" name="Customercreation100" time="0.001"/>
  <testcase classname="LeadCreation.Leadcreation" name="Customercreation100" time="0.0"/>
  <testcase classname="LeadCreation.Leadcreation" name="Customercreation100" time="0.0"/>
  <testcase classname="LeadCreation.Leadcreation" name="Customercreation100" time="0.001"/>
  <testcase classname="LeadCreation.Leadcreation" name="Customercreation100" time="0.0"/>
  <testcase classname="LeadCreation.Leadcreation" name="Customercreation100" time="0.0"/>
  <testcase classname="LeadCreation.Leadcreation" name="Customercreation100" time="0.001"/>
  <testcase classname="LeadCreation.Leadcreation" name="Customercreation100" time="0.0"/>
  <testcase classname="LeadCreation.Leadcreation" name="Customercreation100" time="0.0"/>
  <testcase classname="LeadCreation.Leadcreation" name="Customercreation100" time="0.0"/>
  <testcase classname="LeadCreation.Leadcreation" name="Customercreation100" time="0.001"/>
  <testcase classname="LeadCreation.Leadcreation" name="Customercreation100" time="0.0"/>
  <testcase classname="LeadCreation.Leadcreation" name="Customercreation100" time="0.0"/>
  <testcase classname="LeadCreation.Leadcreation" name="Customercreation100" time="0.0"/>
  <testcase classname="LeadCreation.Leadcreation" name="Customercreation100" time="0.001"/>
  <testcase classname="LeadCreation.Leadcreation" name="Customercreation100" time="0.0"/>
  <testcase classname="LeadCreation.Leadcreation" name="Customercreation100" time="0.0"/>
  <testcase classname="LeadCreation.Leadcreation" name="Customercreation100" time="0.0"/>
  <testcase classname="LeadCreation.Leadcreation" name="Customercreation100" time="0.0"/>
  <testcase classname="LeadCreation.Leadcreation" name="Customercreation100" time="0.0"/>
  <testcase classname="LeadCreation.Leadcreation" name="Customercreation100" time="0.0"/>
  <testcase classname="LeadCreation.Leadcreation" name="Customercreation100" time="0.0"/>
  <testcase classname="LeadCreation.Leadcreation" name="Customercreation100" time="0.0"/>
  <testcase classname="LeadCreation.Leadcreation" name="Customercreation100" time="0.0"/>
  <testcase classname="LeadCreation.Leadcreation" name="Customercreation100" time="0.0"/>
  <testcase classname="LeadCreation.Leadcreation" name="Customercreation100" time="0.001"/>
  <testcase classname="LeadCreation.Leadcreation" name="Customercreation100" time="0.0"/>
  <testcase classname="LeadCreation.Leadcreation" name="Customercreation100" time="0.0"/>
  <testcase classname="LeadCreation.Leadcreation" name="Customercreation100" time="0.001"/>
  <testcase classname="LeadCreation.Leadcreation" name="Customercreation100" time="0.0"/>
  <testcase classname="LeadCreation.Leadcreation" name="Customercreation100" time="0.0"/>
  <testcase classname="LeadCreation.Leadcreation" name="Customercreation100" time="0.001"/>
  <testcase classname="LeadCreation.Leadcreation" name="Customercreation100" time="0.0"/>
  <testcase classname="LeadCreation.Leadcreation" name="Customercreation100" time="0.0"/>
  <testcase classname="LeadCreation.Leadcreation" name="Customercreation100" time="0.0"/>
  <testcase classname="LeadCreation.Leadcreation" name="Customercreation100" time="0.0"/>
  <testcase classname="LeadCreation.Leadcreation" name="Customercreation100" time="0.0"/>
  <testcase classname="LeadCreation.Leadcreation" name="Customercreation100" time="0.0"/>
  <testcase classname="LeadCreation.Leadcreation" name="Customercreation100" time="0.0"/>
  <testcase classname="LeadCreation.Leadcreation" name="Customercreation100" time="0.0"/>
  <testcase classname="LeadCreation.Leadcreation" name="Customercreation100" time="0.0"/>
  <testcase classname="LeadCreation.Leadcreation" name="Customercreation100" time="0.0"/>
  <testcase classname="LeadCreation.Leadcreation" name="Customercreation100" time="0.0"/>
  <testcase classname="LeadCreation.Leadcreation" name="Customercreation100" time="0.0"/>
  <testcase classname="LeadCreation.Leadcreation" name="Customercreation100" time="0.0"/>
  <testcase classname="LeadCreation.Leadcreation" name="Customercreation100" time="0.0"/>
  <testcase classname="LeadCreation.Leadcreation" name="Customercreation100" time="0.0"/>
  <testcase classname="LeadCreation.Leadcreation" name="Customercreation100" time="0.0"/>
  <testcase classname="LeadCreation.Leadcreation" name="Customercreation100" time="0.0"/>
  <testcase classname="LeadCreation.Leadcreation" name="Customercreation100" time="0.001"/>
  <testcase classname="LeadCreation.Leadcreation" name="Customercreation100" time="0.0"/>
  <testcase classname="LeadCreation.Leadcreation" name="Customercreation100" time="0.0"/>
  <testcase classname="LeadCreation.Leadcreation" name="Customercreation100" time="0.0"/>
  <testcase classname="LeadCreation.Leadcreation" name="Customercreation100" time="0.0"/>
  <testcase classname="LeadCreation.Leadcreation" name="Customercreation100" time="0.0"/>
  <testcase classname="LeadCreation.Leadcreation" name="Customercreation100" time="0.0"/>
  <testcase classname="LeadCreation.Leadcreation" name="Customercreation100" time="0.0"/>
  <testcase classname="LeadCreation.Leadcreation" name="Customercreation100" time="0.0"/>
  <testcase classname="LeadCreation.Leadcreation" name="Customercreation100" time="0.0"/>
  <testcase classname="LeadCreation.Leadcreation" name="Customercreation100" time="0.0"/>
  <testcase classname="LeadCreation.Leadcreation" name="Customercreation100" time="0.0"/>
  <testcase classname="LeadCreation.Leadcreation" name="Customercreation100" time="0.0"/>
  <testcase classname="LeadCreation.Leadcreation" name="Customercreation100" time="0.0"/>
  <testcase classname="LeadCreation.Leadcreation" name="Customercreation100" time="0.0"/>
  <testcase classname="LeadCreation.Leadcreation" name="Customercreation100" time="0.0"/>
  <testcase classname="LeadCreation.Leadcreation" name="Customercreation100" time="0.0"/>
  <testcase classname="LeadCreation.Leadcreation" name="Customercreation100" time="0.0"/>
  <testcase classname="LeadCreation.Leadcreation" name="Customercreation100" time="0.001"/>
  <testcase classname="LeadCreation.Leadcreation" name="Customercreation100" time="0.0"/>
  <testcase classname="LeadCreation.Leadcreation" name="Customercreation100" time="0.0"/>
  <testcase classname="LeadCreation.Leadcreation" name="Customercreation100" time="0.0"/>
  <testcase classname="LeadCreation.Leadcreation" name="Customercreation100" time="0.0"/>
  <testcase classname="LeadCreation.Leadcreation" name="Customercreation100" time="0.0"/>
  <testcase classname="LeadCreation.Leadcreation" name="Customercreation100" time="0.0"/>
  <testcase classname="LeadCreation.Leadcreation" name="Customercreation100" time="0.0"/>
  <testcase classname="LeadCreation.Leadcreation" name="Customercreation100" time="0.0"/>
  <testcase classname="LeadCreation.Leadcreation" name="Customercreation100" time="0.001"/>
  <testcase classname="LeadCreation.Leadcreation" name="Customercreation100" time="0.0"/>
  <testcase classname="LeadCreation.Leadcreation" name="Customercreation100" time="0.0"/>
  <testcase classname="LeadCreation.Leadcreation" name="Customercreation100" time="0.0"/>
  <testcase classname="LeadCreation.Leadcreation" name="Customercreation100" time="0.0"/>
  <testcase classname="LeadCreation.Leadcreation" name="Customercreation100" time="0.001"/>
  <testcase classname="LeadCreation.Leadcreation" name="Customercreation100" time="0.0"/>
  <testcase classname="LeadCreation.Leadcreation" name="Customercreation100" time="0.0"/>
  <testcase classname="LeadCreation.Leadcreation" name="Customercreation100" time="0.0"/>
  <testcase classname="LeadCreation.Leadcreation" name="Customercreation100" time="0.0"/>
  <testcase classname="LeadCreation.Leadcreation" name="Customercreation100" time="0.0"/>
  <testcase classname="LeadCreation.Leadcreation" name="Customercreation100" time="0.0"/>
  <testcase classname="LeadCreation.Leadcreation" name="Customercreation100" time="0.0"/>
  <testcase classname="LeadCreation.Leadcreation" name="Customercreation100" time="0.0"/>
  <testcase classname="LeadCreation.Leadcreation" name="Customercreation100" time="0.0"/>
  <testcase classname="LeadCreation.Leadcreation" name="Customercreation100" time="0.0"/>
  <testcase classname="LeadCreation.Leadcreation" name="Customercreation100" time="0.0"/>
  <testcase classname="LeadCreation.Leadcreation" name="Customercreation100" time="0.0"/>
  <testcase classname="LeadCreation.Leadcreation" name="Customercreation100" time="0.0"/>
  <testcase classname="LeadCreation.Leadcreation" name="Customercreation100" time="0.0"/>
  <testcase classname="LeadCreation.Leadcreation" name="Customercreation100" time="0.0"/>
  <testcase classname="LeadCreation.Leadcreation" name="Customercreation100" time="0.0"/>
  <testcase classname="LeadCreation.Leadcreation" name="Customercreation100" time="0.0"/>
  <testcase classname="LeadCreation.Leadcreation" name="Customercreation100" time="0.0"/>
  <testcase classname="LeadCreation.Leadcreation" name="Customercreation100" time="0.0"/>
  <testcase classname="LeadCreation.Leadcreation" name="Customercreation100" time="0.001"/>
  <testcase classname="LeadCreation.Leadcreation" name="Customercreation100" time="0.0"/>
  <testcase classname="LeadCreation.Leadcreation" name="Customercreation100" time="0.0"/>
  <testcase classname="LeadCreation.Leadcreation" name="Customercreation100" time="0.0"/>
  <testcase classname="LeadCreation.Leadcreation" name="Customercreation100" time="0.0"/>
  <testcase classname="LeadCreation.Leadcreation" name="Customercreation100" time="0.0"/>
  <testcase classname="LeadCreation.Leadcreation" name="Customercreation100" time="0.0"/>
  <testcase classname="LeadCreation.Leadcreation" name="Customercreation100" time="0.0"/>
  <testcase classname="LeadCreation.Leadcreation" name="Customercreation100" time="0.0"/>
  <testcase classname="LeadCreation.Leadcreation" name="Customercreation100" time="0.0"/>
  <testcase classname="LeadCreation.Leadcreation" name="Customercreation100" time="0.0"/>
  <testcase classname="LeadCreation.Leadcreation" name="Customercreation100" time="0.0"/>
  <testcase classname="LeadCreation.Leadcreation" name="Customercreation100" time="0.0"/>
  <testcase classname="LeadCreation.Leadcreation" name="Customercreation100" time="0.0"/>
  <testcase classname="LeadCreation.Leadcreation" name="Customercreation100" time="0.0"/>
  <testcase classname="LeadCreation.Leadcreation" name="Customercreation100" time="0.0"/>
  <testcase classname="LeadCreation.Leadcreation" name="Customercreation100" time="0.0"/>
  <testcase classname="LeadCreation.Leadcreation" name="Customercreation100" time="0.001"/>
  <testcase classname="LeadCreation.Leadcreation" name="Customercreation100" time="0.0"/>
  <testcase classname="LeadCreation.Leadcreation" name="Customercreation100" time="0.0"/>
  <testcase classname="LeadCreation.Leadcreation" name="Customercreation100" time="0.0"/>
  <testcase classname="LeadCreation.Leadcreation" name="Customercreation100" time="0.0"/>
  <testcase classname="LeadCreation.Leadcreation" name="Customercreation100" time="0.001"/>
  <testcase classname="LeadCreation.Leadcreation" name="Customercreation100" time="0.0"/>
  <testcase classname="LeadCreation.Leadcreation" name="Customercreation100" time="0.0"/>
  <testcase classname="LeadCreation.Leadcreation" name="Customercreation100" time="0.0"/>
  <testcase classname="LeadCreation.Leadcreation" name="Customercreation100" time="0.0"/>
  <testcase classname="LeadCreation.Leadcreation" name="Customercreation100" time="0.0"/>
  <testcase classname="LeadCreation.Leadcreation" name="Customercreation100" time="0.0"/>
  <testcase classname="LeadCreation.Leadcreation" name="Customercreation100" time="0.0"/>
  <testcase classname="LeadCreation.Leadcreation" name="Customercreation100" time="0.0"/>
  <testcase classname="LeadCreation.Leadcreation" name="Customercreation100" time="0.001"/>
  <testcase classname="LeadCreation.Leadcreation" name="Customercreation100" time="0.0"/>
  <testcase classname="LeadCreation.Leadcreation" name="Customercreation100" time="0.0"/>
  <testcase classname="LeadCreation.Leadcreation" name="Customercreation100" time="0.001"/>
  <testcase classname="LeadCreation.Leadcreation" name="Customercreation100" time="0.0"/>
  <testcase classname="LeadCreation.Leadcreation" name="Customercreation100" time="0.0"/>
  <testcase classname="LeadCreation.Leadcreation" name="Customercreation100" time="0.0"/>
  <testcase classname="LeadCreation.Leadcreation" name="Customercreation100" time="0.0"/>
  <testcase classname="LeadCreation.Leadcreation" name="Customercreation100" time="0.0"/>
  <testcase classname="LeadCreation.Leadcreation" name="Customercreation100" time="0.0"/>
  <testcase classname="LeadCreation.Leadcreation" name="Customercreation100" time="0.0"/>
  <testcase classname="LeadCreation.Leadcreation" name="Customercreation100" time="0.0"/>
  <testcase classname="LeadCreation.Leadcreation" name="Customercreation100" time="0.0"/>
  <testcase classname="LeadCreation.Leadcreation" name="Customercreation100" time="0.0"/>
  <testcase classname="LeadCreation.Leadcreation" name="Customercreation100" time="0.0"/>
  <testcase classname="LeadCreation.Leadcreation" name="Customercreation100" time="0.0"/>
  <testcase classname="LeadCreation.Leadcreation" name="Customercreation100" time="0.0"/>
  <testcase classname="LeadCreation.Leadcreation" name="Customercreation100" time="0.0"/>
  <testcase classname="LeadCreation.Leadcreation" name="Customercreation100" time="0.0"/>
  <testcase classname="LeadCreation.Leadcreation" name="Customercreation100" time="0.0"/>
  <testcase classname="LeadCreation.Leadcreation" name="Customercreation100" time="0.0"/>
  <testcase classname="LeadCreation.Leadcreation" name="Customercreation100" time="0.0"/>
  <testcase classname="LeadCreation.Leadcreation" name="Customercreation100" time="0.0"/>
  <testcase classname="LeadCreation.Leadcreation" name="Customercreation100" time="0.0"/>
  <testcase classname="LeadCreation.Leadcreation" name="Customercreation100" time="0.0"/>
  <testcase classname="LeadCreation.Leadcreation" name="Customercreation100" time="0.0"/>
  <testcase classname="LeadCreation.Leadcreation" name="Customercreation100" time="0.0"/>
  <testcase classname="LeadCreation.Leadcreation" name="Customercreation100" time="0.0"/>
  <testcase classname="LeadCreation.Leadcreation" name="Customercreation100" time="0.0"/>
  <testcase classname="LeadCreation.Leadcreation" name="Customercreation100" time="0.0"/>
  <testcase classname="LeadCreation.Leadcreation" name="Customercreation100" time="0.0"/>
  <testcase classname="LeadCreation.Leadcreation" name="Customercreation100" time="0.0"/>
  <testcase classname="LeadCreation.Leadcreation" name="Customercreation100" time="0.0"/>
  <testcase classname="LeadCreation.Leadcreation" name="Customercreation100" time="0.0"/>
  <testcase classname="LeadCreation.Leadcreation" name="Customercreation100" time="0.0"/>
  <testcase classname="LeadCreation.Leadcreation" name="Customercreation100" time="0.0"/>
  <testcase classname="LeadCreation.Leadcreation" name="Customercreation100" time="0.0"/>
  <testcase classname="LeadCreation.Leadcreation" name="Customercreation100" time="0.0"/>
  <testcase classname="LeadCreation.Leadcreation" name="Customercreation100" time="0.0"/>
  <testcase classname="LeadCreation.Leadcreation" name="Customercreation100" time="0.0"/>
  <testcase classname="LeadCreation.Leadcreation" name="Customercreation100" time="0.0"/>
  <testcase classname="LeadCreation.Leadcreation" name="Customercreation100" time="0.0"/>
  <testcase classname="LeadCreation.Leadcreation" name="Customercreation100" time="0.0"/>
  <testcase classname="LeadCreation.Leadcreation" name="Customercreation100" time="0.0"/>
  <testcase classname="LeadCreation.Leadcreation" name="Customercreation100" time="0.0"/>
  <testcase classname="LeadCreation.Leadcreation" name="Customercreation100" time="0.0"/>
  <testcase classname="LeadCreation.Leadcreation" name="Customercreation100" time="0.0"/>
  <testcase classname="LeadCreation.Leadcreation" name="Customercreation100" time="0.0"/>
  <testcase classname="LeadCreation.Leadcreation" name="Customercreation100" time="0.0"/>
  <testcase classname="LeadCreation.Leadcreation" name="Customercreation100" time="0.0"/>
  <testcase classname="LeadCreation.Leadcreation" name="Customercreation100" time="0.0"/>
  <testcase classname="LeadCreation.Leadcreation" name="Customercreation100" time="0.0"/>
  <testcase classname="LeadCreation.Leadcreation" name="Customercreation100" time="0.0"/>
  <testcase classname="LeadCreation.Leadcreation" name="Customercreation100" time="0.0"/>
  <testcase classname="LeadCreation.Leadcreation" name="Customercreation100" time="0.0"/>
  <testcase classname="LeadCreation.Leadcreation" name="Customercreation100" time="0.001"/>
  <testcase classname="LeadCreation.Leadcreation" name="Customercreation100" time="0.0"/>
  <testcase classname="LeadCreation.Leadcreation" name="Customercreation100" time="0.0"/>
  <testcase classname="LeadCreation.Leadcreation" name="Customercreation100" time="0.0"/>
  <testcase classname="LeadCreation.Leadcreation" name="Customercreation100" time="0.0"/>
  <testcase classname="LeadCreation.Leadcreation" name="Customercreation100" time="0.0"/>
  <testcase classname="LeadCreation.Leadcreation" name="Customercreation100" time="0.0"/>
  <testcase classname="LeadCreation.Leadcreation" name="Customercreation100" time="0.0"/>
  <testcase classname="LeadCreation.Leadcreation" name="Customercreation100" time="0.0"/>
  <testcase classname="LeadCreation.Leadcreation" name="Customercreation100" time="0.0"/>
  <testcase classname="LeadCreation.Leadcreation" name="Customercreation100" time="0.0"/>
  <testcase classname="LeadCreation.Leadcreation" name="Customercreation100" time="0.0"/>
  <testcase classname="LeadCreation.Leadcreation" name="Customercreation100" time="0.0"/>
  <testcase classname="LeadCreation.Leadcreation" name="Customercreation100" time="0.0"/>
  <testcase classname="LeadCreation.Leadcreation" name="Customercreation100" time="0.0"/>
  <testcase classname="LeadCreation.Leadcreation" name="Customercreation100" time="0.001"/>
  <testcase classname="LeadCreation.Leadcreation" name="Customercreation100" time="0.0"/>
  <testcase classname="LeadCreation.Leadcreation" name="Customercreation100" time="0.0"/>
  <testcase classname="LeadCreation.Leadcreation" name="Customercreation100" time="0.0"/>
  <testcase classname="LeadCreation.Leadcreation" name="Customercreation100" time="0.001"/>
  <testcase classname="LeadCreation.Leadcreation" name="Customercreation100" time="0.0"/>
  <testcase classname="LeadCreation.Leadcreation" name="Customercreation100" time="0.0"/>
  <testcase classname="LeadCreation.Leadcreation" name="Customercreation100" time="0.0"/>
  <testcase classname="LeadCreation.Leadcreation" name="Customercreation100" time="0.0"/>
  <testcase classname="LeadCreation.Leadcreation" name="Customercreation100" time="0.0"/>
  <testcase classname="LeadCreation.Leadcreation" name="Customercreation100" time="0.0"/>
  <testcase classname="LeadCreation.Leadcreation" name="Customercreation100" time="0.0"/>
  <testcase classname="LeadCreation.Leadcreation" name="Customercreation100" time="0.0"/>
  <testcase classname="LeadCreation.Leadcreation" name="Customercreation100" time="0.0"/>
  <testcase classname="LeadCreation.Leadcreation" name="Customercreation100" time="0.0"/>
  <testcase classname="LeadCreation.Leadcreation" name="Customercreation100" time="0.0"/>
  <testcase classname="LeadCreation.Leadcreation" name="Customercreation100" time="0.0"/>
  <testcase classname="LeadCreation.Leadcreation" name="Customercreation100" time="0.0"/>
  <testcase classname="LeadCreation.Leadcreation" name="Customercreation100" time="0.0"/>
  <testcase classname="LeadCreation.Leadcreation" name="Customercreation100" time="0.0"/>
  <testcase classname="LeadCreation.Leadcreation" name="Customercreation100" time="0.0"/>
  <testcase classname="LeadCreation.Leadcreation" name="Customercreation100" time="0.0"/>
  <testcase classname="LeadCreation.Leadcreation" name="Customercreation100" time="0.0"/>
  <testcase classname="LeadCreation.Leadcreation" name="Customercreation100" time="0.0"/>
  <testcase classname="LeadCreation.Leadcreation" name="Customercreation100" time="0.0"/>
  <testcase classname="LeadCreation.Leadcreation" name="Customercreation100" time="0.0"/>
  <testcase classname="LeadCreation.Leadcreation" name="Customercreation100" time="0.0"/>
  <testcase classname="LeadCreation.Leadcreation" name="Customercreation100" time="0.0"/>
  <testcase classname="LeadCreation.Leadcreation" name="Customercreation100" time="0.0"/>
  <testcase classname="LeadCreation.Leadcreation" name="Customercreation100" time="0.0"/>
  <testcase classname="LeadCreation.Leadcreation" name="Customercreation100" time="0.0"/>
  <testcase classname="LeadCreation.Leadcreation" name="Customercreation100" time="0.0"/>
  <testcase classname="LeadCreation.Leadcreation" name="Customercreation100" time="0.0"/>
  <testcase classname="LeadCreation.Leadcreation" name="Customercreation100" time="0.0"/>
  <testcase classname="LeadCreation.Leadcreation" name="Customercreation100" time="0.0"/>
  <testcase classname="LeadCreation.Leadcreation" name="Customercreation100" time="0.0"/>
  <testcase classname="LeadCreation.Leadcreation" name="Customercreation100" time="0.0"/>
  <testcase classname="LeadCreation.Leadcreation" name="Customercreation100" time="0.0"/>
  <testcase classname="LeadCreation.Leadcreation" name="Customercreation100" time="0.0"/>
  <testcase classname="LeadCreation.Leadcreation" name="Customercreation100" time="0.0"/>
  <testcase classname="LeadCreation.Leadcreation" name="Customercreation100" time="0.0"/>
  <testcase classname="LeadCreation.Leadcreation" name="Customercreation100" time="0.0"/>
  <testcase classname="LeadCreation.Leadcreation" name="Customercreation100" time="0.0"/>
  <testcase classname="LeadCreation.Leadcreation" name="Customercreation100" time="0.001"/>
  <testcase classname="LeadCreation.Leadcreation" name="Customercreation100" time="0.0"/>
  <testcase classname="LeadCreation.Leadcreation" name="Customercreation100" time="0.0"/>
  <testcase classname="LeadCreation.Leadcreation" name="Customercreation100" time="0.0"/>
  <testcase classname="LeadCreation.Leadcreation" name="Customercreation100" time="0.0"/>
  <testcase classname="LeadCreation.Leadcreation" name="Customercreation100" time="0.0"/>
  <testcase classname="LeadCreation.Leadcreation" name="Customercreation100" time="0.0"/>
  <testcase classname="LeadCreation.Leadcreation" name="Customercreation100" time="0.0"/>
  <testcase classname="LeadCreation.Leadcreation" name="Customercreation100" time="0.0"/>
  <testcase classname="LeadCreation.Leadcreation" name="Customercreation100" time="0.0"/>
  <testcase classname="LeadCreation.Leadcreation" name="Customercreation100" time="0.0"/>
  <testcase classname="LeadCreation.Leadcreation" name="Customercreation100" time="0.0"/>
  <testcase classname="LeadCreation.Leadcreation" name="Customercreation100" time="0.0"/>
  <testcase classname="LeadCreation.Leadcreation" name="Customercreation100" time="0.0"/>
  <testcase classname="LeadCreation.Leadcreation" name="Customercreation100" time="0.0"/>
  <testcase classname="LeadCreation.Leadcreation" name="Customercreation100" time="0.0"/>
  <testcase classname="LeadCreation.Leadcreation" name="Customercreation100" time="0.0"/>
  <testcase classname="LeadCreation.Leadcreation" name="Customercreation100" time="0.0"/>
  <testcase classname="LeadCreation.Leadcreation" name="Customercreation100" time="0.0"/>
  <testcase classname="LeadCreation.Leadcreation" name="Customercreation100" time="0.0"/>
  <testcase classname="LeadCreation.Leadcreation" name="Customercreation100" time="0.0"/>
  <testcase classname="LeadCreation.Leadcreation" name="Customercreation100" time="0.0"/>
  <testcase classname="LeadCreation.Leadcreation" name="Customercreation100" time="0.0"/>
  <testcase classname="LeadCreation.Leadcreation" name="Customercreation100" time="0.0"/>
  <testcase classname="LeadCreation.Leadcreation" name="Customercreation100" time="0.0"/>
  <testcase classname="LeadCreation.Leadcreation" name="Customercreation100" time="0.0"/>
  <testcase classname="LeadCreation.Leadcreation" name="Customercreation100" time="0.0"/>
  <testcase classname="LeadCreation.Leadcreation" name="Customercreation100" time="0.0"/>
  <testcase classname="LeadCreation.Leadcreation" name="Customercreation100" time="0.0"/>
  <testcase classname="LeadCreation.Leadcreation" name="Customercreation100" time="0.0"/>
  <testcase classname="LeadCreation.Leadcreation" name="Customercreation100" time="0.0"/>
  <testcase classname="LeadCreation.Leadcreation" name="Customercreation100" time="0.0"/>
  <testcase classname="LeadCreation.Leadcreation" name="Customercreation100" time="0.0"/>
  <testcase classname="LeadCreation.Leadcreation" name="Customercreation100" time="0.0"/>
  <testcase classname="LeadCreation.Leadcreation" name="Customercreation100" time="0.0"/>
  <testcase classname="LeadCreation.Leadcreation" name="Customercreation100" time="0.0"/>
[...]
  <testcase classname="LeadCreation.Leadcreation" name="Customercreation100" time="0.0"/>
  <testcase classname="LeadCreation.Leadcreation" name="Customercreation100" time="0.001"/>
  <testcase classname="LeadCreation.Leadcreation" name="Customercreation100" time="0.0"/>
  <testcase classname="LeadCreation.Leadcreation" name="Customercreation100" time="0.0"/>
  <testcase classname="LeadCreation.Leadcreation" name="Customercreation100" time="0.001"/>
  <testcase classname="LeadCreation.Leadcreation" name="Customercreation100" time="0.0"/>
  <testcase classname="LeadCreation.Leadcreation" name="Customercreation100" time="0.0"/>
  <testcase classname="LeadCreation.Leadcreation" name="Customercreation100" time="0.001"/>
  <testcase classname="LeadCreation.Leadcreation" name="Customercreation100" time="0.0"/>
  <testcase classname="LeadCreation.Leadcreation" name="Customercreation100" time="0.0"/>
  <testcase classname="LeadCreation.Leadcreation" name="Customercreation100" time="0.001"/>
  <testcase classname="LeadCreation.Leadcreation" name="Customercreation100" time="0.0"/>
  <testcase classname="LeadCreation.Leadcreation" name="Customercreation100" time="0.0"/>
  <testcase classname="LeadCreation.Leadcreation" name="Customercreation100" time="0.001"/>
  <testcase classname="LeadCreation.Leadcreation" name="Customercreation100" time="0.0"/>
  <testcase classname="LeadCreation.Leadcreation" name="Customercreation100" time="0.0"/>
  <testcase classname="LeadCreation.Leadcreation" name="Customercreation100" time="0.0"/>
  <testcase classname="LeadCreation.Leadcreation" name="Customercreation100" time="0.0"/>
  <testcase classname="LeadCreation.Leadcreation" name="Customercreation100" time="0.0"/>
  <testcase classname="LeadCreation.Leadcreation" name="Customercreation100" time="0.0"/>
  <testcase classname="LeadCreation.Leadcreation" name="Customercreation100" time="0.001"/>
  <testcase classname="LeadCreation.Leadcreation" name="Customercreation100" time="0.0"/>
  <testcase classname="LeadCreation.Leadcreation" name="Customercreation100" time="0.0"/>
  <testcase classname="LeadCreation.Leadcreation" name="Customercreation100" time="0.0"/>
  <testcase classname="LeadCreation.Leadcreation" name="Customercreation100" time="0.001"/>
  <testcase classname="LeadCreation.Leadcreation" name="Customercreation100" time="0.0"/>
  <testcase classname="LeadCreation.Leadcreation" name="Customercreation100" time="0.0"/>
  <testcase classname="LeadCreation.Leadcreation" name="Customercreation100" time="0.0"/>
  <testcase classname="LeadCreation.Leadcreation" name="Customercreation100" time="0.0"/>
  <testcase classname="LeadCreation.Leadcreation" name="Customercreation100" time="0.0"/>
  <testcase classname="LeadCreation.Leadcreation" name="Customercreation100" time="0.0"/>
  <testcase classname="LeadCreation.Leadcreation" name="Customercreation100" time="0.0"/>
  <testcase classname="LeadCreation.Leadcreation" name="Customercreation100" time="0.0"/>
  <testcase classname="LeadCreation.Leadcreation" name="Customercreation100" time="0.0"/>
  <testcase classname="LeadCreation.Leadcreation" name="Customercreation100" time="0.001"/>
  <testcase classname="LeadCreation.Leadcreation" name="Customercreation100" time="0.0"/>
  <testcase classname="LeadCreation.Leadcreation" name="Customercreation100" time="0.0"/>
  <testcase classname="LeadCreation.Leadcreation" name="Customercreation100" time="0.0"/>
  <testcase classname="LeadCreation.Leadcreation" name="Customercreation100" time="0.001"/>
  <testcase classname="LeadCreation.Leadcreation" name="Customercreation100" time="0.0"/>
  <testcase classname="LeadCreation.Leadcreation" name="Customercreation100" time="0.0"/>
  <testcase classname="LeadCreation.Leadcreation" name="Customercreation100" time="0.0"/>
  <testcase classname="LeadCreation.Leadcreation" name="Customercreation100" time="0.0"/>
  <testcase classname="LeadCreation.Leadcreation" name="Customercreation100" time="0.0"/>
  <testcase classname="LeadCreation.Leadcreation" name="Customercreation100" time="0.0"/>
  <testcase classname="LeadCreation.Leadcreation" name="Customercreation100" time="0.0"/>
  <testcase classname="LeadCreation.Leadcreation" name="Customercreation100" time="0.0"/>
  <testcase classname="LeadCreation.Leadcreation" name="Customercreation100" time="0.0"/>
  <testcase classname="LeadCreation.Leadcreation" name="Customercreation100" time="0.0"/>
  <testcase classname="LeadCreation.Leadcreation" name="Customercreation100" time="0.001"/>
  <testcase classname="LeadCreation.Leadcreation" name="Customercreation100" time="0.0"/>
  <testcase classname="LeadCreation.Leadcreation" name="Customercreation100" time="0.0"/>
  <testcase classname="LeadCreation.Leadcreation" name="Customercreation100" time="0.0"/>
  <testcase classname="LeadCreation.Leadcreation" name="Customercreation100" time="0.0"/>
  <testcase classname="LeadCreation.Leadcreation" name="Customercreation100" time="0.0"/>
  <testcase classname="LeadCreation.Leadcreation" name="Customercreation100" time="0.0"/>
  <testcase classname="LeadCreation.Leadcreation" name="Customercreation100" time="0.001"/>
  <testcase classname="LeadCreation.Leadcreation" name="Customercreation100" time="0.0"/>
  <testcase classname="LeadCreation.Leadcreation" name="Customercreation100" time="0.0"/>
  <testcase classname="LeadCreation.Leadcreation" name="Customercreation100" time="0.0"/>
  <testcase classname="LeadCreation.Leadcreation" name="Customercreation100" time="0.0"/>
  <testcase classname="LeadCreation.Leadcreation" name="Customercreation100" time="0.0"/>
  <testcase classname="LeadCreation.Leadcreation" name="Customercreation100" time="0.0"/>
  <testcase classname="LeadCreation.Leadcreation" name="Customercreation100" time="0.0"/>
  <testcase classname="LeadCreation.Leadcreation" name="Customercreation100" time="0.0"/>
  <testcase classname="LeadCreation.Leadcreation" name="Customercreation100" time="0.0"/>
  <testcase classname="LeadCreation.Leadcreation" name="Customercreation100" time="0.0"/>
  <testcase classname="LeadCreation.Leadcreation" name="Customercreation100" time="0.001"/>
  <testcase classname="LeadCreation.Leadcreation" name="Customercreation100" time="0.0"/>
  <testcase classname="LeadCreation.Leadcreation" name="Customercreation100" time="0.0"/>
  <testcase classname="LeadCreation.Leadcreation" name="Customercreation100" time="0.0"/>
  <testcase classname="LeadCreation.Leadcreation" name="Customercreation100" time="0.0"/>
  <testcase classname="LeadCreation.Leadcreation" name="Customercreation100" time="0.0"/>
  <testcase classname="LeadCreation.Leadcreation" name="Customercreation100" time="0.0"/>
  <testcase classname="LeadCreation.Leadcreation" name="Customercreation100" time="0.0"/>
  <testcase classname="LeadCreation.Leadcreation" name="Customercreation100" time="0.0"/>
  <testcase classname="LeadCreation.Leadcreation" name="Customercreation100" time="0.0"/>
  <testcase classname="LeadCreation.Leadcreation" name="Customercreation100" time="0.0"/>
  <testcase classname="LeadCreation.Leadcreation" name="Customercreation100" time="0.0"/>
  <testcase classname="LeadCreation.Leadcreation" name="Customercreation100" time="0.0"/>
  <testcase classname="LeadCreation.Leadcreation" name="Customercreation100" time="0.0"/>
  <testcase classname="LeadCreation.Leadcreation" name="Customercreation100" time="0.0"/>
  <testcase classname="LeadCreation.Leadcreation" name="Customercreation100" time="0.0"/>
  <testcase classname="LeadCreation.Leadcreation" name="Customercreation100" time="0.0"/>
  <testcase classname="LeadCreation.Leadcreation" name="Customercreation100" time="0.0"/>
  <testcase classname="LeadCreation.Leadcreation" name="Customercreation100" time="0.0"/>
  <testcase classname="LeadCreation.Leadcreation" name="Customercreation100" time="0.001"/>
  <testcase classname="LeadCreation.Leadcreation" name="Customercreation100" time="0.0"/>
  <testcase classname="LeadCreation.Leadcreation" name="Customercreation100" time="0.0"/>
  <testcase classname="LeadCreation.Leadcreation" name="Customercreation100" time="0.0"/>
  <testcase classname="LeadCreation.Leadcreation" name="Customercreation100" time="0.0"/>
  <testcase classname="LeadCreation.Leadcreation" name="Customercreation100" time="0.0"/>
  <testcase classname="LeadCreation.Leadcreation" name="Customercreation100" time="0.0"/>
  <testcase classname="LeadCreation.Leadcreation" name="Customercreation100" time="0.0"/>
  <testcase classname="LeadCreation.Leadcreation" name="Customercreation100" time="0.001"/>
  <testcase classname="LeadCreation.Leadcreation" name="Customercreation100" time="0.0"/>
  <testcase classname="LeadCreation.Leadcreation" name="Customercreation100" time="0.0"/>
  <testcase classname="LeadCreation.Leadcreation" name="Customercreation100" time="0.0"/>
  <testcase classname="LeadCreation.Leadcreation" name="Customercreation100" time="0.0"/>
  <testcase classname="LeadCreation.Leadcreation" name="Customercreation100" time="0.0"/>
  <testcase classname="LeadCreation.Leadcreation" name="Customercreation100" time="0.0"/>
  <testcase classname="LeadCreation.Leadcreation" name="Customercreation100" time="0.0"/>
  <testcase classname="LeadCreation.Leadcreation" name="Customercreation100" time="0.001"/>
  <testcase classname="LeadCreation.Leadcreation" name="Customercreation100" time="0.0"/>
  <testcase classname="LeadCreation.Leadcreation" name="Customercreation100" time="0.0"/>
  <testcase classname="LeadCreation.Leadcreation" name="Customercreation100" time="0.0"/>
  <testcase classname="LeadCreation.Leadcreation" name="Customercreation100" time="0.0"/>
  <testcase classname="LeadCreation.Leadcreation" name="Customercreation100" time="0.0"/>
  <testcase classname="LeadCreation.Leadcreation" name="Customercreation100" time="0.0"/>
  <testcase classname="LeadCreation.Leadcreation" name="Customercreation100" time="0.0"/>
  <testcase classname="LeadCreation.Leadcreation" name="Customercreation100" time="0.001"/>
  <testcase classname="LeadCreation.Leadcreation" name="Customercreation100" time="0.0"/>
  <testcase classname="LeadCreation.Leadcreation" name="Customercreation100" time="0.0"/>
  <testcase classname="LeadCreation.Leadcreation" name="Customercreation100" time="0.0"/>
  <testcase classname="LeadCreation.Leadcreation" name="Customercreation100" time="0.0"/>
  <testcase classname="LeadCreation.Leadcreation" name="Customercreation100" time="0.0"/>
  <testcase classname="LeadCreation.Leadcreation" name="Customercreation100" time="0.0"/>
  <testcase classname="LeadCreation.Leadcreation" name="Customercreation100" time="0.0"/>
  <testcase classname="LeadCreation.Leadcreation" name="Customercreation100" time="0.001"/>
  <testcase classname="LeadCreation.Leadcreation" name="Customercreation100" time="0.0"/>
  <testcase classname="LeadCreation.Leadcreation" name="Customercreation100" time="0.0"/>
  <testcase classname="LeadCreation.Leadcreation" name="Customercreation100" time="0.0"/>
  <testcase classname="LeadCreation.Leadcreation" name="Customercreation100" time="0.0"/>
  <testcase classname="LeadCreation.Leadcreation" name="Customercreation100" time="0.0"/>
  <testcase classname="LeadCreation.Leadcreation" name="Customercreation100" time="0.0"/>
  <testcase classname="LeadCreation.Leadcreation" name="Customercreation100" time="0.001"/>
  <testcase classname="LeadCreation.Leadcreation" name="Customercreation100" time="0.0"/>
  <testcase classname="LeadCreation.Leadcreation" name="Customercreation100" time="0.0"/>
  <testcase classname="LeadCreation.Leadcreation" name="Customercreation100" time="0.0"/>
  <testcase classname="LeadCreation.Leadcreation" name="Customercreation100" time="0.0"/>
  <testcase classname="LeadCreation.Leadcreation" name="Customercreation100" time="0.0"/>
  <testcase classname="LeadCreation.Leadcreation" name="Customercreation100" time="0.0"/>
  <testcase classname="LeadCreation.Leadcreation" name="Customercreation100" time="0.0"/>
  <testcase classname="LeadCreation.Leadcreation" name="Customercreation100" time="0.0"/>
  <testcase classname="LeadCreation.Leadcreation" name="Customercreation100" time="0.0"/>
  <testcase classname="LeadCreation.Leadcreation" name="Customercreation100" time="0.0"/>
  <testcase classname="LeadCreation.Leadcreation" name="Customercreation100" time="0.0"/>
  <testcase classname="LeadCreation.Leadcreation" name="Customercreation100" time="0.0"/>
  <testcase classname="LeadCreation.Leadcreation" name="Customercreation100" time="0.0"/>
  <testcase classname="LeadCreation.Leadcreation" name="Customercreation100" time="0.0"/>
  <testcase classname="LeadCreation.Leadcreation" name="Customercreation100" time="0.0"/>
  <testcase classname="LeadCreation.Leadcreation" name="Customercreation100" time="0.0"/>
  <testcase classname="LeadCreation.Leadcreation" name="Customercreation100" time="0.0"/>
  <testcase classname="LeadCreation.Leadcreation" name="Customercreation100" time="0.0"/>
  <testcase classname="LeadCreation.Leadcreation" name="Customercreation100" time="0.001"/>
  <testcase classname="LeadCreation.Leadcreation" name="Customercreation100" time="0.0"/>
  <testcase classname="LeadCreation.Leadcreation" name="Customercreation100" time="0.0"/>
  <testcase classname="LeadCreation.Leadcreation" name="Customercreation100" time="0.0"/>
  <testcase classname="LeadCreation.Leadcreation" name="Customercreation100" time="0.0"/>
  <testcase classname="LeadCreation.Leadcreation" name="Customercreation100" time="0.001"/>
  <testcase classname="LeadCreation.Leadcreation" name="Customercreation100" time="0.0"/>
  <testcase classname="LeadCreation.Leadcreation" name="Customercreation100" time="0.0"/>
  <testcase classname="LeadCreation.Leadcreation" name="Customercreation100" time="0.0"/>
  <testcase classname="LeadCreation.Leadcreation" name="Customercreation100" time="0.0"/>
  <testcase classname="LeadCreation.Leadcreation" name="Customercreation100" time="0.0"/>
  <testcase classname="LeadCreation.Leadcreation" name="Customercreation100" time="0.001"/>
  <testcase classname="LeadCreation.Leadcreation" name="Customercreation100" time="0.0"/>
  <testcase classname="LeadCreation.Leadcreation" name="Customercreation100" time="0.0"/>
  <testcase classname="LeadCreation.Leadcreation" name="Customercreation100" time="0.001"/>
  <testcase classname="LeadCreation.Leadcreation" name="Customercreation100" time="0.0"/>
  <testcase classname="LeadCreation.Leadcreation" name="Customercreation100" time="0.0"/>
  <testcase classname="LeadCreation.Leadcreation" name="Customercreation100" time="0.0"/>
  <testcase classname="LeadCreation.Leadcreation" name="Customercreation100" time="0.0"/>
  <testcase classname="LeadCreation.Leadcreation" name="Customercreation100" time="0.0"/>
  <testcase classname="LeadCreation.Leadcreation" name="Customercreation100" time="0.001"/>
  <testcase classname="LeadCreation.Leadcreation" name="Customercreation100" time="0.0"/>
  <testcase classname="LeadCreation.Leadcreation" name="Customercreation100" time="0.0"/>
  <testcase classname="LeadCreation.Leadcreation" name="Customercreation100" time="0.0"/>
  <testcase classname="LeadCreation.Leadcreation" name="Customercreation100" time="0.0"/>
  <testcase classname="LeadCreation.Leadcreation" name="Customercreation100" time="0.0"/>
  <testcase classname="LeadCreation.Leadcreation" name="Customercreation100" time="0.002"/>
  <testcase classname="LeadCreation.Leadcreation" name="Customercreation100" time="0.0"/>
  <testcase classname="LeadCreation.Leadcreation" name="Customercreation100" time="0.001"/>
  <testcase classname="LeadCreation.Leadcreation" name="Customercreation100" time="0.0"/>
  <testcase classname="LeadCreation.Leadcreation" name="Customercreation100" time="0.0"/>
  <testcase classname="LeadCreation.Leadcreation" name="Customercreation100" time="0.0"/>
  <testcase classname="LeadCreation.Leadcreation" name="Customercreation100" time="0.0"/>
  <testcase classname="LeadCreation.Leadcreation" name="Customercreation100" time="0.0"/>
  <testcase classname="LeadCreation.Leadcreation" name="Customercreation100" time="0.0"/>
  <testcase classname="LeadCreation.Leadcreation" name="Customercreation100" time="0.0"/>
  <testcase classname="LeadCreation.Leadcreation" name="Customercreation100" time="0.0"/>
  <testcase classname="LeadCreation.Leadcreation" name="Customercreation100" time="0.0"/>
  <testcase classname="LeadCreation.Leadcreation" name="Customercreation100" time="0.0"/>
  <testcase classname="LeadCreation.Leadcreation" name="Customercreation100" time="0.0"/>
  <testcase classname="LeadCreation.Leadcreation" name="Customercreation100" time="0.0"/>
  <testcase classname="LeadCreation.Leadcreation" name="Customercreation100" time="0.0"/>
  <testcase classname="LeadCreation.Leadcreation" name="Customercreation100" time="0.0"/>
  <testcase classname="LeadCreation.Leadcreation" name="Customercreation100" time="0.0"/>
  <testcase classname="LeadCreation.Leadcreation" name="Customercreation100" time="0.0"/>
  <testcase classname="LeadCreation.Leadcreation" name="Customercreation100" time="0.0"/>
  <testcase classname="LeadCreation.Leadcreation" name="Customercreation100" time="0.0"/>
  <testcase classname="LeadCreation.Leadcreation" name="Customercreation100" time="0.001"/>
  <testcase classname="LeadCreation.Leadcreation" name="Customercreation100" time="0.0"/>
  <testcase classname="LeadCreation.Leadcreation" name="Customercreation100" time="0.0"/>
  <testcase classname="LeadCreation.Leadcreation" name="Customercreation100" time="0.0"/>
  <testcase classname="LeadCreation.Leadcreation" name="Customercreation100" time="0.001"/>
  <testcase classname="LeadCreation.Leadcreation" name="Customercreation100" time="0.0"/>
  <testcase classname="LeadCreation.Leadcreation" name="Customercreation100" time="0.0"/>
  <testcase classname="LeadCreation.Leadcreation" name="Customercreation100" time="0.0"/>
  <testcase classname="LeadCreation.Leadcreation" name="Customercreation100" time="0.0"/>
  <testcase classname="LeadCreation.Leadcreation" name="Customercreation100" time="0.0"/>
  <testcase classname="LeadCreation.Leadcreation" name="Customercreation100" time="0.0"/>
  <testcase classname="LeadCreation.Leadcreation" name="Customercreation100" time="0.0"/>
  <testcase classname="LeadCreation.Leadcreation" name="Customercreation100" time="0.0"/>
  <testcase classname="LeadCreation.Leadcreation" name="Customercreation100" time="0.0"/>
  <testcase classname="LeadCreation.Leadcreation" name="Customercreation100" time="0.0"/>
  <testcase classname="LeadCreation.Leadcreation" name="Customercreation100" time="0.0"/>
  <testcase classname="LeadCreation.Leadcreation" name="Customercreation100" time="0.0"/>
  <testcase classname="LeadCreation.Leadcreation" name="Customercreation100" time="0.0"/>
  <testcase classname="LeadCreation.Leadcreation" name="Customercreation100" time="0.0"/>
  <testcase classname="LeadCreation.Leadcreation" name="Customercreation100" time="0.0"/>
  <testcase classname="LeadCreation.Leadcreation" name="Customercreation100" time="0.0"/>
  <testcase classname="LeadCreation.Leadcreation" name="Customercreation100" time="0.0"/>
  <testcase classname="LeadCreation.Leadcreation" name="Customercreation100" time="0.0"/>
  <testcase classname="LeadCreation.Leadcreation" name="Customercreation100" time="0.0"/>
  <testcase classname="LeadCreation.Leadcreation" name="Customercreation100" time="0.0"/>
  <testcase classname="LeadCreation.Leadcreation" name="Customercreation100" time="0.0"/>
  <testcase classname="LeadCreation.Leadcreation" name="Customercreation100" time="0.0"/>
  <testcase classname="LeadCreation.Leadcreation" name="Customercreation100" time="0.0"/>
  <testcase classname="LeadCreation.Leadcreation" name="Customercreation100" time="0.001"/>
  <testcase classname="LeadCreation.Leadcreation" name="Customercreation100" time="0.0"/>
</testsuite> <!-- Default test -->
