<?xml version="1.0" encoding="UTF-8"?>
<!-- Generated by org.testng.reporters.JUnitReportReporter -->
<testsuite hostname="DESKTOP-R2AJQE8" failures="0" tests="1355" name="LeadCreation.Leadcreation" time="0.276" errors="0" timestamp="2023-12-26T12:14:11 IST" skipped="0">
  <testcase classname="LeadCreation.Leadcreation" name="Customercreation100" time="0.000"/>
  <system-out/>
  <testcase classname="LeadCreation.Leadcreation" name="Customercreation100" time="0.001"/>
  <system-out/>
  <testcase classname="LeadCreation.Leadcreation" name="Customercreation100" time="0.000"/>
  <system-out/>
  <testcase classname="LeadCreation.Leadcreation" name="Customercreation100" time="0.000"/>
  <system-out/>
  <testcase classname="LeadCreation.Leadcreation" name="Customercreation100" time="0.000"/>
  <system-out/>
  <testcase classname="LeadCreation.Leadcreation" name="Customercreation100" time="0.000"/>
  <system-out/>
  <testcase classname="LeadCreation.Leadcreation" name="Customercreation100" time="0.000"/>
  <system-out/>
  <testcase classname="LeadCreation.Leadcreation" name="Customercreation100" time="0.000"/>
  <system-out/>
  <testcase classname="LeadCreation.Leadcreation" name="Customercreation100" time="0.000"/>
  <system-out/>
  <testcase classname="LeadCreation.Leadcreation" name="Customercreation100" time="0.000"/>
  <system-out/>
  <testcase classname="LeadCreation.Leadcreation" name="Customercreation100" time="0.000"/>
  <system-out/>
  <testcase classname="LeadCreation.Leadcreation" name="Customercreation100" time="0.001"/>
  <system-out/>
  <testcase classname="LeadCreation.Leadcreation" name="Customercreation100" time="0.001"/>
  <system-out/>
  <testcase classname="LeadCreation.Leadcreation" name="Customercreation100" time="0.000"/>
  <system-out/>
  <testcase classname="LeadCreation.Leadcreation" name="Customercreation100" time="0.001"/>
  <system-out/>
  <testcase classname="LeadCreation.Leadcreation" name="Customercreation100" time="0.000"/>
  <system-out/>
  <testcase classname="LeadCreation.Leadcreation" name="Customercreation100" time="0.000"/>
  <system-out/>
  <testcase classname="LeadCreation.Leadcreation" name="Customercreation100" time="0.000"/>
  <system-out/>
  <testcase classname="LeadCreation.Leadcreation" name="Customercreation100" time="0.000"/>
  <system-out/>
  <testcase classname="LeadCreation.Leadcreation" name="Customercreation100" time="0.000"/>
  <system-out/>
  <testcase classname="LeadCreation.Leadcreation" name="Customercreation100" time="0.001"/>
  <system-out/>
  <testcase classname="LeadCreation.Leadcreation" name="Customercreation100" time="0.000"/>
  <system-out/>
  <testcase classname="LeadCreation.Leadcreation" name="Customercreation100" time="0.000"/>
  <system-out/>
  <testcase classname="LeadCreation.Leadcreation" name="Customercreation100" time="0.000"/>
  <system-out/>
  <testcase classname="LeadCreation.Leadcreation" name="Customercreation100" time="0.000"/>
  <system-out/>
  <testcase classname="LeadCreation.Leadcreation" name="Customercreation100" time="0.000"/>
  <system-out/>
  <testcase classname="LeadCreation.Leadcreation" name="Customercreation100" time="0.000"/>
  <system-out/>
  <testcase classname="LeadCreation.Leadcreation" name="Customercreation100" time="0.000"/>
  <system-out/>
  <testcase classname="LeadCreation.Leadcreation" name="Customercreation100" time="0.000"/>
  <system-out/>
  <testcase classname="LeadCreation.Leadcreation" name="Customercreation100" time="0.000"/>
  <system-out/>
  <testcase classname="LeadCreation.Leadcreation" name="Customercreation100" time="0.000"/>
  <system-out/>
  <testcase classname="LeadCreation.Leadcreation" name="Customercreation100" time="0.001"/>
  <system-out/>
  <testcase classname="LeadCreation.Leadcreation" name="Customercreation100" time="0.001"/>
  <system-out/>
  <testcase classname="LeadCreation.Leadcreation" name="Customercreation100" time="0.000"/>
  <system-out/>
  <testcase classname="LeadCreation.Leadcreation" name="Customercreation100" time="0.000"/>
  <system-out/>
  <testcase classname="LeadCreation.Leadcreation" name="Customercreation100" time="0.000"/>
  <system-out/>
  <testcase classname="LeadCreation.Leadcreation" name="Customercreation100" time="0.000"/>
  <system-out/>
  <testcase classname="LeadCreation.Leadcreation" name="Customercreation100" time="0.000"/>
  <system-out/>
  <testcase classname="LeadCreation.Leadcreation" name="Customercreation100" time="0.000"/>
  <system-out/>
  <testcase classname="LeadCreation.Leadcreation" name="Customercreation100" time="0.000"/>
  <system-out/>
  <testcase classname="LeadCreation.Leadcreation" name="Customercreation100" time="0.000"/>
  <system-out/>
  <testcase classname="LeadCreation.Leadcreation" name="Customercreation100" time="0.001"/>
  <system-out/>
  <testcase classname="LeadCreation.Leadcreation" name="Customercreation100" time="0.001"/>
  <system-out/>
  <testcase classname="LeadCreation.Leadcreation" name="Customercreation100" time="0.000"/>
  <system-out/>
  <testcase classname="LeadCreation.Leadcreation" name="Customercreation100" time="0.000"/>
  <system-out/>
  <testcase classname="LeadCreation.Leadcreation" name="Customercreation100" time="0.000"/>
  <system-out/>
  <testcase classname="LeadCreation.Leadcreation" name="Customercreation100" time="0.000"/>
  <system-out/>
  <testcase classname="LeadCreation.Leadcreation" name="Customercreation100" time="0.000"/>
  <system-out/>
  <testcase classname="LeadCreation.Leadcreation" name="Customercreation100" time="0.000"/>
  <system-out/>
  <testcase classname="LeadCreation.Leadcreation" name="Customercreation100" time="0.000"/>
  <system-out/>
  <testcase classname="LeadCreation.Leadcreation" name="Customercreation100" time="0.000"/>
  <system-out/>
  <testcase classname="LeadCreation.Leadcreation" name="Customercreation100" time="0.000"/>
  <system-out/>
  <testcase classname="LeadCreation.Leadcreation" name="Customercreation100" time="0.000"/>
  <system-out/>
  <testcase classname="LeadCreation.Leadcreation" name="Customercreation100" time="0.000"/>
  <system-out/>
  <testcase classname="LeadCreation.Leadcreation" name="Customercreation100" time="0.000"/>
  <system-out/>
  <testcase classname="LeadCreation.Leadcreation" name="Customercreation100" time="0.000"/>
  <system-out/>
  <testcase classname="LeadCreation.Leadcreation" name="Customercreation100" time="0.001"/>
  <system-out/>
  <testcase classname="LeadCreation.Leadcreation" name="Customercreation100" time="0.001"/>
  <system-out/>
  <testcase classname="LeadCreation.Leadcreation" name="Customercreation100" time="0.000"/>
  <system-out/>
  <testcase classname="LeadCreation.Leadcreation" name="Customercreation100" time="0.000"/>
  <system-out/>
  <testcase classname="LeadCreation.Leadcreation" name="Customercreation100" time="0.000"/>
  <system-out/>
  <testcase classname="LeadCreation.Leadcreation" name="Customercreation100" time="0.000"/>
  <system-out/>
  <testcase classname="LeadCreation.Leadcreation" name="Customercreation100" time="0.001"/>
  <system-out/>
  <testcase classname="LeadCreation.Leadcreation" name="Customercreation100" time="0.000"/>
  <system-out/>
  <testcase classname="LeadCreation.Leadcreation" name="Customercreation100" time="0.000"/>
  <system-out/>
  <testcase classname="LeadCreation.Leadcreation" name="Customercreation100" time="0.000"/>
  <system-out/>
  <testcase classname="LeadCreation.Leadcreation" name="Customercreation100" time="0.001"/>
  <system-out/>
  <testcase classname="LeadCreation.Leadcreation" name="Customercreation100" time="0.000"/>
  <system-out/>
  <testcase classname="LeadCreation.Leadcreation" name="Customercreation100" time="0.000"/>
  <system-out/>
  <testcase classname="LeadCreation.Leadcreation" name="Customercreation100" time="0.000"/>
  <system-out/>
  <testcase classname="LeadCreation.Leadcreation" name="Customercreation100" time="0.000"/>
  <system-out/>
  <testcase classname="LeadCreation.Leadcreation" name="Customercreation100" time="0.001"/>
  <system-out/>
  <testcase classname="LeadCreation.Leadcreation" name="Customercreation100" time="0.001"/>
  <system-out/>
  <testcase classname="LeadCreation.Leadcreation" name="Customercreation100" time="0.000"/>
  <system-out/>
  <testcase classname="LeadCreation.Leadcreation" name="Customercreation100" time="0.000"/>
  <system-out/>
  <testcase classname="LeadCreation.Leadcreation" name="Customercreation100" time="0.000"/>
  <system-out/>
  <testcase classname="LeadCreation.Leadcreation" name="Customercreation100" time="0.000"/>
  <system-out/>
  <testcase classname="LeadCreation.Leadcreation" name="Customercreation100" time="0.000"/>
  <system-out/>
  <testcase classname="LeadCreation.Leadcreation" name="Customercreation100" time="0.000"/>
  <system-out/>
  <testcase classname="LeadCreation.Leadcreation" name="Customercreation100" time="0.000"/>
  <system-out/>
  <testcase classname="LeadCreation.Leadcreation" name="Customercreation100" time="0.000"/>
  <system-out/>
  <testcase classname="LeadCreation.Leadcreation" name="Customercreation100" time="0.000"/>
  <system-out/>
  <testcase classname="LeadCreation.Leadcreation" name="Customercreation100" time="0.001"/>
  <system-out/>
  <testcase classname="LeadCreation.Leadcreation" name="Customercreation100" time="0.001"/>
  <system-out/>
  <testcase classname="LeadCreation.Leadcreation" name="Customercreation100" time="0.000"/>
  <system-out/>
  <testcase classname="LeadCreation.Leadcreation" name="Customercreation100" time="0.000"/>
  <system-out/>
  <testcase classname="LeadCreation.Leadcreation" name="Customercreation100" time="0.001"/>
  <system-out/>
  <testcase classname="LeadCreation.Leadcreation" name="Customercreation100" time="0.000"/>
  <system-out/>
  <testcase classname="LeadCreation.Leadcreation" name="Customercreation100" time="0.000"/>
  <system-out/>
  <testcase classname="LeadCreation.Leadcreation" name="Customercreation100" time="0.001"/>
  <system-out/>
  <testcase classname="LeadCreation.Leadcreation" name="Customercreation100" time="0.000"/>
  <system-out/>
  <testcase classname="LeadCreation.Leadcreation" name="Customercreation100" time="0.000"/>
  <system-out/>
  <testcase classname="LeadCreation.Leadcreation" name="Customercreation100" time="0.000"/>
  <system-out/>
  <testcase classname="LeadCreation.Leadcreation" name="Customercreation100" time="0.000"/>
  <system-out/>
  <testcase classname="LeadCreation.Leadcreation" name="Customercreation100" time="0.000"/>
  <system-out/>
  <testcase classname="LeadCreation.Leadcreation" name="Customercreation100" time="0.000"/>
  <system-out/>
  <testcase classname="LeadCreation.Leadcreation" name="Customercreation100" time="0.000"/>
  <system-out/>
  <testcase classname="LeadCreation.Leadcreation" name="Customercreation100" time="0.001"/>
  <system-out/>
  <testcase classname="LeadCreation.Leadcreation" name="Customercreation100" time="0.000"/>
  <system-out/>
  <testcase classname="LeadCreation.Leadcreation" name="Customercreation100" time="0.000"/>
  <system-out/>
  <testcase classname="LeadCreation.Leadcreation" name="Customercreation100" time="0.000"/>
  <system-out/>
  <testcase classname="LeadCreation.Leadcreation" name="Customercreation100" time="0.000"/>
  <system-out/>
  <testcase classname="LeadCreation.Leadcreation" name="Customercreation100" time="0.000"/>
  <system-out/>
  <testcase classname="LeadCreation.Leadcreation" name="Customercreation100" time="0.001"/>
  <system-out/>
  <testcase classname="LeadCreation.Leadcreation" name="Customercreation100" time="0.001"/>
  <system-out/>
  <testcase classname="LeadCreation.Leadcreation" name="Customercreation100" time="0.000"/>
  <system-out/>
  <testcase classname="LeadCreation.Leadcreation" name="Customercreation100" time="0.001"/>
  <system-out/>
  <testcase classname="LeadCreation.Leadcreation" name="Customercreation100" time="0.000"/>
  <system-out/>
  <testcase classname="LeadCreation.Leadcreation" name="Customercreation100" time="0.000"/>
  <system-out/>
  <testcase classname="LeadCreation.Leadcreation" name="Customercreation100" time="0.001"/>
  <system-out/>
  <testcase classname="LeadCreation.Leadcreation" name="Customercreation100" time="0.000"/>
  <system-out/>
  <testcase classname="LeadCreation.Leadcreation" name="Customercreation100" time="0.000"/>
  <system-out/>
  <testcase classname="LeadCreation.Leadcreation" name="Customercreation100" time="0.001"/>
  <system-out/>
  <testcase classname="LeadCreation.Leadcreation" name="Customercreation100" time="0.000"/>
  <system-out/>
  <testcase classname="LeadCreation.Leadcreation" name="Customercreation100" time="0.001"/>
  <system-out/>
  <testcase classname="LeadCreation.Leadcreation" name="Customercreation100" time="0.000"/>
  <system-out/>
  <testcase classname="LeadCreation.Leadcreation" name="Customercreation100" time="0.000"/>
  <system-out/>
  <testcase classname="LeadCreation.Leadcreation" name="Customercreation100" time="0.001"/>
  <system-out/>
  <testcase classname="LeadCreation.Leadcreation" name="Customercreation100" time="0.001"/>
  <system-out/>
  <testcase classname="LeadCreation.Leadcreation" name="Customercreation100" time="0.000"/>
  <system-out/>
  <testcase classname="LeadCreation.Leadcreation" name="Customercreation100" time="0.000"/>
  <system-out/>
  <testcase classname="LeadCreation.Leadcreation" name="Customercreation100" time="0.000"/>
  <system-out/>
  <testcase classname="LeadCreation.Leadcreation" name="Customercreation100" time="0.000"/>
  <system-out/>
  <testcase classname="LeadCreation.Leadcreation" name="Customercreation100" time="0.000"/>
  <system-out/>
  <testcase classname="LeadCreation.Leadcreation" name="Customercreation100" time="0.000"/>
  <system-out/>
  <testcase classname="LeadCreation.Leadcreation" name="Customercreation100" time="0.000"/>
  <system-out/>
  <testcase classname="LeadCreation.Leadcreation" name="Customercreation100" time="0.000"/>
  <system-out/>
  <testcase classname="LeadCreation.Leadcreation" name="Customercreation100" time="0.000"/>
  <system-out/>
  <testcase classname="LeadCreation.Leadcreation" name="Customercreation100" time="0.000"/>
  <system-out/>
  <testcase classname="LeadCreation.Leadcreation" name="Customercreation100" time="0.000"/>
  <system-out/>
  <testcase classname="LeadCreation.Leadcreation" name="Customercreation100" time="0.000"/>
  <system-out/>
  <testcase classname="LeadCreation.Leadcreation" name="Customercreation100" time="0.000"/>
  <system-out/>
  <testcase classname="LeadCreation.Leadcreation" name="Customercreation100" time="0.000"/>
  <system-out/>
  <testcase classname="LeadCreation.Leadcreation" name="Customercreation100" time="0.000"/>
  <system-out/>
  <testcase classname="LeadCreation.Leadcreation" name="Customercreation100" time="0.000"/>
  <system-out/>
  <testcase classname="LeadCreation.Leadcreation" name="Customercreation100" time="0.000"/>
  <system-out/>
  <testcase classname="LeadCreation.Leadcreation" name="Customercreation100" time="0.000"/>
  <system-out/>
  <testcase classname="LeadCreation.Leadcreation" name="Customercreation100" time="0.000"/>
  <system-out/>
  <testcase classname="LeadCreation.Leadcreation" name="Customercreation100" time="0.000"/>
  <system-out/>
  <testcase classname="LeadCreation.Leadcreation" name="Customercreation100" time="0.000"/>
  <system-out/>
  <testcase classname="LeadCreation.Leadcreation" name="Customercreation100" time="0.000"/>
  <system-out/>
  <testcase classname="LeadCreation.Leadcreation" name="Customercreation100" time="0.000"/>
  <system-out/>
  <testcase classname="LeadCreation.Leadcreation" name="Customercreation100" time="0.000"/>
  <system-out/>
  <testcase classname="LeadCreation.Leadcreation" name="Customercreation100" time="0.001"/>
  <system-out/>
  <testcase classname="LeadCreation.Leadcreation" name="Customercreation100" time="0.001"/>
  <system-out/>
  <testcase classname="LeadCreation.Leadcreation" name="Customercreation100" time="0.001"/>
  <system-out/>
  <testcase classname="LeadCreation.Leadcreation" name="Customercreation100" time="0.000"/>
  <system-out/>
  <testcase classname="LeadCreation.Leadcreation" name="Customercreation100" time="0.000"/>
  <system-out/>
  <testcase classname="LeadCreation.Leadcreation" name="Customercreation100" time="0.000"/>
  <system-out/>
  <testcase classname="LeadCreation.Leadcreation" name="Customercreation100" time="0.000"/>
  <system-out/>
  <testcase classname="LeadCreation.Leadcreation" name="Customercreation100" time="0.000"/>
  <system-out/>
  <testcase classname="LeadCreation.Leadcreation" name="Customercreation100" time="0.001"/>
  <system-out/>
  <testcase classname="LeadCreation.Leadcreation" name="Customercreation100" time="0.000"/>
  <system-out/>
  <testcase classname="LeadCreation.Leadcreation" name="Customercreation100" time="0.000"/>
  <system-out/>
  <testcase classname="LeadCreation.Leadcreation" name="Customercreation100" time="0.000"/>
  <system-out/>
  <testcase classname="LeadCreation.Leadcreation" name="Customercreation100" time="0.000"/>
  <system-out/>
  <testcase classname="LeadCreation.Leadcreation" name="Customercreation100" time="0.001"/>
  <system-out/>
  <testcase classname="LeadCreation.Leadcreation" name="Customercreation100" time="0.000"/>
  <system-out/>
  <testcase classname="LeadCreation.Leadcreation" name="Customercreation100" time="0.000"/>
  <system-out/>
  <testcase classname="LeadCreation.Leadcreation" name="Customercreation100" time="0.000"/>
  <system-out/>
  <testcase classname="LeadCreation.Leadcreation" name="Customercreation100" time="0.001"/>
  <system-out/>
  <testcase classname="LeadCreation.Leadcreation" name="Customercreation100" time="0.001"/>
  <system-out/>
  <testcase classname="LeadCreation.Leadcreation" name="Customercreation100" time="0.000"/>
  <system-out/>
  <testcase classname="LeadCreation.Leadcreation" name="Customercreation100" time="0.000"/>
  <system-out/>
  <testcase classname="LeadCreation.Leadcreation" name="Customercreation100" time="0.000"/>
  <system-out/>
  <testcase classname="LeadCreation.Leadcreation" name="Customercreation100" time="0.000"/>
  <system-out/>
  <testcase classname="LeadCreation.Leadcreation" name="Customercreation100" time="0.000"/>
  <system-out/>
  <testcase classname="LeadCreation.Leadcreation" name="Customercreation100" time="0.000"/>
  <system-out/>
  <testcase classname="LeadCreation.Leadcreation" name="Customercreation100" time="0.000"/>
  <system-out/>
  <testcase classname="LeadCreation.Leadcreation" name="Customercreation100" time="0.001"/>
  <system-out/>
  <testcase classname="LeadCreation.Leadcreation" name="Customercreation100" time="0.000"/>
  <system-out/>
  <testcase classname="LeadCreation.Leadcreation" name="Customercreation100" time="0.000"/>
  <system-out/>
  <testcase classname="LeadCreation.Leadcreation" name="Customercreation100" time="0.000"/>
  <system-out/>
  <testcase classname="LeadCreation.Leadcreation" name="Customercreation100" time="0.000"/>
  <system-out/>
  <testcase classname="LeadCreation.Leadcreation" name="Customercreation100" time="0.000"/>
  <system-out/>
  <testcase classname="LeadCreation.Leadcreation" name="Customercreation100" time="0.004"/>
  <system-out/>
  <testcase classname="LeadCreation.Leadcreation" name="Customercreation100" time="0.001"/>
  <system-out/>
  <testcase classname="LeadCreation.Leadcreation" name="Customercreation100" time="0.001"/>
  <system-out/>
  <testcase classname="LeadCreation.Leadcreation" name="Customercreation100" time="0.000"/>
  <system-out/>
  <testcase classname="LeadCreation.Leadcreation" name="Customercreation100" time="0.000"/>
  <system-out/>
  <testcase classname="LeadCreation.Leadcreation" name="Customercreation100" time="0.001"/>
  <system-out/>
  <testcase classname="LeadCreation.Leadcreation" name="Customercreation100" time="0.001"/>
  <system-out/>
  <testcase classname="LeadCreation.Leadcreation" name="Customercreation100" time="0.000"/>
  <system-out/>
  <testcase classname="LeadCreation.Leadcreation" name="Customercreation100" time="0.000"/>
  <system-out/>
  <testcase classname="LeadCreation.Leadcreation" name="Customercreation100" time="0.000"/>
  <system-out/>
  <testcase classname="LeadCreation.Leadcreation" name="Customercreation100" time="0.000"/>
  <system-out/>
  <testcase classname="LeadCreation.Leadcreation" name="Customercreation100" time="0.000"/>
  <system-out/>
  <testcase classname="LeadCreation.Leadcreation" name="Customercreation100" time="0.000"/>
  <system-out/>
  <testcase classname="LeadCreation.Leadcreation" name="Customercreation100" time="0.000"/>
  <system-out/>
  <testcase classname="LeadCreation.Leadcreation" name="Customercreation100" time="0.001"/>
  <system-out/>
  <testcase classname="LeadCreation.Leadcreation" name="Customercreation100" time="0.001"/>
  <system-out/>
  <testcase classname="LeadCreation.Leadcreation" name="Customercreation100" time="0.000"/>
  <system-out/>
  <testcase classname="LeadCreation.Leadcreation" name="Customercreation100" time="0.000"/>
  <system-out/>
  <testcase classname="LeadCreation.Leadcreation" name="Customercreation100" time="0.001"/>
  <system-out/>
  <testcase classname="LeadCreation.Leadcreation" name="Customercreation100" time="0.000"/>
  <system-out/>
  <testcase classname="LeadCreation.Leadcreation" name="Customercreation100" time="0.000"/>
  <system-out/>
  <testcase classname="LeadCreation.Leadcreation" name="Customercreation100" time="0.000"/>
  <system-out/>
  <testcase classname="LeadCreation.Leadcreation" name="Customercreation100" time="0.000"/>
  <system-out/>
  <testcase classname="LeadCreation.Leadcreation" name="Customercreation100" time="0.000"/>
  <system-out/>
  <testcase classname="LeadCreation.Leadcreation" name="Customercreation100" time="0.000"/>
  <system-out/>
  <testcase classname="LeadCreation.Leadcreation" name="Customercreation100" time="0.000"/>
  <system-out/>
  <testcase classname="LeadCreation.Leadcreation" name="Customercreation100" time="0.001"/>
  <system-out/>
  <testcase classname="LeadCreation.Leadcreation" name="Customercreation100" time="0.000"/>
  <system-out/>
  <testcase classname="LeadCreation.Leadcreation" name="Customercreation100" time="0.000"/>
  <system-out/>
  <testcase classname="LeadCreation.Leadcreation" name="Customercreation100" time="0.000"/>
  <system-out/>
  <testcase classname="LeadCreation.Leadcreation" name="Customercreation100" time="0.000"/>
  <system-out/>
  <testcase classname="LeadCreation.Leadcreation" name="Customercreation100" time="0.000"/>
  <system-out/>
  <testcase classname="LeadCreation.Leadcreation" name="Customercreation100" time="0.000"/>
  <system-out/>
  <testcase classname="LeadCreation.Leadcreation" name="Customercreation100" time="0.001"/>
  <system-out/>
  <testcase classname="LeadCreation.Leadcreation" name="Customercreation100" time="0.000"/>
  <system-out/>
  <testcase classname="LeadCreation.Leadcreation" name="Customercreation100" time="0.000"/>
  <system-out/>
  <testcase classname="LeadCreation.Leadcreation" name="Customercreation100" time="0.000"/>
  <system-out/>
  <testcase classname="LeadCreation.Leadcreation" name="Customercreation100" time="0.000"/>
  <system-out/>
  <testcase classname="LeadCreation.Leadcreation" name="Customercreation100" time="0.001"/>
  <system-out/>
  <testcase classname="LeadCreation.Leadcreation" name="Customercreation100" time="0.000"/>
  <system-out/>
  <testcase classname="LeadCreation.Leadcreation" name="Customercreation100" time="0.000"/>
  <system-out/>
  <testcase classname="LeadCreation.Leadcreation" name="Customercreation100" time="0.001"/>
  <system-out/>
  <testcase classname="LeadCreation.Leadcreation" name="Customercreation100" time="0.001"/>
  <system-out/>
  <testcase classname="LeadCreation.Leadcreation" name="Customercreation100" time="0.000"/>
  <system-out/>
  <testcase classname="LeadCreation.Leadcreation" name="Customercreation100" time="0.000"/>
  <system-out/>
  <testcase classname="LeadCreation.Leadcreation" name="Customercreation100" time="0.000"/>
  <system-out/>
  <testcase classname="LeadCreation.Leadcreation" name="Customercreation100" time="0.000"/>
  <system-out/>
  <testcase classname="LeadCreation.Leadcreation" name="Customercreation100" time="0.000"/>
  <system-out/>
  <testcase classname="LeadCreation.Leadcreation" name="Customercreation100" time="0.000"/>
  <system-out/>
  <testcase classname="LeadCreation.Leadcreation" name="Customercreation100" time="0.000"/>
  <system-out/>
  <testcase classname="LeadCreation.Leadcreation" name="Customercreation100" time="0.000"/>
  <system-out/>
  <testcase classname="LeadCreation.Leadcreation" name="Customercreation100" time="0.000"/>
  <system-out/>
  <testcase classname="LeadCreation.Leadcreation" name="Customercreation100" time="0.000"/>
  <system-out/>
  <testcase classname="LeadCreation.Leadcreation" name="Customercreation100" time="0.001"/>
  <system-out/>
  <testcase classname="LeadCreation.Leadcreation" name="Customercreation100" time="0.000"/>
  <system-out/>
  <testcase classname="LeadCreation.Leadcreation" name="Customercreation100" time="0.000"/>
  <system-out/>
  <testcase classname="LeadCreation.Leadcreation" name="Customercreation100" time="0.000"/>
  <system-out/>
  <testcase classname="LeadCreation.Leadcreation" name="Customercreation100" time="0.000"/>
  <system-out/>
  <testcase classname="LeadCreation.Leadcreation" name="Customercreation100" time="0.000"/>
  <system-out/>
  <testcase classname="LeadCreation.Leadcreation" name="Customercreation100" time="0.000"/>
  <system-out/>
  <testcase classname="LeadCreation.Leadcreation" name="Customercreation100" time="0.001"/>
  <system-out/>
  <testcase classname="LeadCreation.Leadcreation" name="Customercreation100" time="0.000"/>
  <system-out/>
  <testcase classname="LeadCreation.Leadcreation" name="Customercreation100" time="0.000"/>
  <system-out/>
  <testcase classname="LeadCreation.Leadcreation" name="Customercreation100" time="0.000"/>
  <system-out/>
  <testcase classname="LeadCreation.Leadcreation" name="Customercreation100" time="0.000"/>
  <system-out/>
  <testcase classname="LeadCreation.Leadcreation" name="Customercreation100" time="0.000"/>
  <system-out/>
  <testcase classname="LeadCreation.Leadcreation" name="Customercreation100" time="0.001"/>
  <system-out/>
  <testcase classname="LeadCreation.Leadcreation" name="Customercreation100" time="0.000"/>
  <system-out/>
  <testcase classname="LeadCreation.Leadcreation" name="Customercreation100" time="0.000"/>
  <system-out/>
  <testcase classname="LeadCreation.Leadcreation" name="Customercreation100" time="0.001"/>
  <system-out/>
  <testcase classname="LeadCreation.Leadcreation" name="Customercreation100" time="0.000"/>
  <system-out/>
  <testcase classname="LeadCreation.Leadcreation" name="Customercreation100" time="0.000"/>
  <system-out/>
  <testcase classname="LeadCreation.Leadcreation" name="Customercreation100" time="0.000"/>
  <system-out/>
  <testcase classname="LeadCreation.Leadcreation" name="Customercreation100" time="0.000"/>
  <system-out/>
  <testcase classname="LeadCreation.Leadcreation" name="Customercreation100" time="0.000"/>
  <system-out/>
  <testcase classname="LeadCreation.Leadcreation" name="Customercreation100" time="0.000"/>
  <system-out/>
  <testcase classname="LeadCreation.Leadcreation" name="Customercreation100" time="0.000"/>
  <system-out/>
  <testcase classname="LeadCreation.Leadcreation" name="Customercreation100" time="0.000"/>
  <system-out/>
  <testcase classname="LeadCreation.Leadcreation" name="Customercreation100" time="0.000"/>
  <system-out/>
  <testcase classname="LeadCreation.Leadcreation" name="Customercreation100" time="0.000"/>
  <system-out/>
  <testcase classname="LeadCreation.Leadcreation" name="Customercreation100" time="0.000"/>
  <system-out/>
  <testcase classname="LeadCreation.Leadcreation" name="Customercreation100" time="0.000"/>
  <system-out/>
  <testcase classname="LeadCreation.Leadcreation" name="Customercreation100" time="0.001"/>
  <system-out/>
  <testcase classname="LeadCreation.Leadcreation" name="Customercreation100" time="0.000"/>
  <system-out/>
  <testcase classname="LeadCreation.Leadcreation" name="Customercreation100" time="0.001"/>
  <system-out/>
  <testcase classname="LeadCreation.Leadcreation" name="Customercreation100" time="0.000"/>
  <system-out/>
  <testcase classname="LeadCreation.Leadcreation" name="Customercreation100" time="0.001"/>
  <system-out/>
  <testcase classname="LeadCreation.Leadcreation" name="Customercreation100" time="0.000"/>
  <system-out/>
  <testcase classname="LeadCreation.Leadcreation" name="Customercreation100" time="0.001"/>
  <system-out/>
  <testcase classname="LeadCreation.Leadcreation" name="Customercreation100" time="0.000"/>
  <system-out/>
  <testcase classname="LeadCreation.Leadcreation" name="Customercreation100" time="0.000"/>
  <system-out/>
  <testcase classname="LeadCreation.Leadcreation" name="Customercreation100" time="0.000"/>
  <system-out/>
  <testcase classname="LeadCreation.Leadcreation" name="Customercreation100" time="0.000"/>
  <system-out/>
  <testcase classname="LeadCreation.Leadcreation" name="Customercreation100" time="0.000"/>
  <system-out/>
  <testcase classname="LeadCreation.Leadcreation" name="Customercreation100" time="0.000"/>
  <system-out/>
  <testcase classname="LeadCreation.Leadcreation" name="Customercreation100" time="0.001"/>
  <system-out/>
  <testcase classname="LeadCreation.Leadcreation" name="Customercreation100" time="0.000"/>
  <system-out/>
  <testcase classname="LeadCreation.Leadcreation" name="Customercreation100" time="0.000"/>
  <system-out/>
  <testcase classname="LeadCreation.Leadcreation" name="Customercreation100" time="0.001"/>
  <system-out/>
  <testcase classname="LeadCreation.Leadcreation" name="Customercreation100" time="0.000"/>
  <system-out/>
  <testcase classname="LeadCreation.Leadcreation" name="Customercreation100" time="0.000"/>
  <system-out/>
  <testcase classname="LeadCreation.Leadcreation" name="Customercreation100" time="0.000"/>
  <system-out/>
  <testcase classname="LeadCreation.Leadcreation" name="Customercreation100" time="0.000"/>
  <system-out/>
  <testcase classname="LeadCreation.Leadcreation" name="Customercreation100" time="0.000"/>
  <system-out/>
  <testcase classname="LeadCreation.Leadcreation" name="Customercreation100" time="0.001"/>
  <system-out/>
  <testcase classname="LeadCreation.Leadcreation" name="Customercreation100" time="0.001"/>
  <system-out/>
  <testcase classname="LeadCreation.Leadcreation" name="Customercreation100" time="0.000"/>
  <system-out/>
  <testcase classname="LeadCreation.Leadcreation" name="Customercreation100" time="0.000"/>
  <system-out/>
  <testcase classname="LeadCreation.Leadcreation" name="Customercreation100" time="0.001"/>
  <system-out/>
  <testcase classname="LeadCreation.Leadcreation" name="Customercreation100" time="0.000"/>
  <system-out/>
  <testcase classname="LeadCreation.Leadcreation" name="Customercreation100" time="0.000"/>
  <system-out/>
  <testcase classname="LeadCreation.Leadcreation" name="Customercreation100" time="0.000"/>
  <system-out/>
  <testcase classname="LeadCreation.Leadcreation" name="Customercreation100" time="0.000"/>
  <system-out/>
  <testcase classname="LeadCreation.Leadcreation" name="Customercreation100" time="0.000"/>
  <system-out/>
  <testcase classname="LeadCreation.Leadcreation" name="Customercreation100" time="0.000"/>
  <system-out/>
  <testcase classname="LeadCreation.Leadcreation" name="Customercreation100" time="0.000"/>
  <system-out/>
  <testcase classname="LeadCreation.Leadcreation" name="Customercreation100" time="0.000"/>
  <system-out/>
  <testcase classname="LeadCreation.Leadcreation" name="Customercreation100" time="0.000"/>
  <system-out/>
  <testcase classname="LeadCreation.Leadcreation" name="Customercreation100" time="0.000"/>
  <system-out/>
  <testcase classname="LeadCreation.Leadcreation" name="Customercreation100" time="0.000"/>
  <system-out/>
  <testcase classname="LeadCreation.Leadcreation" name="Customercreation100" time="0.001"/>
  <system-out/>
  <testcase classname="LeadCreation.Leadcreation" name="Customercreation100" time="0.000"/>
  <system-out/>
  <testcase classname="LeadCreation.Leadcreation" name="Customercreation100" time="0.000"/>
  <system-out/>
  <testcase classname="LeadCreation.Leadcreation" name="Customercreation100" time="0.000"/>
  <system-out/>
  <testcase classname="LeadCreation.Leadcreation" name="Customercreation100" time="0.000"/>
  <system-out/>
  <testcase classname="LeadCreation.Leadcreation" name="Customercreation100" time="0.000"/>
  <system-out/>
  <testcase classname="LeadCreation.Leadcreation" name="Customercreation100" time="0.000"/>
  <system-out/>
  <testcase classname="LeadCreation.Leadcreation" name="Customercreation100" time="0.000"/>
  <system-out/>
  <testcase classname="LeadCreation.Leadcreation" name="Customercreation100" time="0.000"/>
  <system-out/>
  <testcase classname="LeadCreation.Leadcreation" name="Customercreation100" time="0.000"/>
  <system-out/>
  <testcase classname="LeadCreation.Leadcreation" name="Customercreation100" time="0.000"/>
  <system-out/>
  <testcase classname="LeadCreation.Leadcreation" name="Customercreation100" time="0.001"/>
  <system-out/>
  <testcase classname="LeadCreation.Leadcreation" name="Customercreation100" time="0.000"/>
  <system-out/>
  <testcase classname="LeadCreation.Leadcreation" name="Customercreation100" time="0.000"/>
  <system-out/>
  <testcase classname="LeadCreation.Leadcreation" name="Customercreation100" time="0.001"/>
  <system-out/>
  <testcase classname="LeadCreation.Leadcreation" name="Customercreation100" time="0.000"/>
  <system-out/>
  <testcase classname="LeadCreation.Leadcreation" name="Customercreation100" time="0.000"/>
  <system-out/>
  <testcase classname="LeadCreation.Leadcreation" name="Customercreation100" time="0.001"/>
  <system-out/>
  <testcase classname="LeadCreation.Leadcreation" name="Customercreation100" time="0.000"/>
  <system-out/>
  <testcase classname="LeadCreation.Leadcreation" name="Customercreation100" time="0.000"/>
  <system-out/>
  <testcase classname="LeadCreation.Leadcreation" name="Customercreation100" time="0.001"/>
  <system-out/>
  <testcase classname="LeadCreation.Leadcreation" name="Customercreation100" time="0.000"/>
  <system-out/>
  <testcase classname="LeadCreation.Leadcreation" name="Customercreation100" time="0.000"/>
  <system-out/>
  <testcase classname="LeadCreation.Leadcreation" name="Customercreation100" time="0.000"/>
  <system-out/>
  <testcase classname="LeadCreation.Leadcreation" name="Customercreation100" time="0.000"/>
  <system-out/>
  <testcase classname="LeadCreation.Leadcreation" name="Customercreation100" time="0.000"/>
  <system-out/>
  <testcase classname="LeadCreation.Leadcreation" name="Customercreation100" time="0.001"/>
  <system-out/>
  <testcase classname="LeadCreation.Leadcreation" name="Customercreation100" time="0.000"/>
  <system-out/>
  <testcase classname="LeadCreation.Leadcreation" name="Customercreation100" time="0.000"/>
  <system-out/>
  <testcase classname="LeadCreation.Leadcreation" name="Customercreation100" time="0.000"/>
  <system-out/>
  <testcase classname="LeadCreation.Leadcreation" name="Customercreation100" time="0.000"/>
  <system-out/>
  <testcase classname="LeadCreation.Leadcreation" name="Customercreation100" time="0.000"/>
  <system-out/>
  <testcase classname="LeadCreation.Leadcreation" name="Customercreation100" time="0.000"/>
  <system-out/>
  <testcase classname="LeadCreation.Leadcreation" name="Customercreation100" time="0.001"/>
  <system-out/>
  <testcase classname="LeadCreation.Leadcreation" name="Customercreation100" time="0.001"/>
  <system-out/>
  <testcase classname="LeadCreation.Leadcreation" name="Customercreation100" time="0.001"/>
  <system-out/>
  <testcase classname="LeadCreation.Leadcreation" name="Customercreation100" time="0.000"/>
  <system-out/>
  <testcase classname="LeadCreation.Leadcreation" name="Customercreation100" time="0.000"/>
  <system-out/>
  <testcase classname="LeadCreation.Leadcreation" name="Customercreation100" time="0.000"/>
  <system-out/>
  <testcase classname="LeadCreation.Leadcreation" name="Customercreation100" time="0.000"/>
  <system-out/>
  <testcase classname="LeadCreation.Leadcreation" name="Customercreation100" time="0.000"/>
  <system-out/>
  <testcase classname="LeadCreation.Leadcreation" name="Customercreation100" time="0.000"/>
  <system-out/>
  <testcase classname="LeadCreation.Leadcreation" name="Customercreation100" time="0.000"/>
  <system-out/>
  <testcase classname="LeadCreation.Leadcreation" name="Customercreation100" time="0.000"/>
  <system-out/>
  <testcase classname="LeadCreation.Leadcreation" name="Customercreation100" time="0.000"/>
  <system-out/>
  <testcase classname="LeadCreation.Leadcreation" name="Customercreation100" time="0.000"/>
  <system-out/>
  <testcase classname="LeadCreation.Leadcreation" name="Customercreation100" time="0.000"/>
  <system-out/>
  <testcase classname="LeadCreation.Leadcreation" name="Customercreation100" time="0.000"/>
  <system-out/>
  <testcase classname="LeadCreation.Leadcreation" name="Customercreation100" time="0.000"/>
  <system-out/>
  <testcase classname="LeadCreation.Leadcreation" name="Customercreation100" time="0.000"/>
  <system-out/>
  <testcase classname="LeadCreation.Leadcreation" name="Customercreation100" time="0.000"/>
  <system-out/>
  <testcase classname="LeadCreation.Leadcreation" name="Customercreation100" time="0.000"/>
  <system-out/>
  <testcase classname="LeadCreation.Leadcreation" name="Customercreation100" time="0.000"/>
  <system-out/>
  <testcase classname="LeadCreation.Leadcreation" name="Customercreation100" time="0.000"/>
  <system-out/>
  <testcase classname="LeadCreation.Leadcreation" name="Customercreation100" time="0.000"/>
  <system-out/>
  <testcase classname="LeadCreation.Leadcreation" name="Customercreation100" time="0.001"/>
  <system-out/>
  <testcase classname="LeadCreation.Leadcreation" name="Customercreation100" time="0.000"/>
  <system-out/>
  <testcase classname="LeadCreation.Leadcreation" name="Customercreation100" time="0.000"/>
  <system-out/>
  <testcase classname="LeadCreation.Leadcreation" name="Customercreation100" time="0.000"/>
  <system-out/>
  <testcase classname="LeadCreation.Leadcreation" name="Customercreation100" time="0.000"/>
  <system-out/>
  <testcase classname="LeadCreation.Leadcreation" name="Customercreation100" time="0.001"/>
  <system-out/>
  <testcase classname="LeadCreation.Leadcreation" name="Customercreation100" time="0.000"/>
  <system-out/>
  <testcase classname="LeadCreation.Leadcreation" name="Customercreation100" time="0.000"/>
  <system-out/>
  <testcase classname="LeadCreation.Leadcreation" name="Customercreation100" time="0.001"/>
  <system-out/>
  <testcase classname="LeadCreation.Leadcreation" name="Customercreation100" time="0.000"/>
  <system-out/>
  <testcase classname="LeadCreation.Leadcreation" name="Customercreation100" time="0.000"/>
  <system-out/>
  <testcase classname="LeadCreation.Leadcreation" name="Customercreation100" time="0.000"/>
  <system-out/>
  <testcase classname="LeadCreation.Leadcreation" name="Customercreation100" time="0.001"/>
  <system-out/>
  <testcase classname="LeadCreation.Leadcreation" name="Customercreation100" time="0.000"/>
  <system-out/>
  <testcase classname="LeadCreation.Leadcreation" name="Customercreation100" time="0.001"/>
  <system-out/>
  <testcase classname="LeadCreation.Leadcreation" name="Customercreation100" time="0.000"/>
  <system-out/>
  <testcase classname="LeadCreation.Leadcreation" name="Customercreation100" time="0.000"/>
  <system-out/>
  <testcase classname="LeadCreation.Leadcreation" name="Customercreation100" time="0.001"/>
  <system-out/>
  <testcase classname="LeadCreation.Leadcreation" name="Customercreation100" time="0.000"/>
  <system-out/>
  <testcase classname="LeadCreation.Leadcreation" name="Customercreation100" time="0.000"/>
  <system-out/>
  <testcase classname="LeadCreation.Leadcreation" name="Customercreation100" time="0.000"/>
  <system-out/>
  <testcase classname="LeadCreation.Leadcreation" name="Customercreation100" time="0.000"/>
  <system-out/>
  <testcase classname="LeadCreation.Leadcreation" name="Customercreation100" time="0.000"/>
  <system-out/>
  <testcase classname="LeadCreation.Leadcreation" name="Customercreation100" time="0.000"/>
  <system-out/>
  <testcase classname="LeadCreation.Leadcreation" name="Customercreation100" time="0.000"/>
  <system-out/>
  <testcase classname="LeadCreation.Leadcreation" name="Customercreation100" time="0.000"/>
  <system-out/>
  <testcase classname="LeadCreation.Leadcreation" name="Customercreation100" time="0.000"/>
  <system-out/>
  <testcase classname="LeadCreation.Leadcreation" name="Customercreation100" time="0.001"/>
  <system-out/>
  <testcase classname="LeadCreation.Leadcreation" name="Customercreation100" time="0.000"/>
  <system-out/>
  <testcase classname="LeadCreation.Leadcreation" name="Customercreation100" time="0.000"/>
  <system-out/>
  <testcase classname="LeadCreation.Leadcreation" name="Customercreation100" time="0.000"/>
  <system-out/>
  <testcase classname="LeadCreation.Leadcreation" name="Customercreation100" time="0.000"/>
  <system-out/>
  <testcase classname="LeadCreation.Leadcreation" name="Customercreation100" time="0.001"/>
  <system-out/>
  <testcase classname="LeadCreation.Leadcreation" name="Customercreation100" time="0.000"/>
  <system-out/>
  <testcase classname="LeadCreation.Leadcreation" name="Customercreation100" time="0.000"/>
  <system-out/>
  <testcase classname="LeadCreation.Leadcreation" name="Customercreation100" time="0.001"/>
  <system-out/>
  <testcase classname="LeadCreation.Leadcreation" name="Customercreation100" time="0.000"/>
  <system-out/>
  <testcase classname="LeadCreation.Leadcreation" name="Customercreation100" time="0.000"/>
  <system-out/>
  <testcase classname="LeadCreation.Leadcreation" name="Customercreation100" time="0.000"/>
  <system-out/>
  <testcase classname="LeadCreation.Leadcreation" name="Customercreation100" time="0.000"/>
  <system-out/>
  <testcase classname="LeadCreation.Leadcreation" name="Customercreation100" time="0.000"/>
  <system-out/>
  <testcase classname="LeadCreation.Leadcreation" name="Customercreation100" time="0.000"/>
  <system-out/>
  <testcase classname="LeadCreation.Leadcreation" name="Customercreation100" time="0.000"/>
  <system-out/>
  <testcase classname="LeadCreation.Leadcreation" name="Customercreation100" time="0.000"/>
  <system-out/>
  <testcase classname="LeadCreation.Leadcreation" name="Customercreation100" time="0.000"/>
  <system-out/>
  <testcase classname="LeadCreation.Leadcreation" name="Customercreation100" time="0.000"/>
  <system-out/>
  <testcase classname="LeadCreation.Leadcreation" name="Customercreation100" time="0.001"/>
  <system-out/>
  <testcase classname="LeadCreation.Leadcreation" name="Customercreation100" time="0.000"/>
  <system-out/>
  <testcase classname="LeadCreation.Leadcreation" name="Customercreation100" time="0.000"/>
  <system-out/>
  <testcase classname="LeadCreation.Leadcreation" name="Customercreation100" time="0.001"/>
  <system-out/>
  <testcase classname="LeadCreation.Leadcreation" name="Customercreation100" time="0.000"/>
  <system-out/>
  <testcase classname="LeadCreation.Leadcreation" name="Customercreation100" time="0.001"/>
  <system-out/>
  <testcase classname="LeadCreation.Leadcreation" name="Customercreation100" time="0.000"/>
  <system-out/>
  <testcase classname="LeadCreation.Leadcreation" name="Customercreation100" time="0.001"/>
  <system-out/>
  <testcase classname="LeadCreation.Leadcreation" name="Customercreation100" time="0.001"/>
  <system-out/>
  <testcase classname="LeadCreation.Leadcreation" name="Customercreation100" time="0.000"/>
  <system-out/>
  <testcase classname="LeadCreation.Leadcreation" name="Customercreation100" time="0.000"/>
  <system-out/>
  <testcase classname="LeadCreation.Leadcreation" name="Customercreation100" time="0.000"/>
  <system-out/>
  <testcase classname="LeadCreation.Leadcreation" name="Customercreation100" time="0.000"/>
  <system-out/>
  <testcase classname="LeadCreation.Leadcreation" name="Customercreation100" time="0.000"/>
  <system-out/>
  <testcase classname="LeadCreation.Leadcreation" name="Customercreation100" time="0.000"/>
  <system-out/>
  <testcase classname="LeadCreation.Leadcreation" name="Customercreation100" time="0.000"/>
  <system-out/>
  <testcase classname="LeadCreation.Leadcreation" name="Customercreation100" time="0.000"/>
  <system-out/>
  <testcase classname="LeadCreation.Leadcreation" name="Customercreation100" time="0.000"/>
  <system-out/>
  <testcase classname="LeadCreation.Leadcreation" name="Customercreation100" time="0.000"/>
  <system-out/>
  <testcase classname="LeadCreation.Leadcreation" name="Customercreation100" time="0.000"/>
  <system-out/>
  <testcase classname="LeadCreation.Leadcreation" name="Customercreation100" time="0.000"/>
  <system-out/>
  <testcase classname="LeadCreation.Leadcreation" name="Customercreation100" time="0.000"/>
  <system-out/>
  <testcase classname="LeadCreation.Leadcreation" name="Customercreation100" time="0.000"/>
  <system-out/>
  <testcase classname="LeadCreation.Leadcreation" name="Customercreation100" time="0.000"/>
  <system-out/>
  <testcase classname="LeadCreation.Leadcreation" name="Customercreation100" time="0.001"/>
  <system-out/>
  <testcase classname="LeadCreation.Leadcreation" name="Customercreation100" time="0.000"/>
  <system-out/>
  <testcase classname="LeadCreation.Leadcreation" name="Customercreation100" time="0.000"/>
  <system-out/>
  <testcase classname="LeadCreation.Leadcreation" name="Customercreation100" time="0.000"/>
  <system-out/>
  <testcase classname="LeadCreation.Leadcreation" name="Customercreation100" time="0.000"/>
  <system-out/>
  <testcase classname="LeadCreation.Leadcreation" name="Customercreation100" time="0.000"/>
  <system-out/>
  <testcase classname="LeadCreation.Leadcreation" name="Customercreation100" time="0.001"/>
  <system-out/>
  <testcase classname="LeadCreation.Leadcreation" name="Customercreation100" time="0.001"/>
  <system-out/>
  <testcase classname="LeadCreation.Leadcreation" name="Customercreation100" time="0.001"/>
  <system-out/>
  <testcase classname="LeadCreation.Leadcreation" name="Customercreation100" time="0.000"/>
  <system-out/>
  <testcase classname="LeadCreation.Leadcreation" name="Customercreation100" time="0.000"/>
  <system-out/>
  <testcase classname="LeadCreation.Leadcreation" name="Customercreation100" time="0.001"/>
  <system-out/>
  <testcase classname="LeadCreation.Leadcreation" name="Customercreation100" time="0.000"/>
  <system-out/>
  <testcase classname="LeadCreation.Leadcreation" name="Customercreation100" time="0.000"/>
  <system-out/>
  <testcase classname="LeadCreation.Leadcreation" name="Customercreation100" time="0.000"/>
  <system-out/>
  <testcase classname="LeadCreation.Leadcreation" name="Customercreation100" time="0.000"/>
  <system-out/>
  <testcase classname="LeadCreation.Leadcreation" name="Customercreation100" time="0.000"/>
  <system-out/>
  <testcase classname="LeadCreation.Leadcreation" name="Customercreation100" time="0.000"/>
  <system-out/>
  <testcase classname="LeadCreation.Leadcreation" name="Customercreation100" time="0.000"/>
  <system-out/>
  <testcase classname="LeadCreation.Leadcreation" name="Customercreation100" time="0.000"/>
  <system-out/>
  <testcase classname="LeadCreation.Leadcreation" name="Customercreation100" time="0.001"/>
  <system-out/>
  <testcase classname="LeadCreation.Leadcreation" name="Customercreation100" time="0.000"/>
  <system-out/>
  <testcase classname="LeadCreation.Leadcreation" name="Customercreation100" time="0.000"/>
  <system-out/>
  <testcase classname="LeadCreation.Leadcreation" name="Customercreation100" time="0.000"/>
  <system-out/>
  <testcase classname="LeadCreation.Leadcreation" name="Customercreation100" time="0.000"/>
  <system-out/>
  <testcase classname="LeadCreation.Leadcreation" name="Customercreation100" time="0.000"/>
  <system-out/>
  <testcase classname="LeadCreation.Leadcreation" name="Customercreation100" time="0.000"/>
  <system-out/>
  <testcase classname="LeadCreation.Leadcreation" name="Customercreation100" time="0.000"/>
  <system-out/>
  <testcase classname="LeadCreation.Leadcreation" name="Customercreation100" time="0.000"/>
  <system-out/>
  <testcase classname="LeadCreation.Leadcreation" name="Customercreation100" time="0.000"/>
  <system-out/>
  <testcase classname="LeadCreation.Leadcreation" name="Customercreation100" time="0.000"/>
  <system-out/>
  <testcase classname="LeadCreation.Leadcreation" name="Customercreation100" time="0.000"/>
  <system-out/>
  <testcase classname="LeadCreation.Leadcreation" name="Customercreation100" time="0.000"/>
  <system-out/>
  <testcase classname="LeadCreation.Leadcreation" name="Customercreation100" time="0.000"/>
  <system-out/>
  <testcase classname="LeadCreation.Leadcreation" name="Customercreation100" time="0.000"/>
  <system-out/>
  <testcase classname="LeadCreation.Leadcreation" name="Customercreation100" time="0.000"/>
  <system-out/>
  <testcase classname="LeadCreation.Leadcreation" name="Customercreation100" time="0.001"/>
  <system-out/>
  <testcase classname="LeadCreation.Leadcreation" name="Customercreation100" time="0.000"/>
  <system-out/>
  <testcase classname="LeadCreation.Leadcreation" name="Customercreation100" time="0.000"/>
  <system-out/>
  <testcase classname="LeadCreation.Leadcreation" name="Customercreation100" time="0.000"/>
  <system-out/>
  <testcase classname="LeadCreation.Leadcreation" name="Customercreation100" time="0.001"/>
  <system-out/>
  <testcase classname="LeadCreation.Leadcreation" name="Customercreation100" time="0.000"/>
  <system-out/>
  <testcase classname="LeadCreation.Leadcreation" name="Customercreation100" time="0.000"/>
  <system-out/>
  <testcase classname="LeadCreation.Leadcreation" name="Customercreation100" time="0.000"/>
  <system-out/>
  <testcase classname="LeadCreation.Leadcreation" name="Customercreation100" time="0.001"/>
  <system-out/>
  <testcase classname="LeadCreation.Leadcreation" name="Customercreation100" time="0.000"/>
  <system-out/>
  <testcase classname="LeadCreation.Leadcreation" name="Customercreation100" time="0.001"/>
  <system-out/>
  <testcase classname="LeadCreation.Leadcreation" name="Customercreation100" time="0.001"/>
  <system-out/>
  <testcase classname="LeadCreation.Leadcreation" name="Customercreation100" time="0.000"/>
  <system-out/>
  <testcase classname="LeadCreation.Leadcreation" name="Customercreation100" time="0.001"/>
  <system-out/>
  <testcase classname="LeadCreation.Leadcreation" name="Customercreation100" time="0.000"/>
  <system-out/>
  <testcase classname="LeadCreation.Leadcreation" name="Customercreation100" time="0.001"/>
  <system-out/>
  <testcase classname="LeadCreation.Leadcreation" name="Customercreation100" time="0.000"/>
  <system-out/>
  <testcase classname="LeadCreation.Leadcreation" name="Customercreation100" time="0.000"/>
  <system-out/>
  <testcase classname="LeadCreation.Leadcreation" name="Customercreation100" time="0.000"/>
  <system-out/>
  <testcase classname="LeadCreation.Leadcreation" name="Customercreation100" time="0.000"/>
  <system-out/>
  <testcase classname="LeadCreation.Leadcreation" name="Customercreation100" time="0.000"/>
  <system-out/>
  <testcase classname="LeadCreation.Leadcreation" name="Customercreation100" time="0.000"/>
  <system-out/>
  <testcase classname="LeadCreation.Leadcreation" name="Customercreation100" time="0.000"/>
  <system-out/>
  <testcase classname="LeadCreation.Leadcreation" name="Customercreation100" time="0.000"/>
  <system-out/>
  <testcase classname="LeadCreation.Leadcreation" name="Customercreation100" time="0.000"/>
  <system-out/>
  <testcase classname="LeadCreation.Leadcreation" name="Customercreation100" time="0.000"/>
  <system-out/>
  <testcase classname="LeadCreation.Leadcreation" name="Customercreation100" time="0.000"/>
  <system-out/>
  <testcase classname="LeadCreation.Leadcreation" name="Customercreation100" time="0.001"/>
  <system-out/>
  <testcase classname="LeadCreation.Leadcreation" name="Customercreation100" time="0.000"/>
  <system-out/>
  <testcase classname="LeadCreation.Leadcreation" name="Customercreation100" time="0.000"/>
  <system-out/>
  <testcase classname="LeadCreation.Leadcreation" name="Customercreation100" time="0.000"/>
  <system-out/>
  <testcase classname="LeadCreation.Leadcreation" name="Customercreation100" time="0.001"/>
  <system-out/>
  <testcase classname="LeadCreation.Leadcreation" name="Customercreation100" time="0.000"/>
  <system-out/>
  <testcase classname="LeadCreation.Leadcreation" name="Customercreation100" time="0.000"/>
  <system-out/>
  <testcase classname="LeadCreation.Leadcreation" name="Customercreation100" time="0.000"/>
  <system-out/>
  <testcase classname="LeadCreation.Leadcreation" name="Customercreation100" time="0.000"/>
  <system-out/>
  <testcase classname="LeadCreation.Leadcreation" name="Customercreation100" time="0.000"/>
  <system-out/>
  <testcase classname="LeadCreation.Leadcreation" name="Customercreation100" time="0.000"/>
  <system-out/>
  <testcase classname="LeadCreation.Leadcreation" name="Customercreation100" time="0.000"/>
  <system-out/>
  <testcase classname="LeadCreation.Leadcreation" name="Customercreation100" time="0.000"/>
  <system-out/>
  <testcase classname="LeadCreation.Leadcreation" name="Customercreation100" time="0.000"/>
  <system-out/>
  <testcase classname="LeadCreation.Leadcreation" name="Customercreation100" time="0.000"/>
  <system-out/>
  <testcase classname="LeadCreation.Leadcreation" name="Customercreation100" time="0.000"/>
  <system-out/>
  <testcase classname="LeadCreation.Leadcreation" name="Customercreation100" time="0.000"/>
  <system-out/>
  <testcase classname="LeadCreation.Leadcreation" name="Customercreation100" time="0.000"/>
  <system-out/>
  <testcase classname="LeadCreation.Leadcreation" name="Customercreation100" time="0.000"/>
  <system-out/>
  <testcase classname="LeadCreation.Leadcreation" name="Customercreation100" time="0.000"/>
  <system-out/>
  <testcase classname="LeadCreation.Leadcreation" name="Customercreation100" time="0.000"/>
  <system-out/>
  <testcase classname="LeadCreation.Leadcreation" name="Customercreation100" time="0.000"/>
  <system-out/>
  <testcase classname="LeadCreation.Leadcreation" name="Customercreation100" time="0.000"/>
  <system-out/>
  <testcase classname="LeadCreation.Leadcreation" name="Customercreation100" time="0.000"/>
  <system-out/>
  <testcase classname="LeadCreation.Leadcreation" name="Customercreation100" time="0.000"/>
  <system-out/>
  <testcase classname="LeadCreation.Leadcreation" name="Customercreation100" time="0.000"/>
  <system-out/>
  <testcase classname="LeadCreation.Leadcreation" name="Customercreation100" time="0.000"/>
  <system-out/>
  <testcase classname="LeadCreation.Leadcreation" name="Customercreation100" time="0.001"/>
  <system-out/>
  <testcase classname="LeadCreation.Leadcreation" name="Customercreation100" time="0.001"/>
  <system-out/>
  <testcase classname="LeadCreation.Leadcreation" name="Customercreation100" time="0.000"/>
  <system-out/>
  <testcase classname="LeadCreation.Leadcreation" name="Customercreation100" time="0.001"/>
  <system-out/>
  <testcase classname="LeadCreation.Leadcreation" name="Customercreation100" time="0.000"/>
  <system-out/>
  <testcase classname="LeadCreation.Leadcreation" name="Customercreation100" time="0.000"/>
  <system-out/>
  <testcase classname="LeadCreation.Leadcreation" name="Customercreation100" time="0.000"/>
  <system-out/>
  <testcase classname="LeadCreation.Leadcreation" name="Customercreation100" time="0.000"/>
  <system-out/>
  <testcase classname="LeadCreation.Leadcreation" name="Customercreation100" time="0.000"/>
  <system-out/>
  <testcase classname="LeadCreation.Leadcreation" name="Customercreation100" time="0.001"/>
  <system-out/>
  <testcase classname="LeadCreation.Leadcreation" name="Customercreation100" time="0.000"/>
  <system-out/>
  <testcase classname="LeadCreation.Leadcreation" name="Customercreation100" time="0.000"/>
  <system-out/>
  <testcase classname="LeadCreation.Leadcreation" name="Customercreation100" time="0.000"/>
  <system-out/>
  <testcase classname="LeadCreation.Leadcreation" name="Customercreation100" time="0.000"/>
  <system-out/>
  <testcase classname="LeadCreation.Leadcreation" name="Customercreation100" time="0.000"/>
  <system-out/>
  <testcase classname="LeadCreation.Leadcreation" name="Customercreation100" time="0.000"/>
  <system-out/>
  <testcase classname="LeadCreation.Leadcreation" name="Customercreation100" time="0.001"/>
  <system-out/>
  <testcase classname="LeadCreation.Leadcreation" name="Customercreation100" time="0.000"/>
  <system-out/>
  <testcase classname="LeadCreation.Leadcreation" name="Customercreation100" time="0.000"/>
  <system-out/>
  <testcase classname="LeadCreation.Leadcreation" name="Customercreation100" time="0.001"/>
  <system-out/>
  <testcase classname="LeadCreation.Leadcreation" name="Customercreation100" time="0.000"/>
  <system-out/>
  <testcase classname="LeadCreation.Leadcreation" name="Customercreation100" time="0.000"/>
  <system-out/>
  <testcase classname="LeadCreation.Leadcreation" name="Customercreation100" time="0.000"/>
  <system-out/>
  <testcase classname="LeadCreation.Leadcreation" name="Customercreation100" time="0.000"/>
  <system-out/>
  <testcase classname="LeadCreation.Leadcreation" name="Customercreation100" time="0.000"/>
  <system-out/>
  <testcase classname="LeadCreation.Leadcreation" name="Customercreation100" time="0.000"/>
  <system-out/>
  <testcase classname="LeadCreation.Leadcreation" name="Customercreation100" time="0.000"/>
  <system-out/>
  <testcase classname="LeadCreation.Leadcreation" name="Customercreation100" time="0.000"/>
  <system-out/>
  <testcase classname="LeadCreation.Leadcreation" name="Customercreation100" time="0.000"/>
  <system-out/>
  <testcase classname="LeadCreation.Leadcreation" name="Customercreation100" time="0.000"/>
  <system-out/>
  <testcase classname="LeadCreation.Leadcreation" name="Customercreation100" time="0.001"/>
  <system-out/>
  <testcase classname="LeadCreation.Leadcreation" name="Customercreation100" time="0.000"/>
  <system-out/>
  <testcase classname="LeadCreation.Leadcreation" name="Customercreation100" time="0.000"/>
  <system-out/>
  <testcase classname="LeadCreation.Leadcreation" name="Customercreation100" time="0.001"/>
  <system-out/>
  <testcase classname="LeadCreation.Leadcreation" name="Customercreation100" time="0.000"/>
  <system-out/>
  <testcase classname="LeadCreation.Leadcreation" name="Customercreation100" time="0.001"/>
  <system-out/>
  <testcase classname="LeadCreation.Leadcreation" name="Customercreation100" time="0.000"/>
  <system-out/>
  <testcase classname="LeadCreation.Leadcreation" name="Customercreation100" time="0.001"/>
  <system-out/>
  <testcase classname="LeadCreation.Leadcreation" name="Customercreation100" time="0.001"/>
  <system-out/>
  <testcase classname="LeadCreation.Leadcreation" name="Customercreation100" time="0.000"/>
  <system-out/>
  <testcase classname="LeadCreation.Leadcreation" name="Customercreation100" time="0.000"/>
  <system-out/>
  <testcase classname="LeadCreation.Leadcreation" name="Customercreation100" time="0.000"/>
  <system-out/>
  <testcase classname="LeadCreation.Leadcreation" name="Customercreation100" time="0.000"/>
  <system-out/>
  <testcase classname="LeadCreation.Leadcreation" name="Customercreation100" time="0.000"/>
  <system-out/>
  <testcase classname="LeadCreation.Leadcreation" name="Customercreation100" time="0.000"/>
  <system-out/>
  <testcase classname="LeadCreation.Leadcreation" name="Customercreation100" time="0.001"/>
  <system-out/>
  <testcase classname="LeadCreation.Leadcreation" name="Customercreation100" time="0.000"/>
  <system-out/>
  <testcase classname="LeadCreation.Leadcreation" name="Customercreation100" time="0.001"/>
  <system-out/>
  <testcase classname="LeadCreation.Leadcreation" name="Customercreation100" time="0.001"/>
  <system-out/>
  <testcase classname="LeadCreation.Leadcreation" name="Customercreation100" time="0.001"/>
  <system-out/>
  <testcase classname="LeadCreation.Leadcreation" name="Customercreation100" time="0.000"/>
  <system-out/>
  <testcase classname="LeadCreation.Leadcreation" name="Customercreation100" time="0.000"/>
  <system-out/>
  <testcase classname="LeadCreation.Leadcreation" name="Customercreation100" time="0.000"/>
  <system-out/>
  <testcase classname="LeadCreation.Leadcreation" name="Customercreation100" time="0.000"/>
  <system-out/>
  <testcase classname="LeadCreation.Leadcreation" name="Customercreation100" time="0.000"/>
  <system-out/>
  <testcase classname="LeadCreation.Leadcreation" name="Customercreation100" time="0.000"/>
  <system-out/>
  <testcase classname="LeadCreation.Leadcreation" name="Customercreation100" time="0.000"/>
  <system-out/>
  <testcase classname="LeadCreation.Leadcreation" name="Customercreation100" time="0.000"/>
  <system-out/>
  <testcase classname="LeadCreation.Leadcreation" name="Customercreation100" time="0.000"/>
  <system-out/>
  <testcase classname="LeadCreation.Leadcreation" name="Customercreation100" time="0.000"/>
  <system-out/>
  <testcase classname="LeadCreation.Leadcreation" name="Customercreation100" time="0.002"/>
  <system-out/>
  <testcase classname="LeadCreation.Leadcreation" name="Customercreation100" time="0.000"/>
  <system-out/>
  <testcase classname="LeadCreation.Leadcreation" name="Customercreation100" time="0.000"/>
  <system-out/>
  <testcase classname="LeadCreation.Leadcreation" name="Customercreation100" time="0.000"/>
  <system-out/>
  <testcase classname="LeadCreation.Leadcreation" name="Customercreation100" time="0.000"/>
  <system-out/>
  <testcase classname="LeadCreation.Leadcreation" name="Customercreation100" time="0.001"/>
  <system-out/>
  <testcase classname="LeadCreation.Leadcreation" name="Customercreation100" time="0.001"/>
  <system-out/>
  <testcase classname="LeadCreation.Leadcreation" name="Customercreation100" time="0.000"/>
  <system-out/>
  <testcase classname="LeadCreation.Leadcreation" name="Customercreation100" time="0.000"/>
  <system-out/>
  <testcase classname="LeadCreation.Leadcreation" name="Customercreation100" time="0.000"/>
  <system-out/>
  <testcase classname="LeadCreation.Leadcreation" name="Customercreation100" time="0.000"/>
  <system-out/>
  <testcase classname="LeadCreation.Leadcreation" name="Customercreation100" time="0.000"/>
  <system-out/>
  <testcase classname="LeadCreation.Leadcreation" name="Customercreation100" time="0.000"/>
  <system-out/>
  <testcase classname="LeadCreation.Leadcreation" name="Customercreation100" time="0.000"/>
  <system-out/>
  <testcase classname="LeadCreation.Leadcreation" name="Customercreation100" time="0.000"/>
  <system-out/>
  <testcase classname="LeadCreation.Leadcreation" name="Customercreation100" time="0.000"/>
  <system-out/>
  <testcase classname="LeadCreation.Leadcreation" name="Customercreation100" time="0.000"/>
  <system-out/>
  <testcase classname="LeadCreation.Leadcreation" name="Customercreation100" time="0.001"/>
  <system-out/>
  <testcase classname="LeadCreation.Leadcreation" name="Customercreation100" time="0.000"/>
  <system-out/>
  <testcase classname="LeadCreation.Leadcreation" name="Customercreation100" time="0.000"/>
  <system-out/>
  <testcase classname="LeadCreation.Leadcreation" name="Customercreation100" time="0.000"/>
  <system-out/>
  <testcase classname="LeadCreation.Leadcreation" name="Customercreation100" time="0.000"/>
  <system-out/>
  <testcase classname="LeadCreation.Leadcreation" name="Customercreation100" time="0.000"/>
  <system-out/>
  <testcase classname="LeadCreation.Leadcreation" name="Customercreation100" time="0.000"/>
  <system-out/>
  <testcase classname="LeadCreation.Leadcreation" name="Customercreation100" time="0.000"/>
  <system-out/>
  <testcase classname="LeadCreation.Leadcreation" name="Customercreation100" time="0.001"/>
  <system-out/>
  <testcase classname="LeadCreation.Leadcreation" name="Customercreation100" time="0.000"/>
  <system-out/>
  <testcase classname="LeadCreation.Leadcreation" name="Customercreation100" time="0.001"/>
  <system-out/>
  <testcase classname="LeadCreation.Leadcreation" name="Customercreation100" time="0.000"/>
  <system-out/>
  <testcase classname="LeadCreation.Leadcreation" name="Customercreation100" time="0.000"/>
  <system-out/>
  <testcase classname="LeadCreation.Leadcreation" name="Customercreation100" time="0.000"/>
  <system-out/>
  <testcase classname="LeadCreation.Leadcreation" name="Customercreation100" time="0.000"/>
  <system-out/>
  <testcase classname="LeadCreation.Leadcreation" name="Customercreation100" time="0.000"/>
  <system-out/>
  <testcase classname="LeadCreation.Leadcreation" name="Customercreation100" time="0.001"/>
  <system-out/>
  <testcase classname="LeadCreation.Leadcreation" name="Customercreation100" time="0.001"/>
  <system-out/>
  <testcase classname="LeadCreation.Leadcreation" name="Customercreation100" time="0.000"/>
  <system-out/>
  <testcase classname="LeadCreation.Leadcreation" name="Customercreation100" time="0.000"/>
  <system-out/>
  <testcase classname="LeadCreation.Leadcreation" name="Customercreation100" time="0.000"/>
  <system-out/>
  <testcase classname="LeadCreation.Leadcreation" name="Customercreation100" time="0.000"/>
  <system-out/>
  <testcase classname="LeadCreation.Leadcreation" name="Customercreation100" time="0.000"/>
  <system-out/>
  <testcase classname="LeadCreation.Leadcreation" name="Customercreation100" time="0.000"/>
  <system-out/>
  <testcase classname="LeadCreation.Leadcreation" name="Customercreation100" time="0.000"/>
  <system-out/>
  <testcase classname="LeadCreation.Leadcreation" name="Customercreation100" time="0.000"/>
  <system-out/>
  <testcase classname="LeadCreation.Leadcreation" name="Customercreation100" time="0.000"/>
  <system-out/>
  <testcase classname="LeadCreation.Leadcreation" name="Customercreation100" time="0.000"/>
  <system-out/>
  <testcase classname="LeadCreation.Leadcreation" name="Customercreation100" time="0.000"/>
  <system-out/>
  <testcase classname="LeadCreation.Leadcreation" name="Customercreation100" time="0.000"/>
  <system-out/>
  <testcase classname="LeadCreation.Leadcreation" name="Customercreation100" time="0.000"/>
  <system-out/>
  <testcase classname="LeadCreation.Leadcreation" name="Customercreation100" time="0.000"/>
  <system-out/>
  <testcase classname="LeadCreation.Leadcreation" name="Customercreation100" time="0.001"/>
  <system-out/>
  <testcase classname="LeadCreation.Leadcreation" name="Customercreation100" time="0.001"/>
  <system-out/>
  <testcase classname="LeadCreation.Leadcreation" name="Customercreation100" time="0.000"/>
  <system-out/>
  <testcase classname="LeadCreation.Leadcreation" name="Customercreation100" time="0.000"/>
  <system-out/>
  <testcase classname="LeadCreation.Leadcreation" name="Customercreation100" time="0.000"/>
  <system-out/>
  <testcase classname="LeadCreation.Leadcreation" name="Customercreation100" time="0.000"/>
  <system-out/>
  <testcase classname="LeadCreation.Leadcreation" name="Customercreation100" time="0.001"/>
  <system-out/>
  <testcase classname="LeadCreation.Leadcreation" name="Customercreation100" time="0.000"/>
  <system-out/>
  <testcase classname="LeadCreation.Leadcreation" name="Customercreation100" time="0.000"/>
  <system-out/>
  <testcase classname="LeadCreation.Leadcreation" name="Customercreation100" time="0.001"/>
  <system-out/>
  <testcase classname="LeadCreation.Leadcreation" name="Customercreation100" time="0.000"/>
  <system-out/>
  <testcase classname="LeadCreation.Leadcreation" name="Customercreation100" time="0.000"/>
  <system-out/>
  <testcase classname="LeadCreation.Leadcreation" name="Customercreation100" time="0.000"/>
  <system-out/>
  <testcase classname="LeadCreation.Leadcreation" name="Customercreation100" time="0.000"/>
  <system-out/>
  <testcase classname="LeadCreation.Leadcreation" name="Customercreation100" time="0.000"/>
  <system-out/>
  <testcase classname="LeadCreation.Leadcreation" name="Customercreation100" time="0.001"/>
  <system-out/>
  <testcase classname="LeadCreation.Leadcreation" name="Customercreation100" time="0.000"/>
  <system-out/>
  <testcase classname="LeadCreation.Leadcreation" name="Customercreation100" time="0.000"/>
  <system-out/>
  <testcase classname="LeadCreation.Leadcreation" name="Customercreation100" time="0.001"/>
  <system-out/>
  <testcase classname="LeadCreation.Leadcreation" name="Customercreation100" time="0.001"/>
  <system-out/>
  <testcase classname="LeadCreation.Leadcreation" name="Customercreation100" time="0.000"/>
  <system-out/>
  <testcase classname="LeadCreation.Leadcreation" name="Customercreation100" time="0.000"/>
  <system-out/>
  <testcase classname="LeadCreation.Leadcreation" name="Customercreation100" time="0.000"/>
  <system-out/>
  <testcase classname="LeadCreation.Leadcreation" name="Customercreation100" time="0.000"/>
  <system-out/>
  <testcase classname="LeadCreation.Leadcreation" name="Customercreation100" time="0.001"/>
  <system-out/>
  <testcase classname="LeadCreation.Leadcreation" name="Customercreation100" time="0.000"/>
  <system-out/>
  <testcase classname="LeadCreation.Leadcreation" name="Customercreation100" time="0.001"/>
  <system-out/>
  <testcase classname="LeadCreation.Leadcreation" name="Customercreation100" time="0.001"/>
  <system-out/>
  <testcase classname="LeadCreation.Leadcreation" name="Customercreation100" time="0.000"/>
  <system-out/>
  <testcase classname="LeadCreation.Leadcreation" name="Customercreation100" time="0.000"/>
  <system-out/>
  <testcase classname="LeadCreation.Leadcreation" name="Customercreation100" time="0.000"/>
  <system-out/>
  <testcase classname="LeadCreation.Leadcreation" name="Customercreation100" time="0.001"/>
  <system-out/>
  <testcase classname="LeadCreation.Leadcreation" name="Customercreation100" time="0.000"/>
  <system-out/>
  <testcase classname="LeadCreation.Leadcreation" name="Customercreation100" time="0.001"/>
  <system-out/>
  <testcase classname="LeadCreation.Leadcreation" name="Customercreation100" time="0.001"/>
  <system-out/>
  <testcase classname="LeadCreation.Leadcreation" name="Customercreation100" time="0.000"/>
  <system-out/>
  <testcase classname="LeadCreation.Leadcreation" name="Customercreation100" time="0.000"/>
  <system-out/>
  <testcase classname="LeadCreation.Leadcreation" name="Customercreation100" time="0.000"/>
  <system-out/>
  <testcase classname="LeadCreation.Leadcreation" name="Customercreation100" time="0.000"/>
  <system-out/>
  <testcase classname="LeadCreation.Leadcreation" name="Customercreation100" time="0.001"/>
  <system-out/>
  <testcase classname="LeadCreation.Leadcreation" name="Customercreation100" time="0.001"/>
  <system-out/>
  <testcase classname="LeadCreation.Leadcreation" name="Customercreation100" time="0.001"/>
  <system-out/>
  <testcase classname="LeadCreation.Leadcreation" name="Customercreation100" time="0.000"/>
  <system-out/>
  <testcase classname="LeadCreation.Leadcreation" name="Customercreation100" time="0.000"/>
  <system-out/>
  <testcase classname="LeadCreation.Leadcreation" name="Customercreation100" time="0.000"/>
  <system-out/>
  <testcase classname="LeadCreation.Leadcreation" name="Customercreation100" time="0.000"/>
  <system-out/>
  <testcase classname="LeadCreation.Leadcreation" name="Customercreation100" time="0.000"/>
  <system-out/>
  <testcase classname="LeadCreation.Leadcreation" name="Customercreation100" time="0.000"/>
  <system-out/>
  <testcase classname="LeadCreation.Leadcreation" name="Customercreation100" time="0.000"/>
  <system-out/>
  <testcase classname="LeadCreation.Leadcreation" name="Customercreation100" time="0.001"/>
  <system-out/>
  <testcase classname="LeadCreation.Leadcreation" name="Customercreation100" time="0.001"/>
  <system-out/>
  <testcase classname="LeadCreation.Leadcreation" name="Customercreation100" time="0.001"/>
  <system-out/>
  <testcase classname="LeadCreation.Leadcreation" name="Customercreation100" time="0.000"/>
  <system-out/>
  <testcase classname="LeadCreation.Leadcreation" name="Customercreation100" time="0.000"/>
  <system-out/>
  <testcase classname="LeadCreation.Leadcreation" name="Customercreation100" time="0.001"/>
  <system-out/>
  <testcase classname="LeadCreation.Leadcreation" name="Customercreation100" time="0.000"/>
  <system-out/>
  <testcase classname="LeadCreation.Leadcreation" name="Customercreation100" time="0.000"/>
  <system-out/>
  <testcase classname="LeadCreation.Leadcreation" name="Customercreation100" time="0.000"/>
  <system-out/>
  <testcase classname="LeadCreation.Leadcreation" name="Customercreation100" time="0.000"/>
  <system-out/>
  <testcase classname="LeadCreation.Leadcreation" name="Customercreation100" time="0.000"/>
  <system-out/>
  <testcase classname="LeadCreation.Leadcreation" name="Customercreation100" time="0.000"/>
  <system-out/>
  <testcase classname="LeadCreation.Leadcreation" name="Customercreation100" time="0.000"/>
  <system-out/>
  <testcase classname="LeadCreation.Leadcreation" name="Customercreation100" time="0.000"/>
  <system-out/>
  <testcase classname="LeadCreation.Leadcreation" name="Customercreation100" time="0.001"/>
  <system-out/>
  <testcase classname="LeadCreation.Leadcreation" name="Customercreation100" time="0.000"/>
  <system-out/>
  <testcase classname="LeadCreation.Leadcreation" name="Customercreation100" time="0.000"/>
  <system-out/>
  <testcase classname="LeadCreation.Leadcreation" name="Customercreation100" time="0.000"/>
  <system-out/>
  <testcase classname="LeadCreation.Leadcreation" name="Customercreation100" time="0.001"/>
  <system-out/>
  <testcase classname="LeadCreation.Leadcreation" name="Customercreation100" time="0.001"/>
  <system-out/>
  <testcase classname="LeadCreation.Leadcreation" name="Customercreation100" time="0.000"/>
  <system-out/>
  <testcase classname="LeadCreation.Leadcreation" name="Customercreation100" time="0.000"/>
  <system-out/>
  <testcase classname="LeadCreation.Leadcreation" name="Customercreation100" time="0.000"/>
  <system-out/>
  <testcase classname="LeadCreation.Leadcreation" name="Customercreation100" time="0.000"/>
  <system-out/>
  <testcase classname="LeadCreation.Leadcreation" name="Customercreation100" time="0.001"/>
  <system-out/>
  <testcase classname="LeadCreation.Leadcreation" name="Customercreation100" time="0.000"/>
  <system-out/>
  <testcase classname="LeadCreation.Leadcreation" name="Customercreation100" time="0.000"/>
  <system-out/>
  <testcase classname="LeadCreation.Leadcreation" name="Customercreation100" time="0.000"/>
  <system-out/>
  <testcase classname="LeadCreation.Leadcreation" name="Customercreation100" time="0.000"/>
  <system-out/>
  <testcase classname="LeadCreation.Leadcreation" name="Customercreation100" time="0.000"/>
  <system-out/>
  <testcase classname="LeadCreation.Leadcreation" name="Customercreation100" time="0.000"/>
  <system-out/>
  <testcase classname="LeadCreation.Leadcreation" name="Customercreation100" time="0.000"/>
  <system-out/>
  <testcase classname="LeadCreation.Leadcreation" name="Customercreation100" time="0.000"/>
  <system-out/>
  <testcase classname="LeadCreation.Leadcreation" name="Customercreation100" time="0.000"/>
  <system-out/>
  <testcase classname="LeadCreation.Leadcreation" name="Customercreation100" time="0.000"/>
  <system-out/>
  <testcase classname="LeadCreation.Leadcreation" name="Customercreation100" time="0.000"/>
  <system-out/>
  <testcase classname="LeadCreation.Leadcreation" name="Customercreation100" time="0.000"/>
  <system-out/>
  <testcase classname="LeadCreation.Leadcreation" name="Customercreation100" time="0.000"/>
  <system-out/>
  <testcase classname="LeadCreation.Leadcreation" name="Customercreation100" time="0.000"/>
  <system-out/>
  <testcase classname="LeadCreation.Leadcreation" name="Customercreation100" time="0.000"/>
  <system-out/>
  <testcase classname="LeadCreation.Leadcreation" name="Customercreation100" time="0.000"/>
  <system-out/>
  <testcase classname="LeadCreation.Leadcreation" name="Customercreation100" time="0.000"/>
  <system-out/>
  <testcase classname="LeadCreation.Leadcreation" name="Customercreation100" time="0.001"/>
  <system-out/>
  <testcase classname="LeadCreation.Leadcreation" name="Customercreation100" time="0.000"/>
  <system-out/>
  <testcase classname="LeadCreation.Leadcreation" name="Customercreation100" time="0.000"/>
  <system-out/>
  <testcase classname="LeadCreation.Leadcreation" name="Customercreation100" time="0.000"/>
  <system-out/>
  <testcase classname="LeadCreation.Leadcreation" name="Customercreation100" time="0.001"/>
  <system-out/>
  <testcase classname="LeadCreation.Leadcreation" name="Customercreation100" time="0.000"/>
  <system-out/>
  <testcase classname="LeadCreation.Leadcreation" name="Customercreation100" time="0.000"/>
  <system-out/>
  <testcase classname="LeadCreation.Leadcreation" name="Customercreation100" time="0.000"/>
  <system-out/>
  <testcase classname="LeadCreation.Leadcreation" name="Customercreation100" time="0.001"/>
  <system-out/>
  <testcase classname="LeadCreation.Leadcreation" name="Customercreation100" time="0.000"/>
  <system-out/>
  <testcase classname="LeadCreation.Leadcreation" name="Customercreation100" time="0.001"/>
  <system-out/>
  <testcase classname="LeadCreation.Leadcreation" name="Customercreation100" time="0.000"/>
  <system-out/>
  <testcase classname="LeadCreation.Leadcreation" name="Customercreation100" time="0.000"/>
  <system-out/>
  <testcase classname="LeadCreation.Leadcreation" name="Customercreation100" time="0.000"/>
  <system-out/>
  <testcase classname="LeadCreation.Leadcreation" name="Customercreation100" time="0.001"/>
  <system-out/>
  <testcase classname="LeadCreation.Leadcreation" name="Customercreation100" time="0.000"/>
  <system-out/>
  <testcase classname="LeadCreation.Leadcreation" name="Customercreation100" time="0.000"/>
  <system-out/>
  <testcase classname="LeadCreation.Leadcreation" name="Customercreation100" time="0.000"/>
  <system-out/>
  <testcase classname="LeadCreation.Leadcreation" name="Customercreation100" time="0.000"/>
  <system-out/>
  <testcase classname="LeadCreation.Leadcreation" name="Customercreation100" time="0.001"/>
  <system-out/>
  <testcase classname="LeadCreation.Leadcreation" name="Customercreation100" time="0.001"/>
  <system-out/>
  <testcase classname="LeadCreation.Leadcreation" name="Customercreation100" time="0.001"/>
  <system-out/>
  <testcase classname="LeadCreation.Leadcreation" name="Customercreation100" time="0.000"/>
  <system-out/>
  <testcase classname="LeadCreation.Leadcreation" name="Customercreation100" time="0.000"/>
  <system-out/>
  <testcase classname="LeadCreation.Leadcreation" name="Customercreation100" time="0.000"/>
  <system-out/>
  <testcase classname="LeadCreation.Leadcreation" name="Customercreation100" time="0.000"/>
  <system-out/>
  <testcase classname="LeadCreation.Leadcreation" name="Customercreation100" time="0.000"/>
  <system-out/>
  <testcase classname="LeadCreation.Leadcreation" name="Customercreation100" time="0.000"/>
  <system-out/>
[...]
  <system-out/>
  <testcase classname="LeadCreation.Leadcreation" name="Customercreation100" time="0.000"/>
  <system-out/>
  <testcase classname="LeadCreation.Leadcreation" name="Customercreation100" time="0.000"/>
  <system-out/>
  <testcase classname="LeadCreation.Leadcreation" name="Customercreation100" time="0.000"/>
  <system-out/>
  <testcase classname="LeadCreation.Leadcreation" name="Customercreation100" time="0.000"/>
  <system-out/>
  <testcase classname="LeadCreation.Leadcreation" name="Customercreation100" time="0.000"/>
  <system-out/>
  <testcase classname="LeadCreation.Leadcreation" name="Customercreation100" time="0.000"/>
  <system-out/>
  <testcase classname="LeadCreation.Leadcreation" name="Customercreation100" time="0.000"/>
  <system-out/>
  <testcase classname="LeadCreation.Leadcreation" name="Customercreation100" time="0.000"/>
  <system-out/>
  <testcase classname="LeadCreation.Leadcreation" name="Customercreation100" time="0.000"/>
  <system-out/>
  <testcase classname="LeadCreation.Leadcreation" name="Customercreation100" time="0.000"/>
  <system-out/>
  <testcase classname="LeadCreation.Leadcreation" name="Customercreation100" time="0.000"/>
  <system-out/>
  <testcase classname="LeadCreation.Leadcreation" name="Customercreation100" time="0.000"/>
  <system-out/>
  <testcase classname="LeadCreation.Leadcreation" name="Customercreation100" time="0.001"/>
  <system-out/>
  <testcase classname="LeadCreation.Leadcreation" name="Customercreation100" time="0.000"/>
  <system-out/>
  <testcase classname="LeadCreation.Leadcreation" name="Customercreation100" time="0.000"/>
  <system-out/>
  <testcase classname="LeadCreation.Leadcreation" name="Customercreation100" time="0.000"/>
  <system-out/>
  <testcase classname="LeadCreation.Leadcreation" name="Customercreation100" time="0.000"/>
  <system-out/>
  <testcase classname="LeadCreation.Leadcreation" name="Customercreation100" time="0.000"/>
  <system-out/>
  <testcase classname="LeadCreation.Leadcreation" name="Customercreation100" time="0.000"/>
  <system-out/>
  <testcase classname="LeadCreation.Leadcreation" name="Customercreation100" time="0.000"/>
  <system-out/>
  <testcase classname="LeadCreation.Leadcreation" name="Customercreation100" time="0.000"/>
  <system-out/>
  <testcase classname="LeadCreation.Leadcreation" name="Customercreation100" time="0.000"/>
  <system-out/>
  <testcase classname="LeadCreation.Leadcreation" name="Customercreation100" time="0.001"/>
  <system-out/>
  <testcase classname="LeadCreation.Leadcreation" name="Customercreation100" time="0.000"/>
  <system-out/>
  <testcase classname="LeadCreation.Leadcreation" name="Customercreation100" time="0.000"/>
  <system-out/>
  <testcase classname="LeadCreation.Leadcreation" name="Customercreation100" time="0.001"/>
  <system-out/>
  <testcase classname="LeadCreation.Leadcreation" name="Customercreation100" time="0.001"/>
  <system-out/>
  <testcase classname="LeadCreation.Leadcreation" name="Customercreation100" time="0.000"/>
  <system-out/>
  <testcase classname="LeadCreation.Leadcreation" name="Customercreation100" time="0.000"/>
  <system-out/>
  <testcase classname="LeadCreation.Leadcreation" name="Customercreation100" time="0.000"/>
  <system-out/>
  <testcase classname="LeadCreation.Leadcreation" name="Customercreation100" time="0.000"/>
  <system-out/>
  <testcase classname="LeadCreation.Leadcreation" name="Customercreation100" time="0.000"/>
  <system-out/>
  <testcase classname="LeadCreation.Leadcreation" name="Customercreation100" time="0.000"/>
  <system-out/>
  <testcase classname="LeadCreation.Leadcreation" name="Customercreation100" time="0.000"/>
  <system-out/>
  <testcase classname="LeadCreation.Leadcreation" name="Customercreation100" time="0.000"/>
  <system-out/>
  <testcase classname="LeadCreation.Leadcreation" name="Customercreation100" time="0.000"/>
  <system-out/>
  <testcase classname="LeadCreation.Leadcreation" name="Customercreation100" time="0.001"/>
  <system-out/>
  <testcase classname="LeadCreation.Leadcreation" name="Customercreation100" time="0.000"/>
  <system-out/>
  <testcase classname="LeadCreation.Leadcreation" name="Customercreation100" time="0.000"/>
  <system-out/>
  <testcase classname="LeadCreation.Leadcreation" name="Customercreation100" time="0.000"/>
  <system-out/>
  <testcase classname="LeadCreation.Leadcreation" name="Customercreation100" time="0.000"/>
  <system-out/>
  <testcase classname="LeadCreation.Leadcreation" name="Customercreation100" time="0.001"/>
  <system-out/>
  <testcase classname="LeadCreation.Leadcreation" name="Customercreation100" time="0.000"/>
  <system-out/>
  <testcase classname="LeadCreation.Leadcreation" name="Customercreation100" time="0.000"/>
  <system-out/>
  <testcase classname="LeadCreation.Leadcreation" name="Customercreation100" time="0.000"/>
  <system-out/>
  <testcase classname="LeadCreation.Leadcreation" name="Customercreation100" time="0.000"/>
  <system-out/>
  <testcase classname="LeadCreation.Leadcreation" name="Customercreation100" time="0.000"/>
  <system-out/>
  <testcase classname="LeadCreation.Leadcreation" name="Customercreation100" time="0.000"/>
  <system-out/>
  <testcase classname="LeadCreation.Leadcreation" name="Customercreation100" time="0.000"/>
  <system-out/>
  <testcase classname="LeadCreation.Leadcreation" name="Customercreation100" time="0.000"/>
  <system-out/>
  <testcase classname="LeadCreation.Leadcreation" name="Customercreation100" time="0.000"/>
  <system-out/>
  <testcase classname="LeadCreation.Leadcreation" name="Customercreation100" time="0.001"/>
  <system-out/>
  <testcase classname="LeadCreation.Leadcreation" name="Customercreation100" time="0.000"/>
  <system-out/>
  <testcase classname="LeadCreation.Leadcreation" name="Customercreation100" time="0.000"/>
  <system-out/>
  <testcase classname="LeadCreation.Leadcreation" name="Customercreation100" time="0.000"/>
  <system-out/>
  <testcase classname="LeadCreation.Leadcreation" name="Customercreation100" time="0.000"/>
  <system-out/>
  <testcase classname="LeadCreation.Leadcreation" name="Customercreation100" time="0.000"/>
  <system-out/>
  <testcase classname="LeadCreation.Leadcreation" name="Customercreation100" time="0.000"/>
  <system-out/>
  <testcase classname="LeadCreation.Leadcreation" name="Customercreation100" time="0.000"/>
  <system-out/>
  <testcase classname="LeadCreation.Leadcreation" name="Customercreation100" time="0.001"/>
  <system-out/>
  <testcase classname="LeadCreation.Leadcreation" name="Customercreation100" time="0.000"/>
  <system-out/>
  <testcase classname="LeadCreation.Leadcreation" name="Customercreation100" time="0.000"/>
  <system-out/>
  <testcase classname="LeadCreation.Leadcreation" name="Customercreation100" time="0.000"/>
  <system-out/>
  <testcase classname="LeadCreation.Leadcreation" name="Customercreation100" time="0.000"/>
  <system-out/>
  <testcase classname="LeadCreation.Leadcreation" name="Customercreation100" time="0.000"/>
  <system-out/>
  <testcase classname="LeadCreation.Leadcreation" name="Customercreation100" time="0.001"/>
  <system-out/>
  <testcase classname="LeadCreation.Leadcreation" name="Customercreation100" time="0.000"/>
  <system-out/>
  <testcase classname="LeadCreation.Leadcreation" name="Customercreation100" time="0.000"/>
  <system-out/>
  <testcase classname="LeadCreation.Leadcreation" name="Customercreation100" time="0.000"/>
  <system-out/>
  <testcase classname="LeadCreation.Leadcreation" name="Customercreation100" time="0.000"/>
  <system-out/>
  <testcase classname="LeadCreation.Leadcreation" name="Customercreation100" time="0.000"/>
  <system-out/>
  <testcase classname="LeadCreation.Leadcreation" name="Customercreation100" time="0.001"/>
  <system-out/>
  <testcase classname="LeadCreation.Leadcreation" name="Customercreation100" time="0.000"/>
  <system-out/>
  <testcase classname="LeadCreation.Leadcreation" name="Customercreation100" time="0.000"/>
  <system-out/>
  <testcase classname="LeadCreation.Leadcreation" name="Customercreation100" time="0.000"/>
  <system-out/>
  <testcase classname="LeadCreation.Leadcreation" name="Customercreation100" time="0.000"/>
  <system-out/>
  <testcase classname="LeadCreation.Leadcreation" name="Customercreation100" time="0.000"/>
  <system-out/>
  <testcase classname="LeadCreation.Leadcreation" name="Customercreation100" time="0.000"/>
  <system-out/>
  <testcase classname="LeadCreation.Leadcreation" name="Customercreation100" time="0.001"/>
  <system-out/>
  <testcase classname="LeadCreation.Leadcreation" name="Customercreation100" time="0.000"/>
  <system-out/>
  <testcase classname="LeadCreation.Leadcreation" name="Customercreation100" time="0.000"/>
  <system-out/>
  <testcase classname="LeadCreation.Leadcreation" name="Customercreation100" time="0.000"/>
  <system-out/>
  <testcase classname="LeadCreation.Leadcreation" name="Customercreation100" time="0.000"/>
  <system-out/>
  <testcase classname="LeadCreation.Leadcreation" name="Customercreation100" time="0.000"/>
  <system-out/>
  <testcase classname="LeadCreation.Leadcreation" name="Customercreation100" time="0.000"/>
  <system-out/>
  <testcase classname="LeadCreation.Leadcreation" name="Customercreation100" time="0.001"/>
  <system-out/>
  <testcase classname="LeadCreation.Leadcreation" name="Customercreation100" time="0.000"/>
  <system-out/>
  <testcase classname="LeadCreation.Leadcreation" name="Customercreation100" time="0.000"/>
  <system-out/>
  <testcase classname="LeadCreation.Leadcreation" name="Customercreation100" time="0.000"/>
  <system-out/>
  <testcase classname="LeadCreation.Leadcreation" name="Customercreation100" time="0.000"/>
  <system-out/>
  <testcase classname="LeadCreation.Leadcreation" name="Customercreation100" time="0.000"/>
  <system-out/>
  <testcase classname="LeadCreation.Leadcreation" name="Customercreation100" time="0.000"/>
  <system-out/>
  <testcase classname="LeadCreation.Leadcreation" name="Customercreation100" time="0.001"/>
  <system-out/>
  <testcase classname="LeadCreation.Leadcreation" name="Customercreation100" time="0.000"/>
  <system-out/>
  <testcase classname="LeadCreation.Leadcreation" name="Customercreation100" time="0.001"/>
  <system-out/>
  <testcase classname="LeadCreation.Leadcreation" name="Customercreation100" time="0.000"/>
  <system-out/>
  <testcase classname="LeadCreation.Leadcreation" name="Customercreation100" time="0.000"/>
  <system-out/>
  <testcase classname="LeadCreation.Leadcreation" name="Customercreation100" time="0.000"/>
  <system-out/>
  <testcase classname="LeadCreation.Leadcreation" name="Customercreation100" time="0.000"/>
  <system-out/>
  <testcase classname="LeadCreation.Leadcreation" name="Customercreation100" time="0.000"/>
  <system-out/>
  <testcase classname="LeadCreation.Leadcreation" name="Customercreation100" time="0.000"/>
  <system-out/>
  <testcase classname="LeadCreation.Leadcreation" name="Customercreation100" time="0.000"/>
  <system-out/>
  <testcase classname="LeadCreation.Leadcreation" name="Customercreation100" time="0.000"/>
  <system-out/>
  <testcase classname="LeadCreation.Leadcreation" name="Customercreation100" time="0.000"/>
  <system-out/>
  <testcase classname="LeadCreation.Leadcreation" name="Customercreation100" time="0.000"/>
  <system-out/>
  <testcase classname="LeadCreation.Leadcreation" name="Customercreation100" time="0.000"/>
  <system-out/>
  <testcase classname="LeadCreation.Leadcreation" name="Customercreation100" time="0.000"/>
  <system-out/>
  <testcase classname="LeadCreation.Leadcreation" name="Customercreation100" time="0.000"/>
  <system-out/>
  <testcase classname="LeadCreation.Leadcreation" name="Customercreation100" time="0.000"/>
  <system-out/>
  <testcase classname="LeadCreation.Leadcreation" name="Customercreation100" time="0.000"/>
  <system-out/>
  <testcase classname="LeadCreation.Leadcreation" name="Customercreation100" time="0.000"/>
  <system-out/>
  <testcase classname="LeadCreation.Leadcreation" name="Customercreation100" time="0.001"/>
  <system-out/>
  <testcase classname="LeadCreation.Leadcreation" name="Customercreation100" time="0.000"/>
  <system-out/>
  <testcase classname="LeadCreation.Leadcreation" name="Customercreation100" time="0.000"/>
  <system-out/>
  <testcase classname="LeadCreation.Leadcreation" name="Customercreation100" time="0.001"/>
  <system-out/>
  <testcase classname="LeadCreation.Leadcreation" name="Customercreation100" time="0.000"/>
  <system-out/>
  <testcase classname="LeadCreation.Leadcreation" name="Customercreation100" time="0.000"/>
  <system-out/>
  <testcase classname="LeadCreation.Leadcreation" name="Customercreation100" time="0.000"/>
  <system-out/>
  <testcase classname="LeadCreation.Leadcreation" name="Customercreation100" time="0.001"/>
  <system-out/>
  <testcase classname="LeadCreation.Leadcreation" name="Customercreation100" time="0.000"/>
  <system-out/>
  <testcase classname="LeadCreation.Leadcreation" name="Customercreation100" time="0.001"/>
  <system-out/>
  <testcase classname="LeadCreation.Leadcreation" name="Customercreation100" time="0.000"/>
  <system-out/>
  <testcase classname="LeadCreation.Leadcreation" name="Customercreation100" time="0.000"/>
  <system-out/>
  <testcase classname="LeadCreation.Leadcreation" name="Customercreation100" time="0.000"/>
  <system-out/>
  <testcase classname="LeadCreation.Leadcreation" name="Customercreation100" time="0.000"/>
  <system-out/>
  <testcase classname="LeadCreation.Leadcreation" name="Customercreation100" time="0.000"/>
  <system-out/>
  <testcase classname="LeadCreation.Leadcreation" name="Customercreation100" time="0.000"/>
  <system-out/>
  <testcase classname="LeadCreation.Leadcreation" name="Customercreation100" time="0.000"/>
  <system-out/>
  <testcase classname="LeadCreation.Leadcreation" name="Customercreation100" time="0.000"/>
  <system-out/>
  <testcase classname="LeadCreation.Leadcreation" name="Customercreation100" time="0.000"/>
  <system-out/>
  <testcase classname="LeadCreation.Leadcreation" name="Customercreation100" time="0.000"/>
  <system-out/>
  <testcase classname="LeadCreation.Leadcreation" name="Customercreation100" time="0.001"/>
  <system-out/>
  <testcase classname="LeadCreation.Leadcreation" name="Customercreation100" time="0.000"/>
  <system-out/>
  <testcase classname="LeadCreation.Leadcreation" name="Customercreation100" time="0.001"/>
  <system-out/>
  <testcase classname="LeadCreation.Leadcreation" name="Customercreation100" time="0.000"/>
  <system-out/>
  <testcase classname="LeadCreation.Leadcreation" name="Customercreation100" time="0.001"/>
  <system-out/>
  <testcase classname="LeadCreation.Leadcreation" name="Customercreation100" time="0.000"/>
  <system-out/>
  <testcase classname="LeadCreation.Leadcreation" name="Customercreation100" time="0.000"/>
  <system-out/>
  <testcase classname="LeadCreation.Leadcreation" name="Customercreation100" time="0.001"/>
  <system-out/>
  <testcase classname="LeadCreation.Leadcreation" name="Customercreation100" time="0.000"/>
  <system-out/>
  <testcase classname="LeadCreation.Leadcreation" name="Customercreation100" time="0.001"/>
  <system-out/>
  <testcase classname="LeadCreation.Leadcreation" name="Customercreation100" time="0.000"/>
  <system-out/>
  <testcase classname="LeadCreation.Leadcreation" name="Customercreation100" time="0.000"/>
  <system-out/>
  <testcase classname="LeadCreation.Leadcreation" name="Customercreation100" time="0.000"/>
  <system-out/>
  <testcase classname="LeadCreation.Leadcreation" name="Customercreation100" time="0.000"/>
  <system-out/>
  <testcase classname="LeadCreation.Leadcreation" name="Customercreation100" time="0.000"/>
  <system-out/>
  <testcase classname="LeadCreation.Leadcreation" name="Customercreation100" time="0.001"/>
  <system-out/>
  <testcase classname="LeadCreation.Leadcreation" name="Customercreation100" time="0.000"/>
  <system-out/>
  <testcase classname="LeadCreation.Leadcreation" name="Customercreation100" time="0.000"/>
  <system-out/>
  <testcase classname="LeadCreation.Leadcreation" name="Customercreation100" time="0.000"/>
  <system-out/>
  <testcase classname="LeadCreation.Leadcreation" name="Customercreation100" time="0.000"/>
  <system-out/>
  <testcase classname="LeadCreation.Leadcreation" name="Customercreation100" time="0.001"/>
  <system-out/>
  <testcase classname="LeadCreation.Leadcreation" name="Customercreation100" time="0.000"/>
  <system-out/>
  <testcase classname="LeadCreation.Leadcreation" name="Customercreation100" time="0.000"/>
  <system-out/>
  <testcase classname="LeadCreation.Leadcreation" name="Customercreation100" time="0.000"/>
  <system-out/>
  <testcase classname="LeadCreation.Leadcreation" name="Customercreation100" time="0.000"/>
  <system-out/>
  <testcase classname="LeadCreation.Leadcreation" name="Customercreation100" time="0.001"/>
  <system-out/>
  <testcase classname="LeadCreation.Leadcreation" name="Customercreation100" time="0.000"/>
  <system-out/>
  <testcase classname="LeadCreation.Leadcreation" name="Customercreation100" time="0.000"/>
  <system-out/>
  <testcase classname="LeadCreation.Leadcreation" name="Customercreation100" time="0.001"/>
  <system-out/>
  <testcase classname="LeadCreation.Leadcreation" name="Customercreation100" time="0.000"/>
  <system-out/>
  <testcase classname="LeadCreation.Leadcreation" name="Customercreation100" time="0.000"/>
  <system-out/>
  <testcase classname="LeadCreation.Leadcreation" name="Customercreation100" time="0.000"/>
  <system-out/>
  <testcase classname="LeadCreation.Leadcreation" name="Customercreation100" time="0.000"/>
  <system-out/>
  <testcase classname="LeadCreation.Leadcreation" name="Customercreation100" time="0.001"/>
  <system-out/>
  <testcase classname="LeadCreation.Leadcreation" name="Customercreation100" time="0.000"/>
  <system-out/>
  <testcase classname="LeadCreation.Leadcreation" name="Customercreation100" time="0.000"/>
  <system-out/>
  <testcase classname="LeadCreation.Leadcreation" name="Customercreation100" time="0.000"/>
  <system-out/>
  <testcase classname="LeadCreation.Leadcreation" name="Customercreation100" time="0.000"/>
  <system-out/>
  <testcase classname="LeadCreation.Leadcreation" name="Customercreation100" time="0.000"/>
  <system-out/>
  <testcase classname="LeadCreation.Leadcreation" name="Customercreation100" time="0.000"/>
  <system-out/>
  <testcase classname="LeadCreation.Leadcreation" name="Customercreation100" time="0.000"/>
  <system-out/>
  <testcase classname="LeadCreation.Leadcreation" name="Customercreation100" time="0.000"/>
  <system-out/>
  <testcase classname="LeadCreation.Leadcreation" name="Customercreation100" time="0.000"/>
  <system-out/>
  <testcase classname="LeadCreation.Leadcreation" name="Customercreation100" time="0.000"/>
  <system-out/>
  <testcase classname="LeadCreation.Leadcreation" name="Customercreation100" time="0.000"/>
  <system-out/>
  <testcase classname="LeadCreation.Leadcreation" name="Customercreation100" time="0.000"/>
  <system-out/>
  <testcase classname="LeadCreation.Leadcreation" name="Customercreation100" time="0.000"/>
  <system-out/>
  <testcase classname="LeadCreation.Leadcreation" name="Customercreation100" time="0.000"/>
  <system-out/>
  <testcase classname="LeadCreation.Leadcreation" name="Customercreation100" time="0.000"/>
  <system-out/>
  <testcase classname="LeadCreation.Leadcreation" name="Customercreation100" time="0.000"/>
  <system-out/>
  <testcase classname="LeadCreation.Leadcreation" name="Customercreation100" time="0.000"/>
  <system-out/>
  <testcase classname="LeadCreation.Leadcreation" name="Customercreation100" time="0.001"/>
  <system-out/>
  <testcase classname="LeadCreation.Leadcreation" name="Customercreation100" time="0.000"/>
  <system-out/>
</testsuite> <!-- LeadCreation.Leadcreation -->
