<?xml version="1.0" encoding="UTF-8"?>
<!-- Generated by org.testng.reporters.JUnitReportReporter -->
<testsuite hostname="DESKTOP-R2AJQE8" failures="0" tests="1355" name="LeadCreation.Leadcreation" time="0.249" errors="0" timestamp="2024-01-02T11:32:23 IST" skipped="0">
  <testcase classname="LeadCreation.Leadcreation" name="Customercreation100" time="0.000"/>
  <system-out/>
  <testcase classname="LeadCreation.Leadcreation" name="Customercreation100" time="0.000"/>
  <system-out/>
  <testcase classname="LeadCreation.Leadcreation" name="Customercreation100" time="0.000"/>
  <system-out/>
  <testcase classname="LeadCreation.Leadcreation" name="Customercreation100" time="0.000"/>
  <system-out/>
  <testcase classname="LeadCreation.Leadcreation" name="Customercreation100" time="0.000"/>
  <system-out/>
  <testcase classname="LeadCreation.Leadcreation" name="Customercreation100" time="0.000"/>
  <system-out/>
  <testcase classname="LeadCreation.Leadcreation" name="Customercreation100" time="0.001"/>
  <system-out/>
  <testcase classname="LeadCreation.Leadcreation" name="Customercreation100" time="0.000"/>
  <system-out/>
  <testcase classname="LeadCreation.Leadcreation" name="Customercreation100" time="0.000"/>
  <system-out/>
  <testcase classname="LeadCreation.Leadcreation" name="Customercreation100" time="0.000"/>
  <system-out/>
  <testcase classname="LeadCreation.Leadcreation" name="Customercreation100" time="0.000"/>
  <system-out/>
  <testcase classname="LeadCreation.Leadcreation" name="Customercreation100" time="0.000"/>
  <system-out/>
  <testcase classname="LeadCreation.Leadcreation" name="Customercreation100" time="0.001"/>
  <system-out/>
  <testcase classname="LeadCreation.Leadcreation" name="Customercreation100" time="0.000"/>
  <system-out/>
  <testcase classname="LeadCreation.Leadcreation" name="Customercreation100" time="0.000"/>
  <system-out/>
  <testcase classname="LeadCreation.Leadcreation" name="Customercreation100" time="0.001"/>
  <system-out/>
  <testcase classname="LeadCreation.Leadcreation" name="Customercreation100" time="0.000"/>
  <system-out/>
  <testcase classname="LeadCreation.Leadcreation" name="Customercreation100" time="0.000"/>
  <system-out/>
  <testcase classname="LeadCreation.Leadcreation" name="Customercreation100" time="0.001"/>
  <system-out/>
  <testcase classname="LeadCreation.Leadcreation" name="Customercreation100" time="0.000"/>
  <system-out/>
  <testcase classname="LeadCreation.Leadcreation" name="Customercreation100" time="0.000"/>
  <system-out/>
  <testcase classname="LeadCreation.Leadcreation" name="Customercreation100" time="0.000"/>
  <system-out/>
  <testcase classname="LeadCreation.Leadcreation" name="Customercreation100" time="0.001"/>
  <system-out/>
  <testcase classname="LeadCreation.Leadcreation" name="Customercreation100" time="0.000"/>
  <system-out/>
  <testcase classname="LeadCreation.Leadcreation" name="Customercreation100" time="0.000"/>
  <system-out/>
  <testcase classname="LeadCreation.Leadcreation" name="Customercreation100" time="0.000"/>
  <system-out/>
  <testcase classname="LeadCreation.Leadcreation" name="Customercreation100" time="0.001"/>
  <system-out/>
  <testcase classname="LeadCreation.Leadcreation" name="Customercreation100" time="0.000"/>
  <system-out/>
  <testcase classname="LeadCreation.Leadcreation" name="Customercreation100" time="0.000"/>
  <system-out/>
  <testcase classname="LeadCreation.Leadcreation" name="Customercreation100" time="0.000"/>
  <system-out/>
  <testcase classname="LeadCreation.Leadcreation" name="Customercreation100" time="0.000"/>
  <system-out/>
  <testcase classname="LeadCreation.Leadcreation" name="Customercreation100" time="0.000"/>
  <system-out/>
  <testcase classname="LeadCreation.Leadcreation" name="Customercreation100" time="0.001"/>
  <system-out/>
  <testcase classname="LeadCreation.Leadcreation" name="Customercreation100" time="0.000"/>
  <system-out/>
  <testcase classname="LeadCreation.Leadcreation" name="Customercreation100" time="0.000"/>
  <system-out/>
  <testcase classname="LeadCreation.Leadcreation" name="Customercreation100" time="0.000"/>
  <system-out/>
  <testcase classname="LeadCreation.Leadcreation" name="Customercreation100" time="0.000"/>
  <system-out/>
  <testcase classname="LeadCreation.Leadcreation" name="Customercreation100" time="0.000"/>
  <system-out/>
  <testcase classname="LeadCreation.Leadcreation" name="Customercreation100" time="0.001"/>
  <system-out/>
  <testcase classname="LeadCreation.Leadcreation" name="Customercreation100" time="0.000"/>
  <system-out/>
  <testcase classname="LeadCreation.Leadcreation" name="Customercreation100" time="0.000"/>
  <system-out/>
  <testcase classname="LeadCreation.Leadcreation" name="Customercreation100" time="0.000"/>
  <system-out/>
  <testcase classname="LeadCreation.Leadcreation" name="Customercreation100" time="0.000"/>
  <system-out/>
  <testcase classname="LeadCreation.Leadcreation" name="Customercreation100" time="0.000"/>
  <system-out/>
  <testcase classname="LeadCreation.Leadcreation" name="Customercreation100" time="0.000"/>
  <system-out/>
  <testcase classname="LeadCreation.Leadcreation" name="Customercreation100" time="0.000"/>
  <system-out/>
  <testcase classname="LeadCreation.Leadcreation" name="Customercreation100" time="0.000"/>
  <system-out/>
  <testcase classname="LeadCreation.Leadcreation" name="Customercreation100" time="0.000"/>
  <system-out/>
  <testcase classname="LeadCreation.Leadcreation" name="Customercreation100" time="0.000"/>
  <system-out/>
  <testcase classname="LeadCreation.Leadcreation" name="Customercreation100" time="0.000"/>
  <system-out/>
  <testcase classname="LeadCreation.Leadcreation" name="Customercreation100" time="0.001"/>
  <system-out/>
  <testcase classname="LeadCreation.Leadcreation" name="Customercreation100" time="0.000"/>
  <system-out/>
  <testcase classname="LeadCreation.Leadcreation" name="Customercreation100" time="0.001"/>
  <system-out/>
  <testcase classname="LeadCreation.Leadcreation" name="Customercreation100" time="0.000"/>
  <system-out/>
  <testcase classname="LeadCreation.Leadcreation" name="Customercreation100" time="0.001"/>
  <system-out/>
  <testcase classname="LeadCreation.Leadcreation" name="Customercreation100" time="0.000"/>
  <system-out/>
  <testcase classname="LeadCreation.Leadcreation" name="Customercreation100" time="0.001"/>
  <system-out/>
  <testcase classname="LeadCreation.Leadcreation" name="Customercreation100" time="0.000"/>
  <system-out/>
  <testcase classname="LeadCreation.Leadcreation" name="Customercreation100" time="0.001"/>
  <system-out/>
  <testcase classname="LeadCreation.Leadcreation" name="Customercreation100" time="0.000"/>
  <system-out/>
  <testcase classname="LeadCreation.Leadcreation" name="Customercreation100" time="0.000"/>
  <system-out/>
  <testcase classname="LeadCreation.Leadcreation" name="Customercreation100" time="0.001"/>
  <system-out/>
  <testcase classname="LeadCreation.Leadcreation" name="Customercreation100" time="0.001"/>
  <system-out/>
  <testcase classname="LeadCreation.Leadcreation" name="Customercreation100" time="0.000"/>
  <system-out/>
  <testcase classname="LeadCreation.Leadcreation" name="Customercreation100" time="0.000"/>
  <system-out/>
  <testcase classname="LeadCreation.Leadcreation" name="Customercreation100" time="0.000"/>
  <system-out/>
  <testcase classname="LeadCreation.Leadcreation" name="Customercreation100" time="0.001"/>
  <system-out/>
  <testcase classname="LeadCreation.Leadcreation" name="Customercreation100" time="0.000"/>
  <system-out/>
  <testcase classname="LeadCreation.Leadcreation" name="Customercreation100" time="0.000"/>
  <system-out/>
  <testcase classname="LeadCreation.Leadcreation" name="Customercreation100" time="0.000"/>
  <system-out/>
  <testcase classname="LeadCreation.Leadcreation" name="Customercreation100" time="0.000"/>
  <system-out/>
  <testcase classname="LeadCreation.Leadcreation" name="Customercreation100" time="0.000"/>
  <system-out/>
  <testcase classname="LeadCreation.Leadcreation" name="Customercreation100" time="0.001"/>
  <system-out/>
  <testcase classname="LeadCreation.Leadcreation" name="Customercreation100" time="0.001"/>
  <system-out/>
  <testcase classname="LeadCreation.Leadcreation" name="Customercreation100" time="0.000"/>
  <system-out/>
  <testcase classname="LeadCreation.Leadcreation" name="Customercreation100" time="0.000"/>
  <system-out/>
  <testcase classname="LeadCreation.Leadcreation" name="Customercreation100" time="0.000"/>
  <system-out/>
  <testcase classname="LeadCreation.Leadcreation" name="Customercreation100" time="0.001"/>
  <system-out/>
  <testcase classname="LeadCreation.Leadcreation" name="Customercreation100" time="0.001"/>
  <system-out/>
  <testcase classname="LeadCreation.Leadcreation" name="Customercreation100" time="0.000"/>
  <system-out/>
  <testcase classname="LeadCreation.Leadcreation" name="Customercreation100" time="0.002"/>
  <system-out/>
  <testcase classname="LeadCreation.Leadcreation" name="Customercreation100" time="0.000"/>
  <system-out/>
  <testcase classname="LeadCreation.Leadcreation" name="Customercreation100" time="0.000"/>
  <system-out/>
  <testcase classname="LeadCreation.Leadcreation" name="Customercreation100" time="0.001"/>
  <system-out/>
  <testcase classname="LeadCreation.Leadcreation" name="Customercreation100" time="0.000"/>
  <system-out/>
  <testcase classname="LeadCreation.Leadcreation" name="Customercreation100" time="0.000"/>
  <system-out/>
  <testcase classname="LeadCreation.Leadcreation" name="Customercreation100" time="0.000"/>
  <system-out/>
  <testcase classname="LeadCreation.Leadcreation" name="Customercreation100" time="0.000"/>
  <system-out/>
  <testcase classname="LeadCreation.Leadcreation" name="Customercreation100" time="0.000"/>
  <system-out/>
  <testcase classname="LeadCreation.Leadcreation" name="Customercreation100" time="0.000"/>
  <system-out/>
  <testcase classname="LeadCreation.Leadcreation" name="Customercreation100" time="0.000"/>
  <system-out/>
  <testcase classname="LeadCreation.Leadcreation" name="Customercreation100" time="0.000"/>
  <system-out/>
  <testcase classname="LeadCreation.Leadcreation" name="Customercreation100" time="0.001"/>
  <system-out/>
  <testcase classname="LeadCreation.Leadcreation" name="Customercreation100" time="0.000"/>
  <system-out/>
  <testcase classname="LeadCreation.Leadcreation" name="Customercreation100" time="0.001"/>
  <system-out/>
  <testcase classname="LeadCreation.Leadcreation" name="Customercreation100" time="0.000"/>
  <system-out/>
  <testcase classname="LeadCreation.Leadcreation" name="Customercreation100" time="0.000"/>
  <system-out/>
  <testcase classname="LeadCreation.Leadcreation" name="Customercreation100" time="0.000"/>
  <system-out/>
  <testcase classname="LeadCreation.Leadcreation" name="Customercreation100" time="0.001"/>
  <system-out/>
  <testcase classname="LeadCreation.Leadcreation" name="Customercreation100" time="0.000"/>
  <system-out/>
  <testcase classname="LeadCreation.Leadcreation" name="Customercreation100" time="0.000"/>
  <system-out/>
  <testcase classname="LeadCreation.Leadcreation" name="Customercreation100" time="0.000"/>
  <system-out/>
  <testcase classname="LeadCreation.Leadcreation" name="Customercreation100" time="0.001"/>
  <system-out/>
  <testcase classname="LeadCreation.Leadcreation" name="Customercreation100" time="0.000"/>
  <system-out/>
  <testcase classname="LeadCreation.Leadcreation" name="Customercreation100" time="0.000"/>
  <system-out/>
  <testcase classname="LeadCreation.Leadcreation" name="Customercreation100" time="0.000"/>
  <system-out/>
  <testcase classname="LeadCreation.Leadcreation" name="Customercreation100" time="0.000"/>
  <system-out/>
  <testcase classname="LeadCreation.Leadcreation" name="Customercreation100" time="0.001"/>
  <system-out/>
  <testcase classname="LeadCreation.Leadcreation" name="Customercreation100" time="0.001"/>
  <system-out/>
  <testcase classname="LeadCreation.Leadcreation" name="Customercreation100" time="0.000"/>
  <system-out/>
  <testcase classname="LeadCreation.Leadcreation" name="Customercreation100" time="0.000"/>
  <system-out/>
  <testcase classname="LeadCreation.Leadcreation" name="Customercreation100" time="0.000"/>
  <system-out/>
  <testcase classname="LeadCreation.Leadcreation" name="Customercreation100" time="0.000"/>
  <system-out/>
  <testcase classname="LeadCreation.Leadcreation" name="Customercreation100" time="0.000"/>
  <system-out/>
  <testcase classname="LeadCreation.Leadcreation" name="Customercreation100" time="0.000"/>
  <system-out/>
  <testcase classname="LeadCreation.Leadcreation" name="Customercreation100" time="0.001"/>
  <system-out/>
  <testcase classname="LeadCreation.Leadcreation" name="Customercreation100" time="0.001"/>
  <system-out/>
  <testcase classname="LeadCreation.Leadcreation" name="Customercreation100" time="0.000"/>
  <system-out/>
  <testcase classname="LeadCreation.Leadcreation" name="Customercreation100" time="0.000"/>
  <system-out/>
  <testcase classname="LeadCreation.Leadcreation" name="Customercreation100" time="0.000"/>
  <system-out/>
  <testcase classname="LeadCreation.Leadcreation" name="Customercreation100" time="0.000"/>
  <system-out/>
  <testcase classname="LeadCreation.Leadcreation" name="Customercreation100" time="0.000"/>
  <system-out/>
  <testcase classname="LeadCreation.Leadcreation" name="Customercreation100" time="0.000"/>
  <system-out/>
  <testcase classname="LeadCreation.Leadcreation" name="Customercreation100" time="0.000"/>
  <system-out/>
  <testcase classname="LeadCreation.Leadcreation" name="Customercreation100" time="0.000"/>
  <system-out/>
  <testcase classname="LeadCreation.Leadcreation" name="Customercreation100" time="0.000"/>
  <system-out/>
  <testcase classname="LeadCreation.Leadcreation" name="Customercreation100" time="0.000"/>
  <system-out/>
  <testcase classname="LeadCreation.Leadcreation" name="Customercreation100" time="0.000"/>
  <system-out/>
  <testcase classname="LeadCreation.Leadcreation" name="Customercreation100" time="0.001"/>
  <system-out/>
  <testcase classname="LeadCreation.Leadcreation" name="Customercreation100" time="0.001"/>
  <system-out/>
  <testcase classname="LeadCreation.Leadcreation" name="Customercreation100" time="0.000"/>
  <system-out/>
  <testcase classname="LeadCreation.Leadcreation" name="Customercreation100" time="0.000"/>
  <system-out/>
  <testcase classname="LeadCreation.Leadcreation" name="Customercreation100" time="0.000"/>
  <system-out/>
  <testcase classname="LeadCreation.Leadcreation" name="Customercreation100" time="0.000"/>
  <system-out/>
  <testcase classname="LeadCreation.Leadcreation" name="Customercreation100" time="0.001"/>
  <system-out/>
  <testcase classname="LeadCreation.Leadcreation" name="Customercreation100" time="0.000"/>
  <system-out/>
  <testcase classname="LeadCreation.Leadcreation" name="Customercreation100" time="0.000"/>
  <system-out/>
  <testcase classname="LeadCreation.Leadcreation" name="Customercreation100" time="0.000"/>
  <system-out/>
  <testcase classname="LeadCreation.Leadcreation" name="Customercreation100" time="0.000"/>
  <system-out/>
  <testcase classname="LeadCreation.Leadcreation" name="Customercreation100" time="0.001"/>
  <system-out/>
  <testcase classname="LeadCreation.Leadcreation" name="Customercreation100" time="0.000"/>
  <system-out/>
  <testcase classname="LeadCreation.Leadcreation" name="Customercreation100" time="0.000"/>
  <system-out/>
  <testcase classname="LeadCreation.Leadcreation" name="Customercreation100" time="0.000"/>
  <system-out/>
  <testcase classname="LeadCreation.Leadcreation" name="Customercreation100" time="0.001"/>
  <system-out/>
  <testcase classname="LeadCreation.Leadcreation" name="Customercreation100" time="0.000"/>
  <system-out/>
  <testcase classname="LeadCreation.Leadcreation" name="Customercreation100" time="0.000"/>
  <system-out/>
  <testcase classname="LeadCreation.Leadcreation" name="Customercreation100" time="0.000"/>
  <system-out/>
  <testcase classname="LeadCreation.Leadcreation" name="Customercreation100" time="0.000"/>
  <system-out/>
  <testcase classname="LeadCreation.Leadcreation" name="Customercreation100" time="0.000"/>
  <system-out/>
  <testcase classname="LeadCreation.Leadcreation" name="Customercreation100" time="0.000"/>
  <system-out/>
  <testcase classname="LeadCreation.Leadcreation" name="Customercreation100" time="0.000"/>
  <system-out/>
  <testcase classname="LeadCreation.Leadcreation" name="Customercreation100" time="0.000"/>
  <system-out/>
  <testcase classname="LeadCreation.Leadcreation" name="Customercreation100" time="0.000"/>
  <system-out/>
  <testcase classname="LeadCreation.Leadcreation" name="Customercreation100" time="0.000"/>
  <system-out/>
  <testcase classname="LeadCreation.Leadcreation" name="Customercreation100" time="0.000"/>
  <system-out/>
  <testcase classname="LeadCreation.Leadcreation" name="Customercreation100" time="0.000"/>
  <system-out/>
  <testcase classname="LeadCreation.Leadcreation" name="Customercreation100" time="0.001"/>
  <system-out/>
  <testcase classname="LeadCreation.Leadcreation" name="Customercreation100" time="0.000"/>
  <system-out/>
  <testcase classname="LeadCreation.Leadcreation" name="Customercreation100" time="0.000"/>
  <system-out/>
  <testcase classname="LeadCreation.Leadcreation" name="Customercreation100" time="0.001"/>
  <system-out/>
  <testcase classname="LeadCreation.Leadcreation" name="Customercreation100" time="0.000"/>
  <system-out/>
  <testcase classname="LeadCreation.Leadcreation" name="Customercreation100" time="0.000"/>
  <system-out/>
  <testcase classname="LeadCreation.Leadcreation" name="Customercreation100" time="0.001"/>
  <system-out/>
  <testcase classname="LeadCreation.Leadcreation" name="Customercreation100" time="0.000"/>
  <system-out/>
  <testcase classname="LeadCreation.Leadcreation" name="Customercreation100" time="0.000"/>
  <system-out/>
  <testcase classname="LeadCreation.Leadcreation" name="Customercreation100" time="0.000"/>
  <system-out/>
  <testcase classname="LeadCreation.Leadcreation" name="Customercreation100" time="0.001"/>
  <system-out/>
  <testcase classname="LeadCreation.Leadcreation" name="Customercreation100" time="0.001"/>
  <system-out/>
  <testcase classname="LeadCreation.Leadcreation" name="Customercreation100" time="0.001"/>
  <system-out/>
  <testcase classname="LeadCreation.Leadcreation" name="Customercreation100" time="0.000"/>
  <system-out/>
  <testcase classname="LeadCreation.Leadcreation" name="Customercreation100" time="0.000"/>
  <system-out/>
  <testcase classname="LeadCreation.Leadcreation" name="Customercreation100" time="0.000"/>
  <system-out/>
  <testcase classname="LeadCreation.Leadcreation" name="Customercreation100" time="0.000"/>
  <system-out/>
  <testcase classname="LeadCreation.Leadcreation" name="Customercreation100" time="0.000"/>
  <system-out/>
  <testcase classname="LeadCreation.Leadcreation" name="Customercreation100" time="0.000"/>
  <system-out/>
  <testcase classname="LeadCreation.Leadcreation" name="Customercreation100" time="0.000"/>
  <system-out/>
  <testcase classname="LeadCreation.Leadcreation" name="Customercreation100" time="0.001"/>
  <system-out/>
  <testcase classname="LeadCreation.Leadcreation" name="Customercreation100" time="0.000"/>
  <system-out/>
  <testcase classname="LeadCreation.Leadcreation" name="Customercreation100" time="0.000"/>
  <system-out/>
  <testcase classname="LeadCreation.Leadcreation" name="Customercreation100" time="0.000"/>
  <system-out/>
  <testcase classname="LeadCreation.Leadcreation" name="Customercreation100" time="0.000"/>
  <system-out/>
  <testcase classname="LeadCreation.Leadcreation" name="Customercreation100" time="0.000"/>
  <system-out/>
  <testcase classname="LeadCreation.Leadcreation" name="Customercreation100" time="0.000"/>
  <system-out/>
  <testcase classname="LeadCreation.Leadcreation" name="Customercreation100" time="0.000"/>
  <system-out/>
  <testcase classname="LeadCreation.Leadcreation" name="Customercreation100" time="0.000"/>
  <system-out/>
  <testcase classname="LeadCreation.Leadcreation" name="Customercreation100" time="0.000"/>
  <system-out/>
  <testcase classname="LeadCreation.Leadcreation" name="Customercreation100" time="0.000"/>
  <system-out/>
  <testcase classname="LeadCreation.Leadcreation" name="Customercreation100" time="0.000"/>
  <system-out/>
  <testcase classname="LeadCreation.Leadcreation" name="Customercreation100" time="0.000"/>
  <system-out/>
  <testcase classname="LeadCreation.Leadcreation" name="Customercreation100" time="0.000"/>
  <system-out/>
  <testcase classname="LeadCreation.Leadcreation" name="Customercreation100" time="0.001"/>
  <system-out/>
  <testcase classname="LeadCreation.Leadcreation" name="Customercreation100" time="0.001"/>
  <system-out/>
  <testcase classname="LeadCreation.Leadcreation" name="Customercreation100" time="0.000"/>
  <system-out/>
  <testcase classname="LeadCreation.Leadcreation" name="Customercreation100" time="0.000"/>
  <system-out/>
  <testcase classname="LeadCreation.Leadcreation" name="Customercreation100" time="0.000"/>
  <system-out/>
  <testcase classname="LeadCreation.Leadcreation" name="Customercreation100" time="0.000"/>
  <system-out/>
  <testcase classname="LeadCreation.Leadcreation" name="Customercreation100" time="0.000"/>
  <system-out/>
  <testcase classname="LeadCreation.Leadcreation" name="Customercreation100" time="0.000"/>
  <system-out/>
  <testcase classname="LeadCreation.Leadcreation" name="Customercreation100" time="0.000"/>
  <system-out/>
  <testcase classname="LeadCreation.Leadcreation" name="Customercreation100" time="0.000"/>
  <system-out/>
  <testcase classname="LeadCreation.Leadcreation" name="Customercreation100" time="0.001"/>
  <system-out/>
  <testcase classname="LeadCreation.Leadcreation" name="Customercreation100" time="0.000"/>
  <system-out/>
  <testcase classname="LeadCreation.Leadcreation" name="Customercreation100" time="0.001"/>
  <system-out/>
  <testcase classname="LeadCreation.Leadcreation" name="Customercreation100" time="0.000"/>
  <system-out/>
  <testcase classname="LeadCreation.Leadcreation" name="Customercreation100" time="0.001"/>
  <system-out/>
  <testcase classname="LeadCreation.Leadcreation" name="Customercreation100" time="0.000"/>
  <system-out/>
  <testcase classname="LeadCreation.Leadcreation" name="Customercreation100" time="0.000"/>
  <system-out/>
  <testcase classname="LeadCreation.Leadcreation" name="Customercreation100" time="0.000"/>
  <system-out/>
  <testcase classname="LeadCreation.Leadcreation" name="Customercreation100" time="0.000"/>
  <system-out/>
  <testcase classname="LeadCreation.Leadcreation" name="Customercreation100" time="0.000"/>
  <system-out/>
  <testcase classname="LeadCreation.Leadcreation" name="Customercreation100" time="0.000"/>
  <system-out/>
  <testcase classname="LeadCreation.Leadcreation" name="Customercreation100" time="0.000"/>
  <system-out/>
  <testcase classname="LeadCreation.Leadcreation" name="Customercreation100" time="0.001"/>
  <system-out/>
  <testcase classname="LeadCreation.Leadcreation" name="Customercreation100" time="0.000"/>
  <system-out/>
  <testcase classname="LeadCreation.Leadcreation" name="Customercreation100" time="0.001"/>
  <system-out/>
  <testcase classname="LeadCreation.Leadcreation" name="Customercreation100" time="0.000"/>
  <system-out/>
  <testcase classname="LeadCreation.Leadcreation" name="Customercreation100" time="0.000"/>
  <system-out/>
  <testcase classname="LeadCreation.Leadcreation" name="Customercreation100" time="0.001"/>
  <system-out/>
  <testcase classname="LeadCreation.Leadcreation" name="Customercreation100" time="0.000"/>
  <system-out/>
  <testcase classname="LeadCreation.Leadcreation" name="Customercreation100" time="0.001"/>
  <system-out/>
  <testcase classname="LeadCreation.Leadcreation" name="Customercreation100" time="0.000"/>
  <system-out/>
  <testcase classname="LeadCreation.Leadcreation" name="Customercreation100" time="0.000"/>
  <system-out/>
  <testcase classname="LeadCreation.Leadcreation" name="Customercreation100" time="0.000"/>
  <system-out/>
  <testcase classname="LeadCreation.Leadcreation" name="Customercreation100" time="0.001"/>
  <system-out/>
  <testcase classname="LeadCreation.Leadcreation" name="Customercreation100" time="0.000"/>
  <system-out/>
  <testcase classname="LeadCreation.Leadcreation" name="Customercreation100" time="0.000"/>
  <system-out/>
  <testcase classname="LeadCreation.Leadcreation" name="Customercreation100" time="0.000"/>
  <system-out/>
  <testcase classname="LeadCreation.Leadcreation" name="Customercreation100" time="0.000"/>
  <system-out/>
  <testcase classname="LeadCreation.Leadcreation" name="Customercreation100" time="0.000"/>
  <system-out/>
  <testcase classname="LeadCreation.Leadcreation" name="Customercreation100" time="0.000"/>
  <system-out/>
  <testcase classname="LeadCreation.Leadcreation" name="Customercreation100" time="0.000"/>
  <system-out/>
  <testcase classname="LeadCreation.Leadcreation" name="Customercreation100" time="0.000"/>
  <system-out/>
  <testcase classname="LeadCreation.Leadcreation" name="Customercreation100" time="0.000"/>
  <system-out/>
  <testcase classname="LeadCreation.Leadcreation" name="Customercreation100" time="0.001"/>
  <system-out/>
  <testcase classname="LeadCreation.Leadcreation" name="Customercreation100" time="0.000"/>
  <system-out/>
  <testcase classname="LeadCreation.Leadcreation" name="Customercreation100" time="0.000"/>
  <system-out/>
  <testcase classname="LeadCreation.Leadcreation" name="Customercreation100" time="0.000"/>
  <system-out/>
  <testcase classname="LeadCreation.Leadcreation" name="Customercreation100" time="0.000"/>
  <system-out/>
  <testcase classname="LeadCreation.Leadcreation" name="Customercreation100" time="0.001"/>
  <system-out/>
  <testcase classname="LeadCreation.Leadcreation" name="Customercreation100" time="0.001"/>
  <system-out/>
  <testcase classname="LeadCreation.Leadcreation" name="Customercreation100" time="0.001"/>
  <system-out/>
  <testcase classname="LeadCreation.Leadcreation" name="Customercreation100" time="0.001"/>
  <system-out/>
  <testcase classname="LeadCreation.Leadcreation" name="Customercreation100" time="0.000"/>
  <system-out/>
  <testcase classname="LeadCreation.Leadcreation" name="Customercreation100" time="0.000"/>
  <system-out/>
  <testcase classname="LeadCreation.Leadcreation" name="Customercreation100" time="0.000"/>
  <system-out/>
  <testcase classname="LeadCreation.Leadcreation" name="Customercreation100" time="0.001"/>
  <system-out/>
  <testcase classname="LeadCreation.Leadcreation" name="Customercreation100" time="0.000"/>
  <system-out/>
  <testcase classname="LeadCreation.Leadcreation" name="Customercreation100" time="0.000"/>
  <system-out/>
  <testcase classname="LeadCreation.Leadcreation" name="Customercreation100" time="0.000"/>
  <system-out/>
  <testcase classname="LeadCreation.Leadcreation" name="Customercreation100" time="0.000"/>
  <system-out/>
  <testcase classname="LeadCreation.Leadcreation" name="Customercreation100" time="0.001"/>
  <system-out/>
  <testcase classname="LeadCreation.Leadcreation" name="Customercreation100" time="0.000"/>
  <system-out/>
  <testcase classname="LeadCreation.Leadcreation" name="Customercreation100" time="0.001"/>
  <system-out/>
  <testcase classname="LeadCreation.Leadcreation" name="Customercreation100" time="0.000"/>
  <system-out/>
  <testcase classname="LeadCreation.Leadcreation" name="Customercreation100" time="0.001"/>
  <system-out/>
  <testcase classname="LeadCreation.Leadcreation" name="Customercreation100" time="0.000"/>
  <system-out/>
  <testcase classname="LeadCreation.Leadcreation" name="Customercreation100" time="0.000"/>
  <system-out/>
  <testcase classname="LeadCreation.Leadcreation" name="Customercreation100" time="0.000"/>
  <system-out/>
  <testcase classname="LeadCreation.Leadcreation" name="Customercreation100" time="0.000"/>
  <system-out/>
  <testcase classname="LeadCreation.Leadcreation" name="Customercreation100" time="0.000"/>
  <system-out/>
  <testcase classname="LeadCreation.Leadcreation" name="Customercreation100" time="0.001"/>
  <system-out/>
  <testcase classname="LeadCreation.Leadcreation" name="Customercreation100" time="0.001"/>
  <system-out/>
  <testcase classname="LeadCreation.Leadcreation" name="Customercreation100" time="0.000"/>
  <system-out/>
  <testcase classname="LeadCreation.Leadcreation" name="Customercreation100" time="0.000"/>
  <system-out/>
  <testcase classname="LeadCreation.Leadcreation" name="Customercreation100" time="0.000"/>
  <system-out/>
  <testcase classname="LeadCreation.Leadcreation" name="Customercreation100" time="0.001"/>
  <system-out/>
  <testcase classname="LeadCreation.Leadcreation" name="Customercreation100" time="0.000"/>
  <system-out/>
  <testcase classname="LeadCreation.Leadcreation" name="Customercreation100" time="0.000"/>
  <system-out/>
  <testcase classname="LeadCreation.Leadcreation" name="Customercreation100" time="0.000"/>
  <system-out/>
  <testcase classname="LeadCreation.Leadcreation" name="Customercreation100" time="0.000"/>
  <system-out/>
  <testcase classname="LeadCreation.Leadcreation" name="Customercreation100" time="0.000"/>
  <system-out/>
  <testcase classname="LeadCreation.Leadcreation" name="Customercreation100" time="0.000"/>
  <system-out/>
  <testcase classname="LeadCreation.Leadcreation" name="Customercreation100" time="0.000"/>
  <system-out/>
  <testcase classname="LeadCreation.Leadcreation" name="Customercreation100" time="0.000"/>
  <system-out/>
  <testcase classname="LeadCreation.Leadcreation" name="Customercreation100" time="0.000"/>
  <system-out/>
  <testcase classname="LeadCreation.Leadcreation" name="Customercreation100" time="0.000"/>
  <system-out/>
  <testcase classname="LeadCreation.Leadcreation" name="Customercreation100" time="0.000"/>
  <system-out/>
  <testcase classname="LeadCreation.Leadcreation" name="Customercreation100" time="0.000"/>
  <system-out/>
  <testcase classname="LeadCreation.Leadcreation" name="Customercreation100" time="0.000"/>
  <system-out/>
  <testcase classname="LeadCreation.Leadcreation" name="Customercreation100" time="0.001"/>
  <system-out/>
  <testcase classname="LeadCreation.Leadcreation" name="Customercreation100" time="0.001"/>
  <system-out/>
  <testcase classname="LeadCreation.Leadcreation" name="Customercreation100" time="0.000"/>
  <system-out/>
  <testcase classname="LeadCreation.Leadcreation" name="Customercreation100" time="0.000"/>
  <system-out/>
  <testcase classname="LeadCreation.Leadcreation" name="Customercreation100" time="0.000"/>
  <system-out/>
  <testcase classname="LeadCreation.Leadcreation" name="Customercreation100" time="0.000"/>
  <system-out/>
  <testcase classname="LeadCreation.Leadcreation" name="Customercreation100" time="0.000"/>
  <system-out/>
  <testcase classname="LeadCreation.Leadcreation" name="Customercreation100" time="0.000"/>
  <system-out/>
  <testcase classname="LeadCreation.Leadcreation" name="Customercreation100" time="0.000"/>
  <system-out/>
  <testcase classname="LeadCreation.Leadcreation" name="Customercreation100" time="0.000"/>
  <system-out/>
  <testcase classname="LeadCreation.Leadcreation" name="Customercreation100" time="0.000"/>
  <system-out/>
  <testcase classname="LeadCreation.Leadcreation" name="Customercreation100" time="0.001"/>
  <system-out/>
  <testcase classname="LeadCreation.Leadcreation" name="Customercreation100" time="0.000"/>
  <system-out/>
  <testcase classname="LeadCreation.Leadcreation" name="Customercreation100" time="0.000"/>
  <system-out/>
  <testcase classname="LeadCreation.Leadcreation" name="Customercreation100" time="0.000"/>
  <system-out/>
  <testcase classname="LeadCreation.Leadcreation" name="Customercreation100" time="0.001"/>
  <system-out/>
  <testcase classname="LeadCreation.Leadcreation" name="Customercreation100" time="0.000"/>
  <system-out/>
  <testcase classname="LeadCreation.Leadcreation" name="Customercreation100" time="0.000"/>
  <system-out/>
  <testcase classname="LeadCreation.Leadcreation" name="Customercreation100" time="0.000"/>
  <system-out/>
  <testcase classname="LeadCreation.Leadcreation" name="Customercreation100" time="0.000"/>
  <system-out/>
  <testcase classname="LeadCreation.Leadcreation" name="Customercreation100" time="0.000"/>
  <system-out/>
  <testcase classname="LeadCreation.Leadcreation" name="Customercreation100" time="0.000"/>
  <system-out/>
  <testcase classname="LeadCreation.Leadcreation" name="Customercreation100" time="0.000"/>
  <system-out/>
  <testcase classname="LeadCreation.Leadcreation" name="Customercreation100" time="0.001"/>
  <system-out/>
  <testcase classname="LeadCreation.Leadcreation" name="Customercreation100" time="0.000"/>
  <system-out/>
  <testcase classname="LeadCreation.Leadcreation" name="Customercreation100" time="0.000"/>
  <system-out/>
  <testcase classname="LeadCreation.Leadcreation" name="Customercreation100" time="0.000"/>
  <system-out/>
  <testcase classname="LeadCreation.Leadcreation" name="Customercreation100" time="0.000"/>
  <system-out/>
  <testcase classname="LeadCreation.Leadcreation" name="Customercreation100" time="0.000"/>
  <system-out/>
  <testcase classname="LeadCreation.Leadcreation" name="Customercreation100" time="0.001"/>
  <system-out/>
  <testcase classname="LeadCreation.Leadcreation" name="Customercreation100" time="0.000"/>
  <system-out/>
  <testcase classname="LeadCreation.Leadcreation" name="Customercreation100" time="0.000"/>
  <system-out/>
  <testcase classname="LeadCreation.Leadcreation" name="Customercreation100" time="0.000"/>
  <system-out/>
  <testcase classname="LeadCreation.Leadcreation" name="Customercreation100" time="0.000"/>
  <system-out/>
  <testcase classname="LeadCreation.Leadcreation" name="Customercreation100" time="0.000"/>
  <system-out/>
  <testcase classname="LeadCreation.Leadcreation" name="Customercreation100" time="0.000"/>
  <system-out/>
  <testcase classname="LeadCreation.Leadcreation" name="Customercreation100" time="0.000"/>
  <system-out/>
  <testcase classname="LeadCreation.Leadcreation" name="Customercreation100" time="0.000"/>
  <system-out/>
  <testcase classname="LeadCreation.Leadcreation" name="Customercreation100" time="0.000"/>
  <system-out/>
  <testcase classname="LeadCreation.Leadcreation" name="Customercreation100" time="0.000"/>
  <system-out/>
  <testcase classname="LeadCreation.Leadcreation" name="Customercreation100" time="0.000"/>
  <system-out/>
  <testcase classname="LeadCreation.Leadcreation" name="Customercreation100" time="0.000"/>
  <system-out/>
  <testcase classname="LeadCreation.Leadcreation" name="Customercreation100" time="0.000"/>
  <system-out/>
  <testcase classname="LeadCreation.Leadcreation" name="Customercreation100" time="0.000"/>
  <system-out/>
  <testcase classname="LeadCreation.Leadcreation" name="Customercreation100" time="0.000"/>
  <system-out/>
  <testcase classname="LeadCreation.Leadcreation" name="Customercreation100" time="0.001"/>
  <system-out/>
  <testcase classname="LeadCreation.Leadcreation" name="Customercreation100" time="0.000"/>
  <system-out/>
  <testcase classname="LeadCreation.Leadcreation" name="Customercreation100" time="0.000"/>
  <system-out/>
  <testcase classname="LeadCreation.Leadcreation" name="Customercreation100" time="0.000"/>
  <system-out/>
  <testcase classname="LeadCreation.Leadcreation" name="Customercreation100" time="0.001"/>
  <system-out/>
  <testcase classname="LeadCreation.Leadcreation" name="Customercreation100" time="0.001"/>
  <system-out/>
  <testcase classname="LeadCreation.Leadcreation" name="Customercreation100" time="0.000"/>
  <system-out/>
  <testcase classname="LeadCreation.Leadcreation" name="Customercreation100" time="0.000"/>
  <system-out/>
  <testcase classname="LeadCreation.Leadcreation" name="Customercreation100" time="0.001"/>
  <system-out/>
  <testcase classname="LeadCreation.Leadcreation" name="Customercreation100" time="0.000"/>
  <system-out/>
  <testcase classname="LeadCreation.Leadcreation" name="Customercreation100" time="0.000"/>
  <system-out/>
  <testcase classname="LeadCreation.Leadcreation" name="Customercreation100" time="0.000"/>
  <system-out/>
  <testcase classname="LeadCreation.Leadcreation" name="Customercreation100" time="0.001"/>
  <system-out/>
  <testcase classname="LeadCreation.Leadcreation" name="Customercreation100" time="0.000"/>
  <system-out/>
  <testcase classname="LeadCreation.Leadcreation" name="Customercreation100" time="0.000"/>
  <system-out/>
  <testcase classname="LeadCreation.Leadcreation" name="Customercreation100" time="0.000"/>
  <system-out/>
  <testcase classname="LeadCreation.Leadcreation" name="Customercreation100" time="0.000"/>
  <system-out/>
  <testcase classname="LeadCreation.Leadcreation" name="Customercreation100" time="0.000"/>
  <system-out/>
  <testcase classname="LeadCreation.Leadcreation" name="Customercreation100" time="0.000"/>
  <system-out/>
  <testcase classname="LeadCreation.Leadcreation" name="Customercreation100" time="0.000"/>
  <system-out/>
  <testcase classname="LeadCreation.Leadcreation" name="Customercreation100" time="0.000"/>
  <system-out/>
  <testcase classname="LeadCreation.Leadcreation" name="Customercreation100" time="0.000"/>
  <system-out/>
  <testcase classname="LeadCreation.Leadcreation" name="Customercreation100" time="0.000"/>
  <system-out/>
  <testcase classname="LeadCreation.Leadcreation" name="Customercreation100" time="0.001"/>
  <system-out/>
  <testcase classname="LeadCreation.Leadcreation" name="Customercreation100" time="0.000"/>
  <system-out/>
  <testcase classname="LeadCreation.Leadcreation" name="Customercreation100" time="0.000"/>
  <system-out/>
  <testcase classname="LeadCreation.Leadcreation" name="Customercreation100" time="0.000"/>
  <system-out/>
  <testcase classname="LeadCreation.Leadcreation" name="Customercreation100" time="0.000"/>
  <system-out/>
  <testcase classname="LeadCreation.Leadcreation" name="Customercreation100" time="0.000"/>
  <system-out/>
  <testcase classname="LeadCreation.Leadcreation" name="Customercreation100" time="0.001"/>
  <system-out/>
  <testcase classname="LeadCreation.Leadcreation" name="Customercreation100" time="0.000"/>
  <system-out/>
  <testcase classname="LeadCreation.Leadcreation" name="Customercreation100" time="0.000"/>
  <system-out/>
  <testcase classname="LeadCreation.Leadcreation" name="Customercreation100" time="0.000"/>
  <system-out/>
  <testcase classname="LeadCreation.Leadcreation" name="Customercreation100" time="0.000"/>
  <system-out/>
  <testcase classname="LeadCreation.Leadcreation" name="Customercreation100" time="0.001"/>
  <system-out/>
  <testcase classname="LeadCreation.Leadcreation" name="Customercreation100" time="0.001"/>
  <system-out/>
  <testcase classname="LeadCreation.Leadcreation" name="Customercreation100" time="0.000"/>
  <system-out/>
  <testcase classname="LeadCreation.Leadcreation" name="Customercreation100" time="0.000"/>
  <system-out/>
  <testcase classname="LeadCreation.Leadcreation" name="Customercreation100" time="0.000"/>
  <system-out/>
  <testcase classname="LeadCreation.Leadcreation" name="Customercreation100" time="0.000"/>
  <system-out/>
  <testcase classname="LeadCreation.Leadcreation" name="Customercreation100" time="0.000"/>
  <system-out/>
  <testcase classname="LeadCreation.Leadcreation" name="Customercreation100" time="0.000"/>
  <system-out/>
  <testcase classname="LeadCreation.Leadcreation" name="Customercreation100" time="0.001"/>
  <system-out/>
  <testcase classname="LeadCreation.Leadcreation" name="Customercreation100" time="0.000"/>
  <system-out/>
  <testcase classname="LeadCreation.Leadcreation" name="Customercreation100" time="0.000"/>
  <system-out/>
  <testcase classname="LeadCreation.Leadcreation" name="Customercreation100" time="0.000"/>
  <system-out/>
  <testcase classname="LeadCreation.Leadcreation" name="Customercreation100" time="0.000"/>
  <system-out/>
  <testcase classname="LeadCreation.Leadcreation" name="Customercreation100" time="0.000"/>
  <system-out/>
  <testcase classname="LeadCreation.Leadcreation" name="Customercreation100" time="0.000"/>
  <system-out/>
  <testcase classname="LeadCreation.Leadcreation" name="Customercreation100" time="0.000"/>
  <system-out/>
  <testcase classname="LeadCreation.Leadcreation" name="Customercreation100" time="0.001"/>
  <system-out/>
  <testcase classname="LeadCreation.Leadcreation" name="Customercreation100" time="0.000"/>
  <system-out/>
  <testcase classname="LeadCreation.Leadcreation" name="Customercreation100" time="0.000"/>
  <system-out/>
  <testcase classname="LeadCreation.Leadcreation" name="Customercreation100" time="0.000"/>
  <system-out/>
  <testcase classname="LeadCreation.Leadcreation" name="Customercreation100" time="0.000"/>
  <system-out/>
  <testcase classname="LeadCreation.Leadcreation" name="Customercreation100" time="0.000"/>
  <system-out/>
  <testcase classname="LeadCreation.Leadcreation" name="Customercreation100" time="0.001"/>
  <system-out/>
  <testcase classname="LeadCreation.Leadcreation" name="Customercreation100" time="0.000"/>
  <system-out/>
  <testcase classname="LeadCreation.Leadcreation" name="Customercreation100" time="0.000"/>
  <system-out/>
  <testcase classname="LeadCreation.Leadcreation" name="Customercreation100" time="0.000"/>
  <system-out/>
  <testcase classname="LeadCreation.Leadcreation" name="Customercreation100" time="0.000"/>
  <system-out/>
  <testcase classname="LeadCreation.Leadcreation" name="Customercreation100" time="0.001"/>
  <system-out/>
  <testcase classname="LeadCreation.Leadcreation" name="Customercreation100" time="0.000"/>
  <system-out/>
  <testcase classname="LeadCreation.Leadcreation" name="Customercreation100" time="0.000"/>
  <system-out/>
  <testcase classname="LeadCreation.Leadcreation" name="Customercreation100" time="0.000"/>
  <system-out/>
  <testcase classname="LeadCreation.Leadcreation" name="Customercreation100" time="0.000"/>
  <system-out/>
  <testcase classname="LeadCreation.Leadcreation" name="Customercreation100" time="0.001"/>
  <system-out/>
  <testcase classname="LeadCreation.Leadcreation" name="Customercreation100" time="0.000"/>
  <system-out/>
  <testcase classname="LeadCreation.Leadcreation" name="Customercreation100" time="0.000"/>
  <system-out/>
  <testcase classname="LeadCreation.Leadcreation" name="Customercreation100" time="0.000"/>
  <system-out/>
  <testcase classname="LeadCreation.Leadcreation" name="Customercreation100" time="0.000"/>
  <system-out/>
  <testcase classname="LeadCreation.Leadcreation" name="Customercreation100" time="0.000"/>
  <system-out/>
  <testcase classname="LeadCreation.Leadcreation" name="Customercreation100" time="0.000"/>
  <system-out/>
  <testcase classname="LeadCreation.Leadcreation" name="Customercreation100" time="0.000"/>
  <system-out/>
  <testcase classname="LeadCreation.Leadcreation" name="Customercreation100" time="0.000"/>
  <system-out/>
  <testcase classname="LeadCreation.Leadcreation" name="Customercreation100" time="0.001"/>
  <system-out/>
  <testcase classname="LeadCreation.Leadcreation" name="Customercreation100" time="0.000"/>
  <system-out/>
  <testcase classname="LeadCreation.Leadcreation" name="Customercreation100" time="0.001"/>
  <system-out/>
  <testcase classname="LeadCreation.Leadcreation" name="Customercreation100" time="0.000"/>
  <system-out/>
  <testcase classname="LeadCreation.Leadcreation" name="Customercreation100" time="0.001"/>
  <system-out/>
  <testcase classname="LeadCreation.Leadcreation" name="Customercreation100" time="0.001"/>
  <system-out/>
  <testcase classname="LeadCreation.Leadcreation" name="Customercreation100" time="0.000"/>
  <system-out/>
  <testcase classname="LeadCreation.Leadcreation" name="Customercreation100" time="0.001"/>
  <system-out/>
  <testcase classname="LeadCreation.Leadcreation" name="Customercreation100" time="0.000"/>
  <system-out/>
  <testcase classname="LeadCreation.Leadcreation" name="Customercreation100" time="0.001"/>
  <system-out/>
  <testcase classname="LeadCreation.Leadcreation" name="Customercreation100" time="0.001"/>
  <system-out/>
  <testcase classname="LeadCreation.Leadcreation" name="Customercreation100" time="0.000"/>
  <system-out/>
  <testcase classname="LeadCreation.Leadcreation" name="Customercreation100" time="0.001"/>
  <system-out/>
  <testcase classname="LeadCreation.Leadcreation" name="Customercreation100" time="0.000"/>
  <system-out/>
  <testcase classname="LeadCreation.Leadcreation" name="Customercreation100" time="0.001"/>
  <system-out/>
  <testcase classname="LeadCreation.Leadcreation" name="Customercreation100" time="0.000"/>
  <system-out/>
  <testcase classname="LeadCreation.Leadcreation" name="Customercreation100" time="0.001"/>
  <system-out/>
  <testcase classname="LeadCreation.Leadcreation" name="Customercreation100" time="0.000"/>
  <system-out/>
  <testcase classname="LeadCreation.Leadcreation" name="Customercreation100" time="0.000"/>
  <system-out/>
  <testcase classname="LeadCreation.Leadcreation" name="Customercreation100" time="0.000"/>
  <system-out/>
  <testcase classname="LeadCreation.Leadcreation" name="Customercreation100" time="0.000"/>
  <system-out/>
  <testcase classname="LeadCreation.Leadcreation" name="Customercreation100" time="0.001"/>
  <system-out/>
  <testcase classname="LeadCreation.Leadcreation" name="Customercreation100" time="0.000"/>
  <system-out/>
  <testcase classname="LeadCreation.Leadcreation" name="Customercreation100" time="0.000"/>
  <system-out/>
  <testcase classname="LeadCreation.Leadcreation" name="Customercreation100" time="0.000"/>
  <system-out/>
  <testcase classname="LeadCreation.Leadcreation" name="Customercreation100" time="0.000"/>
  <system-out/>
  <testcase classname="LeadCreation.Leadcreation" name="Customercreation100" time="0.000"/>
  <system-out/>
  <testcase classname="LeadCreation.Leadcreation" name="Customercreation100" time="0.000"/>
  <system-out/>
  <testcase classname="LeadCreation.Leadcreation" name="Customercreation100" time="0.000"/>
  <system-out/>
  <testcase classname="LeadCreation.Leadcreation" name="Customercreation100" time="0.000"/>
  <system-out/>
  <testcase classname="LeadCreation.Leadcreation" name="Customercreation100" time="0.000"/>
  <system-out/>
  <testcase classname="LeadCreation.Leadcreation" name="Customercreation100" time="0.001"/>
  <system-out/>
  <testcase classname="LeadCreation.Leadcreation" name="Customercreation100" time="0.000"/>
  <system-out/>
  <testcase classname="LeadCreation.Leadcreation" name="Customercreation100" time="0.000"/>
  <system-out/>
  <testcase classname="LeadCreation.Leadcreation" name="Customercreation100" time="0.000"/>
  <system-out/>
  <testcase classname="LeadCreation.Leadcreation" name="Customercreation100" time="0.000"/>
  <system-out/>
  <testcase classname="LeadCreation.Leadcreation" name="Customercreation100" time="0.000"/>
  <system-out/>
  <testcase classname="LeadCreation.Leadcreation" name="Customercreation100" time="0.000"/>
  <system-out/>
  <testcase classname="LeadCreation.Leadcreation" name="Customercreation100" time="0.000"/>
  <system-out/>
  <testcase classname="LeadCreation.Leadcreation" name="Customercreation100" time="0.000"/>
  <system-out/>
  <testcase classname="LeadCreation.Leadcreation" name="Customercreation100" time="0.000"/>
  <system-out/>
  <testcase classname="LeadCreation.Leadcreation" name="Customercreation100" time="0.000"/>
  <system-out/>
  <testcase classname="LeadCreation.Leadcreation" name="Customercreation100" time="0.000"/>
  <system-out/>
  <testcase classname="LeadCreation.Leadcreation" name="Customercreation100" time="0.000"/>
  <system-out/>
  <testcase classname="LeadCreation.Leadcreation" name="Customercreation100" time="0.000"/>
  <system-out/>
  <testcase classname="LeadCreation.Leadcreation" name="Customercreation100" time="0.000"/>
  <system-out/>
  <testcase classname="LeadCreation.Leadcreation" name="Customercreation100" time="0.001"/>
  <system-out/>
  <testcase classname="LeadCreation.Leadcreation" name="Customercreation100" time="0.000"/>
  <system-out/>
  <testcase classname="LeadCreation.Leadcreation" name="Customercreation100" time="0.000"/>
  <system-out/>
  <testcase classname="LeadCreation.Leadcreation" name="Customercreation100" time="0.000"/>
  <system-out/>
  <testcase classname="LeadCreation.Leadcreation" name="Customercreation100" time="0.000"/>
  <system-out/>
  <testcase classname="LeadCreation.Leadcreation" name="Customercreation100" time="0.000"/>
  <system-out/>
  <testcase classname="LeadCreation.Leadcreation" name="Customercreation100" time="0.000"/>
  <system-out/>
  <testcase classname="LeadCreation.Leadcreation" name="Customercreation100" time="0.000"/>
  <system-out/>
  <testcase classname="LeadCreation.Leadcreation" name="Customercreation100" time="0.000"/>
  <system-out/>
  <testcase classname="LeadCreation.Leadcreation" name="Customercreation100" time="0.000"/>
  <system-out/>
  <testcase classname="LeadCreation.Leadcreation" name="Customercreation100" time="0.000"/>
  <system-out/>
  <testcase classname="LeadCreation.Leadcreation" name="Customercreation100" time="0.001"/>
  <system-out/>
  <testcase classname="LeadCreation.Leadcreation" name="Customercreation100" time="0.000"/>
  <system-out/>
  <testcase classname="LeadCreation.Leadcreation" name="Customercreation100" time="0.000"/>
  <system-out/>
  <testcase classname="LeadCreation.Leadcreation" name="Customercreation100" time="0.000"/>
  <system-out/>
  <testcase classname="LeadCreation.Leadcreation" name="Customercreation100" time="0.000"/>
  <system-out/>
  <testcase classname="LeadCreation.Leadcreation" name="Customercreation100" time="0.001"/>
  <system-out/>
  <testcase classname="LeadCreation.Leadcreation" name="Customercreation100" time="0.000"/>
  <system-out/>
  <testcase classname="LeadCreation.Leadcreation" name="Customercreation100" time="0.000"/>
  <system-out/>
  <testcase classname="LeadCreation.Leadcreation" name="Customercreation100" time="0.001"/>
  <system-out/>
  <testcase classname="LeadCreation.Leadcreation" name="Customercreation100" time="0.000"/>
  <system-out/>
  <testcase classname="LeadCreation.Leadcreation" name="Customercreation100" time="0.001"/>
  <system-out/>
  <testcase classname="LeadCreation.Leadcreation" name="Customercreation100" time="0.000"/>
  <system-out/>
  <testcase classname="LeadCreation.Leadcreation" name="Customercreation100" time="0.001"/>
  <system-out/>
  <testcase classname="LeadCreation.Leadcreation" name="Customercreation100" time="0.000"/>
  <system-out/>
  <testcase classname="LeadCreation.Leadcreation" name="Customercreation100" time="0.000"/>
  <system-out/>
  <testcase classname="LeadCreation.Leadcreation" name="Customercreation100" time="0.000"/>
  <system-out/>
  <testcase classname="LeadCreation.Leadcreation" name="Customercreation100" time="0.000"/>
  <system-out/>
  <testcase classname="LeadCreation.Leadcreation" name="Customercreation100" time="0.000"/>
  <system-out/>
  <testcase classname="LeadCreation.Leadcreation" name="Customercreation100" time="0.000"/>
  <system-out/>
  <testcase classname="LeadCreation.Leadcreation" name="Customercreation100" time="0.001"/>
  <system-out/>
  <testcase classname="LeadCreation.Leadcreation" name="Customercreation100" time="0.000"/>
  <system-out/>
  <testcase classname="LeadCreation.Leadcreation" name="Customercreation100" time="0.000"/>
  <system-out/>
  <testcase classname="LeadCreation.Leadcreation" name="Customercreation100" time="0.000"/>
  <system-out/>
  <testcase classname="LeadCreation.Leadcreation" name="Customercreation100" time="0.000"/>
  <system-out/>
  <testcase classname="LeadCreation.Leadcreation" name="Customercreation100" time="0.000"/>
  <system-out/>
  <testcase classname="LeadCreation.Leadcreation" name="Customercreation100" time="0.000"/>
  <system-out/>
  <testcase classname="LeadCreation.Leadcreation" name="Customercreation100" time="0.000"/>
  <system-out/>
  <testcase classname="LeadCreation.Leadcreation" name="Customercreation100" time="0.001"/>
  <system-out/>
  <testcase classname="LeadCreation.Leadcreation" name="Customercreation100" time="0.000"/>
  <system-out/>
  <testcase classname="LeadCreation.Leadcreation" name="Customercreation100" time="0.000"/>
  <system-out/>
  <testcase classname="LeadCreation.Leadcreation" name="Customercreation100" time="0.000"/>
  <system-out/>
  <testcase classname="LeadCreation.Leadcreation" name="Customercreation100" time="0.000"/>
  <system-out/>
  <testcase classname="LeadCreation.Leadcreation" name="Customercreation100" time="0.001"/>
  <system-out/>
  <testcase classname="LeadCreation.Leadcreation" name="Customercreation100" time="0.000"/>
  <system-out/>
  <testcase classname="LeadCreation.Leadcreation" name="Customercreation100" time="0.001"/>
  <system-out/>
  <testcase classname="LeadCreation.Leadcreation" name="Customercreation100" time="0.000"/>
  <system-out/>
  <testcase classname="LeadCreation.Leadcreation" name="Customercreation100" time="0.000"/>
  <system-out/>
  <testcase classname="LeadCreation.Leadcreation" name="Customercreation100" time="0.000"/>
  <system-out/>
  <testcase classname="LeadCreation.Leadcreation" name="Customercreation100" time="0.000"/>
  <system-out/>
  <testcase classname="LeadCreation.Leadcreation" name="Customercreation100" time="0.000"/>
  <system-out/>
  <testcase classname="LeadCreation.Leadcreation" name="Customercreation100" time="0.000"/>
  <system-out/>
  <testcase classname="LeadCreation.Leadcreation" name="Customercreation100" time="0.000"/>
  <system-out/>
  <testcase classname="LeadCreation.Leadcreation" name="Customercreation100" time="0.000"/>
  <system-out/>
  <testcase classname="LeadCreation.Leadcreation" name="Customercreation100" time="0.000"/>
  <system-out/>
  <testcase classname="LeadCreation.Leadcreation" name="Customercreation100" time="0.001"/>
  <system-out/>
  <testcase classname="LeadCreation.Leadcreation" name="Customercreation100" time="0.001"/>
  <system-out/>
  <testcase classname="LeadCreation.Leadcreation" name="Customercreation100" time="0.000"/>
  <system-out/>
  <testcase classname="LeadCreation.Leadcreation" name="Customercreation100" time="0.000"/>
  <system-out/>
  <testcase classname="LeadCreation.Leadcreation" name="Customercreation100" time="0.000"/>
  <system-out/>
  <testcase classname="LeadCreation.Leadcreation" name="Customercreation100" time="0.000"/>
  <system-out/>
  <testcase classname="LeadCreation.Leadcreation" name="Customercreation100" time="0.000"/>
  <system-out/>
  <testcase classname="LeadCreation.Leadcreation" name="Customercreation100" time="0.001"/>
  <system-out/>
  <testcase classname="LeadCreation.Leadcreation" name="Customercreation100" time="0.000"/>
  <system-out/>
  <testcase classname="LeadCreation.Leadcreation" name="Customercreation100" time="0.000"/>
  <system-out/>
  <testcase classname="LeadCreation.Leadcreation" name="Customercreation100" time="0.000"/>
  <system-out/>
  <testcase classname="LeadCreation.Leadcreation" name="Customercreation100" time="0.001"/>
  <system-out/>
  <testcase classname="LeadCreation.Leadcreation" name="Customercreation100" time="0.000"/>
  <system-out/>
  <testcase classname="LeadCreation.Leadcreation" name="Customercreation100" time="0.000"/>
  <system-out/>
  <testcase classname="LeadCreation.Leadcreation" name="Customercreation100" time="0.000"/>
  <system-out/>
  <testcase classname="LeadCreation.Leadcreation" name="Customercreation100" time="0.001"/>
  <system-out/>
  <testcase classname="LeadCreation.Leadcreation" name="Customercreation100" time="0.000"/>
  <system-out/>
  <testcase classname="LeadCreation.Leadcreation" name="Customercreation100" time="0.000"/>
  <system-out/>
  <testcase classname="LeadCreation.Leadcreation" name="Customercreation100" time="0.000"/>
  <system-out/>
  <testcase classname="LeadCreation.Leadcreation" name="Customercreation100" time="0.000"/>
  <system-out/>
  <testcase classname="LeadCreation.Leadcreation" name="Customercreation100" time="0.000"/>
  <system-out/>
  <testcase classname="LeadCreation.Leadcreation" name="Customercreation100" time="0.000"/>
  <system-out/>
  <testcase classname="LeadCreation.Leadcreation" name="Customercreation100" time="0.000"/>
  <system-out/>
  <testcase classname="LeadCreation.Leadcreation" name="Customercreation100" time="0.000"/>
  <system-out/>
  <testcase classname="LeadCreation.Leadcreation" name="Customercreation100" time="0.000"/>
  <system-out/>
  <testcase classname="LeadCreation.Leadcreation" name="Customercreation100" time="0.000"/>
  <system-out/>
  <testcase classname="LeadCreation.Leadcreation" name="Customercreation100" time="0.000"/>
  <system-out/>
  <testcase classname="LeadCreation.Leadcreation" name="Customercreation100" time="0.000"/>
  <system-out/>
  <testcase classname="LeadCreation.Leadcreation" name="Customercreation100" time="0.001"/>
  <system-out/>
  <testcase classname="LeadCreation.Leadcreation" name="Customercreation100" time="0.000"/>
  <system-out/>
  <testcase classname="LeadCreation.Leadcreation" name="Customercreation100" time="0.000"/>
  <system-out/>
  <testcase classname="LeadCreation.Leadcreation" name="Customercreation100" time="0.000"/>
  <system-out/>
  <testcase classname="LeadCreation.Leadcreation" name="Customercreation100" time="0.000"/>
  <system-out/>
  <testcase classname="LeadCreation.Leadcreation" name="Customercreation100" time="0.000"/>
  <system-out/>
  <testcase classname="LeadCreation.Leadcreation" name="Customercreation100" time="0.000"/>
  <system-out/>
  <testcase classname="LeadCreation.Leadcreation" name="Customercreation100" time="0.000"/>
  <system-out/>
  <testcase classname="LeadCreation.Leadcreation" name="Customercreation100" time="0.001"/>
  <system-out/>
  <testcase classname="LeadCreation.Leadcreation" name="Customercreation100" time="0.000"/>
  <system-out/>
  <testcase classname="LeadCreation.Leadcreation" name="Customercreation100" time="0.000"/>
  <system-out/>
  <testcase classname="LeadCreation.Leadcreation" name="Customercreation100" time="0.000"/>
  <system-out/>
  <testcase classname="LeadCreation.Leadcreation" name="Customercreation100" time="0.000"/>
  <system-out/>
  <testcase classname="LeadCreation.Leadcreation" name="Customercreation100" time="0.000"/>
  <system-out/>
  <testcase classname="LeadCreation.Leadcreation" name="Customercreation100" time="0.000"/>
  <system-out/>
  <testcase classname="LeadCreation.Leadcreation" name="Customercreation100" time="0.001"/>
  <system-out/>
  <testcase classname="LeadCreation.Leadcreation" name="Customercreation100" time="0.000"/>
  <system-out/>
  <testcase classname="LeadCreation.Leadcreation" name="Customercreation100" time="0.000"/>
  <system-out/>
  <testcase classname="LeadCreation.Leadcreation" name="Customercreation100" time="0.000"/>
  <system-out/>
  <testcase classname="LeadCreation.Leadcreation" name="Customercreation100" time="0.000"/>
  <system-out/>
  <testcase classname="LeadCreation.Leadcreation" name="Customercreation100" time="0.000"/>
  <system-out/>
  <testcase classname="LeadCreation.Leadcreation" name="Customercreation100" time="0.000"/>
  <system-out/>
  <testcase classname="LeadCreation.Leadcreation" name="Customercreation100" time="0.000"/>
  <system-out/>
  <testcase classname="LeadCreation.Leadcreation" name="Customercreation100" time="0.000"/>
  <system-out/>
  <testcase classname="LeadCreation.Leadcreation" name="Customercreation100" time="0.001"/>
  <system-out/>
  <testcase classname="LeadCreation.Leadcreation" name="Customercreation100" time="0.001"/>
  <system-out/>
  <testcase classname="LeadCreation.Leadcreation" name="Customercreation100" time="0.001"/>
  <system-out/>
  <testcase classname="LeadCreation.Leadcreation" name="Customercreation100" time="0.000"/>
  <system-out/>
  <testcase classname="LeadCreation.Leadcreation" name="Customercreation100" time="0.000"/>
  <system-out/>
  <testcase classname="LeadCreation.Leadcreation" name="Customercreation100" time="0.001"/>
  <system-out/>
  <testcase classname="LeadCreation.Leadcreation" name="Customercreation100" time="0.000"/>
  <system-out/>
  <testcase classname="LeadCreation.Leadcreation" name="Customercreation100" time="0.000"/>
  <system-out/>
  <testcase classname="LeadCreation.Leadcreation" name="Customercreation100" time="0.000"/>
  <system-out/>
  <testcase classname="LeadCreation.Leadcreation" name="Customercreation100" time="0.001"/>
  <system-out/>
  <testcase classname="LeadCreation.Leadcreation" name="Customercreation100" time="0.000"/>
  <system-out/>
  <testcase classname="LeadCreation.Leadcreation" name="Customercreation100" time="0.000"/>
  <system-out/>
  <testcase classname="LeadCreation.Leadcreation" name="Customercreation100" time="0.000"/>
  <system-out/>
  <testcase classname="LeadCreation.Leadcreation" name="Customercreation100" time="0.000"/>
  <system-out/>
  <testcase classname="LeadCreation.Leadcreation" name="Customercreation100" time="0.000"/>
  <system-out/>
  <testcase classname="LeadCreation.Leadcreation" name="Customercreation100" time="0.000"/>
  <system-out/>
  <testcase classname="LeadCreation.Leadcreation" name="Customercreation100" time="0.000"/>
  <system-out/>
  <testcase classname="LeadCreation.Leadcreation" name="Customercreation100" time="0.001"/>
  <system-out/>
  <testcase classname="LeadCreation.Leadcreation" name="Customercreation100" time="0.000"/>
  <system-out/>
  <testcase classname="LeadCreation.Leadcreation" name="Customercreation100" time="0.000"/>
  <system-out/>
  <testcase classname="LeadCreation.Leadcreation" name="Customercreation100" time="0.000"/>
  <system-out/>
  <testcase classname="LeadCreation.Leadcreation" name="Customercreation100" time="0.001"/>
  <system-out/>
  <testcase classname="LeadCreation.Leadcreation" name="Customercreation100" time="0.000"/>
  <system-out/>
  <testcase classname="LeadCreation.Leadcreation" name="Customercreation100" time="0.001"/>
  <system-out/>
  <testcase classname="LeadCreation.Leadcreation" name="Customercreation100" time="0.000"/>
  <system-out/>
  <testcase classname="LeadCreation.Leadcreation" name="Customercreation100" time="0.000"/>
  <system-out/>
  <testcase classname="LeadCreation.Leadcreation" name="Customercreation100" time="0.001"/>
  <system-out/>
  <testcase classname="LeadCreation.Leadcreation" name="Customercreation100" time="0.000"/>
  <system-out/>
  <testcase classname="LeadCreation.Leadcreation" name="Customercreation100" time="0.001"/>
  <system-out/>
  <testcase classname="LeadCreation.Leadcreation" name="Customercreation100" time="0.000"/>
  <system-out/>
  <testcase classname="LeadCreation.Leadcreation" name="Customercreation100" time="0.000"/>
  <system-out/>
  <testcase classname="LeadCreation.Leadcreation" name="Customercreation100" time="0.000"/>
  <system-out/>
  <testcase classname="LeadCreation.Leadcreation" name="Customercreation100" time="0.000"/>
  <system-out/>
  <testcase classname="LeadCreation.Leadcreation" name="Customercreation100" time="0.000"/>
  <system-out/>
  <testcase classname="LeadCreation.Leadcreation" name="Customercreation100" time="0.000"/>
  <system-out/>
  <testcase classname="LeadCreation.Leadcreation" name="Customercreation100" time="0.000"/>
  <system-out/>
  <testcase classname="LeadCreation.Leadcreation" name="Customercreation100" time="0.000"/>
  <system-out/>
  <testcase classname="LeadCreation.Leadcreation" name="Customercreation100" time="0.001"/>
  <system-out/>
  <testcase classname="LeadCreation.Leadcreation" name="Customercreation100" time="0.000"/>
  <system-out/>
  <testcase classname="LeadCreation.Leadcreation" name="Customercreation100" time="0.000"/>
  <system-out/>
  <testcase classname="LeadCreation.Leadcreation" name="Customercreation100" time="0.000"/>
  <system-out/>
  <testcase classname="LeadCreation.Leadcreation" name="Customercreation100" time="0.000"/>
  <system-out/>
  <testcase classname="LeadCreation.Leadcreation" name="Customercreation100" time="0.000"/>
  <system-out/>
  <testcase classname="LeadCreation.Leadcreation" name="Customercreation100" time="0.000"/>
  <system-out/>
  <testcase classname="LeadCreation.Leadcreation" name="Customercreation100" time="0.000"/>
  <system-out/>
  <testcase classname="LeadCreation.Leadcreation" name="Customercreation100" time="0.000"/>
  <system-out/>
  <testcase classname="LeadCreation.Leadcreation" name="Customercreation100" time="0.000"/>
  <system-out/>
  <testcase classname="LeadCreation.Leadcreation" name="Customercreation100" time="0.000"/>
  <system-out/>
  <testcase classname="LeadCreation.Leadcreation" name="Customercreation100" time="0.000"/>
  <system-out/>
  <testcase classname="LeadCreation.Leadcreation" name="Customercreation100" time="0.000"/>
  <system-out/>
  <testcase classname="LeadCreation.Leadcreation" name="Customercreation100" time="0.000"/>
  <system-out/>
  <testcase classname="LeadCreation.Leadcreation" name="Customercreation100" time="0.000"/>
  <system-out/>
  <testcase classname="LeadCreation.Leadcreation" name="Customercreation100" time="0.000"/>
  <system-out/>
  <testcase classname="LeadCreation.Leadcreation" name="Customercreation100" time="0.001"/>
  <system-out/>
  <testcase classname="LeadCreation.Leadcreation" name="Customercreation100" time="0.000"/>
  <system-out/>
  <testcase classname="LeadCreation.Leadcreation" name="Customercreation100" time="0.001"/>
  <system-out/>
  <testcase classname="LeadCreation.Leadcreation" name="Customercreation100" time="0.000"/>
  <system-out/>
  <testcase classname="LeadCreation.Leadcreation" name="Customercreation100" time="0.000"/>
  <system-out/>
  <testcase classname="LeadCreation.Leadcreation" name="Customercreation100" time="0.000"/>
  <system-out/>
  <testcase classname="LeadCreation.Leadcreation" name="Customercreation100" time="0.001"/>
  <system-out/>
  <testcase classname="LeadCreation.Leadcreation" name="Customercreation100" time="0.000"/>
  <system-out/>
  <testcase classname="LeadCreation.Leadcreation" name="Customercreation100" time="0.000"/>
  <system-out/>
  <testcase classname="LeadCreation.Leadcreation" name="Customercreation100" time="0.000"/>
  <system-out/>
  <testcase classname="LeadCreation.Leadcreation" name="Customercreation100" time="0.000"/>
  <system-out/>
  <testcase classname="LeadCreation.Leadcreation" name="Customercreation100" time="0.000"/>
  <system-out/>
  <testcase classname="LeadCreation.Leadcreation" name="Customercreation100" time="0.000"/>
  <system-out/>
  <testcase classname="LeadCreation.Leadcreation" name="Customercreation100" time="0.000"/>
  <system-out/>
  <testcase classname="LeadCreation.Leadcreation" name="Customercreation100" time="0.000"/>
  <system-out/>
  <testcase classname="LeadCreation.Leadcreation" name="Customercreation100" time="0.000"/>
  <system-out/>
  <testcase classname="LeadCreation.Leadcreation" name="Customercreation100" time="0.000"/>
  <system-out/>
  <testcase classname="LeadCreation.Leadcreation" name="Customercreation100" time="0.000"/>
  <system-out/>
  <testcase classname="LeadCreation.Leadcreation" name="Customercreation100" time="0.000"/>
  <system-out/>
  <testcase classname="LeadCreation.Leadcreation" name="Customercreation100" time="0.000"/>
  <system-out/>
  <testcase classname="LeadCreation.Leadcreation" name="Customercreation100" time="0.000"/>
  <system-out/>
  <testcase classname="LeadCreation.Leadcreation" name="Customercreation100" time="0.000"/>
  <system-out/>
  <testcase classname="LeadCreation.Leadcreation" name="Customercreation100" time="0.000"/>
  <system-out/>
  <testcase classname="LeadCreation.Leadcreation" name="Customercreation100" time="0.001"/>
  <system-out/>
  <testcase classname="LeadCreation.Leadcreation" name="Customercreation100" time="0.000"/>
  <system-out/>
  <testcase classname="LeadCreation.Leadcreation" name="Customercreation100" time="0.000"/>
  <system-out/>
  <testcase classname="LeadCreation.Leadcreation" name="Customercreation100" time="0.000"/>
  <system-out/>
  <testcase classname="LeadCreation.Leadcreation" name="Customercreation100" time="0.000"/>
  <system-out/>
  <testcase classname="LeadCreation.Leadcreation" name="Customercreation100" time="0.000"/>
  <system-out/>
  <testcase classname="LeadCreation.Leadcreation" name="Customercreation100" time="0.000"/>
  <system-out/>
  <testcase classname="LeadCreation.Leadcreation" name="Customercreation100" time="0.000"/>
  <system-out/>
  <testcase classname="LeadCreation.Leadcreation" name="Customercreation100" time="0.000"/>
  <system-out/>
  <testcase classname="LeadCreation.Leadcreation" name="Customercreation100" time="0.000"/>
  <system-out/>
  <testcase classname="LeadCreation.Leadcreation" name="Customercreation100" time="0.000"/>
  <system-out/>
  <testcase classname="LeadCreation.Leadcreation" name="Customercreation100" time="0.000"/>
  <system-out/>
  <testcase classname="LeadCreation.Leadcreation" name="Customercreation100" time="0.001"/>
  <system-out/>
  <testcase classname="LeadCreation.Leadcreation" name="Customercreation100" time="0.000"/>
  <system-out/>
  <testcase classname="LeadCreation.Leadcreation" name="Customercreation100" time="0.000"/>
  <system-out/>
  <testcase classname="LeadCreation.Leadcreation" name="Customercreation100" time="0.000"/>
  <system-out/>
  <testcase classname="LeadCreation.Leadcreation" name="Customercreation100" time="0.000"/>
  <system-out/>
  <testcase classname="LeadCreation.Leadcreation" name="Customercreation100" time="0.000"/>
  <system-out/>
  <testcase classname="LeadCreation.Leadcreation" name="Customercreation100" time="0.000"/>
  <system-out/>
  <testcase classname="LeadCreation.Leadcreation" name="Customercreation100" time="0.000"/>
  <system-out/>
  <testcase classname="LeadCreation.Leadcreation" name="Customercreation100" time="0.000"/>
  <system-out/>
  <testcase classname="LeadCreation.Leadcreation" name="Customercreation100" time="0.000"/>
  <system-out/>
  <testcase classname="LeadCreation.Leadcreation" name="Customercreation100" time="0.000"/>
  <system-out/>
  <testcase classname="LeadCreation.Leadcreation" name="Customercreation100" time="0.001"/>
  <system-out/>
  <testcase classname="LeadCreation.Leadcreation" name="Customercreation100" time="0.000"/>
  <system-out/>
  <testcase classname="LeadCreation.Leadcreation" name="Customercreation100" time="0.000"/>
  <system-out/>
  <testcase classname="LeadCreation.Leadcreation" name="Customercreation100" time="0.000"/>
  <system-out/>
  <testcase classname="LeadCreation.Leadcreation" name="Customercreation100" time="0.000"/>
  <system-out/>
  <testcase classname="LeadCreation.Leadcreation" name="Customercreation100" time="0.000"/>
  <system-out/>
  <testcase classname="LeadCreation.Leadcreation" name="Customercreation100" time="0.000"/>
  <system-out/>
  <testcase classname="LeadCreation.Leadcreation" name="Customercreation100" time="0.000"/>
  <system-out/>
  <testcase classname="LeadCreation.Leadcreation" name="Customercreation100" time="0.000"/>
  <system-out/>
  <testcase classname="LeadCreation.Leadcreation" name="Customercreation100" time="0.000"/>
  <system-out/>
  <testcase classname="LeadCreation.Leadcreation" name="Customercreation100" time="0.000"/>
  <system-out/>
  <testcase classname="LeadCreation.Leadcreation" name="Customercreation100" time="0.001"/>
  <system-out/>
  <testcase classname="LeadCreation.Leadcreation" name="Customercreation100" time="0.000"/>
  <system-out/>
  <testcase classname="LeadCreation.Leadcreation" name="Customercreation100" time="0.000"/>
  <system-out/>
  <testcase classname="LeadCreation.Leadcreation" name="Customercreation100" time="0.001"/>
  <system-out/>
  <testcase classname="LeadCreation.Leadcreation" name="Customercreation100" time="0.000"/>
  <system-out/>
  <testcase classname="LeadCreation.Leadcreation" name="Customercreation100" time="0.001"/>
  <system-out/>
  <testcase classname="LeadCreation.Leadcreation" name="Customercreation100" time="0.000"/>
  <system-out/>
  <testcase classname="LeadCreation.Leadcreation" name="Customercreation100" time="0.001"/>
  <system-out/>
  <testcase classname="LeadCreation.Leadcreation" name="Customercreation100" time="0.000"/>
  <system-out/>
  <testcase classname="LeadCreation.Leadcreation" name="Customercreation100" time="0.000"/>
  <system-out/>
  <testcase classname="LeadCreation.Leadcreation" name="Customercreation100" time="0.000"/>
  <system-out/>
  <testcase classname="LeadCreation.Leadcreation" name="Customercreation100" time="0.000"/>
  <system-out/>
  <testcase classname="LeadCreation.Leadcreation" name="Customercreation100" time="0.000"/>
  <system-out/>
  <testcase classname="LeadCreation.Leadcreation" name="Customercreation100" time="0.000"/>
  <system-out/>
  <testcase classname="LeadCreation.Leadcreation" name="Customercreation100" time="0.000"/>
  <system-out/>
  <testcase classname="LeadCreation.Leadcreation" name="Customercreation100" time="0.001"/>
  <system-out/>
  <testcase classname="LeadCreation.Leadcreation" name="Customercreation100" time="0.000"/>
  <system-out/>
  <testcase classname="LeadCreation.Leadcreation" name="Customercreation100" time="0.000"/>
  <system-out/>
  <testcase classname="LeadCreation.Leadcreation" name="Customercreation100" time="0.000"/>
  <system-out/>
  <testcase classname="LeadCreation.Leadcreation" name="Customercreation100" time="0.000"/>
  <system-out/>
  <testcase classname="LeadCreation.Leadcreation" name="Customercreation100" time="0.001"/>
  <system-out/>
  <testcase classname="LeadCreation.Leadcreation" name="Customercreation100" time="0.000"/>
  <system-out/>
  <testcase classname="LeadCreation.Leadcreation" name="Customercreation100" time="0.000"/>
  <system-out/>
  <testcase classname="LeadCreation.Leadcreation" name="Customercreation100" time="0.001"/>
  <system-out/>
  <testcase classname="LeadCreation.Leadcreation" name="Customercreation100" time="0.001"/>
  <system-out/>
  <testcase classname="LeadCreation.Leadcreation" name="Customercreation100" time="0.000"/>
  <system-out/>
  <testcase classname="LeadCreation.Leadcreation" name="Customercreation100" time="0.000"/>
  <system-out/>
  <testcase classname="LeadCreation.Leadcreation" name="Customercreation100" time="0.000"/>
  <system-out/>
  <testcase classname="LeadCreation.Leadcreation" name="Customercreation100" time="0.000"/>
  <system-out/>
  <testcase classname="LeadCreation.Leadcreation" name="Customercreation100" time="0.000"/>
  <system-out/>
  <testcase classname="LeadCreation.Leadcreation" name="Customercreation100" time="0.000"/>
  <system-out/>
  <testcase classname="LeadCreation.Leadcreation" name="Customercreation100" time="0.000"/>
  <system-out/>
  <testcase classname="LeadCreation.Leadcreation" name="Customercreation100" time="0.000"/>
  <system-out/>
  <testcase classname="LeadCreation.Leadcreation" name="Customercreation100" time="0.001"/>
  <system-out/>
  <testcase classname="LeadCreation.Leadcreation" name="Customercreation100" time="0.000"/>
  <system-out/>
  <testcase classname="LeadCreation.Leadcreation" name="Customercreation100" time="0.000"/>
  <system-out/>
  <testcase classname="LeadCreation.Leadcreation" name="Customercreation100" time="0.000"/>
  <system-out/>
  <testcase classname="LeadCreation.Leadcreation" name="Customercreation100" time="0.000"/>
  <system-out/>
  <testcase classname="LeadCreation.Leadcreation" name="Customercreation100" time="0.001"/>
  <system-out/>
  <testcase classname="LeadCreation.Leadcreation" name="Customercreation100" time="0.000"/>
  <system-out/>
  <testcase classname="LeadCreation.Leadcreation" name="Customercreation100" time="0.000"/>
  <system-out/>
  <testcase classname="LeadCreation.Leadcreation" name="Customercreation100" time="0.000"/>
  <system-out/>
  <testcase classname="LeadCreation.Leadcreation" name="Customercreation100" time="0.000"/>
  <system-out/>
  <testcase classname="LeadCreation.Leadcreation" name="Customercreation100" time="0.000"/>
  <system-out/>
  <testcase classname="LeadCreation.Leadcreation" name="Customercreation100" time="0.000"/>
  <system-out/>
  <testcase classname="LeadCreation.Leadcreation" name="Customercreation100" time="0.000"/>
  <system-out/>
  <testcase classname="LeadCreation.Leadcreation" name="Customercreation100" time="0.000"/>
  <system-out/>
  <testcase classname="LeadCreation.Leadcreation" name="Customercreation100" time="0.000"/>
  <system-out/>
  <testcase classname="LeadCreation.Leadcreation" name="Customercreation100" time="0.001"/>
  <system-out/>
  <testcase classname="LeadCreation.Leadcreation" name="Customercreation100" time="0.000"/>
  <system-out/>
  <testcase classname="LeadCreation.Leadcreation" name="Customercreation100" time="0.000"/>
  <system-out/>
  <testcase classname="LeadCreation.Leadcreation" name="Customercreation100" time="0.000"/>
  <system-out/>
  <testcase classname="LeadCreation.Leadcreation" name="Customercreation100" time="0.000"/>
  <system-out/>
  <testcase classname="LeadCreation.Leadcreation" name="Customercreation100" time="0.000"/>
  <system-out/>
  <testcase classname="LeadCreation.Leadcreation" name="Customercreation100" time="0.000"/>
  <system-out/>
  <testcase classname="LeadCreation.Leadcreation" name="Customercreation100" time="0.000"/>
  <system-out/>
  <testcase classname="LeadCreation.Leadcreation" name="Customercreation100" time="0.000"/>
  <system-out/>
  <testcase classname="LeadCreation.Leadcreation" name="Customercreation100" time="0.000"/>
  <system-out/>
  <testcase classname="LeadCreation.Leadcreation" name="Customercreation100" time="0.000"/>
  <system-out/>
  <testcase classname="LeadCreation.Leadcreation" name="Customercreation100" time="0.001"/>
  <system-out/>
  <testcase classname="LeadCreation.Leadcreation" name="Customercreation100" time="0.001"/>
  <system-out/>
  <testcase classname="LeadCreation.Leadcreation" name="Customercreation100" time="0.000"/>
  <system-out/>
  <testcase classname="LeadCreation.Leadcreation" name="Customercreation100" time="0.001"/>
  <system-out/>
  <testcase classname="LeadCreation.Leadcreation" name="Customercreation100" time="0.001"/>
  <system-out/>
  <testcase classname="LeadCreation.Leadcreation" name="Customercreation100" time="0.000"/>
  <system-out/>
  <testcase classname="LeadCreation.Leadcreation" name="Customercreation100" time="0.000"/>
  <system-out/>
  <testcase classname="LeadCreation.Leadcreation" name="Customercreation100" time="0.000"/>
  <system-out/>
  <testcase classname="LeadCreation.Leadcreation" name="Customercreation100" time="0.000"/>
  <system-out/>
  <testcase classname="LeadCreation.Leadcreation" name="Customercreation100" time="0.000"/>
  <system-out/>
  <testcase classname="LeadCreation.Leadcreation" name="Customercreation100" time="0.000"/>
  <system-out/>
  <testcase classname="LeadCreation.Leadcreation" name="Customercreation100" time="0.000"/>
  <system-out/>
  <testcase classname="LeadCreation.Leadcreation" name="Customercreation100" time="0.001"/>
  <system-out/>
  <testcase classname="LeadCreation.Leadcreation" name="Customercreation100" time="0.000"/>
  <system-out/>
  <testcase classname="LeadCreation.Leadcreation" name="Customercreation100" time="0.000"/>
  <system-out/>
  <testcase classname="LeadCreation.Leadcreation" name="Customercreation100" time="0.000"/>
  <system-out/>
  <testcase classname="LeadCreation.Leadcreation" name="Customercreation100" time="0.000"/>
  <system-out/>
[...]
  <system-out/>
  <testcase classname="LeadCreation.Leadcreation" name="Customercreation100" time="0.000"/>
  <system-out/>
  <testcase classname="LeadCreation.Leadcreation" name="Customercreation100" time="0.000"/>
  <system-out/>
  <testcase classname="LeadCreation.Leadcreation" name="Customercreation100" time="0.000"/>
  <system-out/>
  <testcase classname="LeadCreation.Leadcreation" name="Customercreation100" time="0.000"/>
  <system-out/>
  <testcase classname="LeadCreation.Leadcreation" name="Customercreation100" time="0.001"/>
  <system-out/>
  <testcase classname="LeadCreation.Leadcreation" name="Customercreation100" time="0.000"/>
  <system-out/>
  <testcase classname="LeadCreation.Leadcreation" name="Customercreation100" time="0.000"/>
  <system-out/>
  <testcase classname="LeadCreation.Leadcreation" name="Customercreation100" time="0.000"/>
  <system-out/>
  <testcase classname="LeadCreation.Leadcreation" name="Customercreation100" time="0.000"/>
  <system-out/>
  <testcase classname="LeadCreation.Leadcreation" name="Customercreation100" time="0.000"/>
  <system-out/>
  <testcase classname="LeadCreation.Leadcreation" name="Customercreation100" time="0.000"/>
  <system-out/>
  <testcase classname="LeadCreation.Leadcreation" name="Customercreation100" time="0.000"/>
  <system-out/>
  <testcase classname="LeadCreation.Leadcreation" name="Customercreation100" time="0.000"/>
  <system-out/>
  <testcase classname="LeadCreation.Leadcreation" name="Customercreation100" time="0.001"/>
  <system-out/>
  <testcase classname="LeadCreation.Leadcreation" name="Customercreation100" time="0.000"/>
  <system-out/>
  <testcase classname="LeadCreation.Leadcreation" name="Customercreation100" time="0.000"/>
  <system-out/>
  <testcase classname="LeadCreation.Leadcreation" name="Customercreation100" time="0.000"/>
  <system-out/>
  <testcase classname="LeadCreation.Leadcreation" name="Customercreation100" time="0.000"/>
  <system-out/>
  <testcase classname="LeadCreation.Leadcreation" name="Customercreation100" time="0.000"/>
  <system-out/>
  <testcase classname="LeadCreation.Leadcreation" name="Customercreation100" time="0.000"/>
  <system-out/>
  <testcase classname="LeadCreation.Leadcreation" name="Customercreation100" time="0.000"/>
  <system-out/>
  <testcase classname="LeadCreation.Leadcreation" name="Customercreation100" time="0.000"/>
  <system-out/>
  <testcase classname="LeadCreation.Leadcreation" name="Customercreation100" time="0.000"/>
  <system-out/>
  <testcase classname="LeadCreation.Leadcreation" name="Customercreation100" time="0.000"/>
  <system-out/>
  <testcase classname="LeadCreation.Leadcreation" name="Customercreation100" time="0.000"/>
  <system-out/>
  <testcase classname="LeadCreation.Leadcreation" name="Customercreation100" time="0.001"/>
  <system-out/>
  <testcase classname="LeadCreation.Leadcreation" name="Customercreation100" time="0.000"/>
  <system-out/>
  <testcase classname="LeadCreation.Leadcreation" name="Customercreation100" time="0.000"/>
  <system-out/>
  <testcase classname="LeadCreation.Leadcreation" name="Customercreation100" time="0.000"/>
  <system-out/>
  <testcase classname="LeadCreation.Leadcreation" name="Customercreation100" time="0.000"/>
  <system-out/>
  <testcase classname="LeadCreation.Leadcreation" name="Customercreation100" time="0.000"/>
  <system-out/>
  <testcase classname="LeadCreation.Leadcreation" name="Customercreation100" time="0.000"/>
  <system-out/>
  <testcase classname="LeadCreation.Leadcreation" name="Customercreation100" time="0.000"/>
  <system-out/>
  <testcase classname="LeadCreation.Leadcreation" name="Customercreation100" time="0.000"/>
  <system-out/>
  <testcase classname="LeadCreation.Leadcreation" name="Customercreation100" time="0.001"/>
  <system-out/>
  <testcase classname="LeadCreation.Leadcreation" name="Customercreation100" time="0.000"/>
  <system-out/>
  <testcase classname="LeadCreation.Leadcreation" name="Customercreation100" time="0.000"/>
  <system-out/>
  <testcase classname="LeadCreation.Leadcreation" name="Customercreation100" time="0.001"/>
  <system-out/>
  <testcase classname="LeadCreation.Leadcreation" name="Customercreation100" time="0.000"/>
  <system-out/>
  <testcase classname="LeadCreation.Leadcreation" name="Customercreation100" time="0.001"/>
  <system-out/>
  <testcase classname="LeadCreation.Leadcreation" name="Customercreation100" time="0.000"/>
  <system-out/>
  <testcase classname="LeadCreation.Leadcreation" name="Customercreation100" time="0.000"/>
  <system-out/>
  <testcase classname="LeadCreation.Leadcreation" name="Customercreation100" time="0.000"/>
  <system-out/>
  <testcase classname="LeadCreation.Leadcreation" name="Customercreation100" time="0.000"/>
  <system-out/>
  <testcase classname="LeadCreation.Leadcreation" name="Customercreation100" time="0.000"/>
  <system-out/>
  <testcase classname="LeadCreation.Leadcreation" name="Customercreation100" time="0.001"/>
  <system-out/>
  <testcase classname="LeadCreation.Leadcreation" name="Customercreation100" time="0.000"/>
  <system-out/>
  <testcase classname="LeadCreation.Leadcreation" name="Customercreation100" time="0.000"/>
  <system-out/>
  <testcase classname="LeadCreation.Leadcreation" name="Customercreation100" time="0.000"/>
  <system-out/>
  <testcase classname="LeadCreation.Leadcreation" name="Customercreation100" time="0.000"/>
  <system-out/>
  <testcase classname="LeadCreation.Leadcreation" name="Customercreation100" time="0.000"/>
  <system-out/>
  <testcase classname="LeadCreation.Leadcreation" name="Customercreation100" time="0.000"/>
  <system-out/>
  <testcase classname="LeadCreation.Leadcreation" name="Customercreation100" time="0.000"/>
  <system-out/>
  <testcase classname="LeadCreation.Leadcreation" name="Customercreation100" time="0.000"/>
  <system-out/>
  <testcase classname="LeadCreation.Leadcreation" name="Customercreation100" time="0.000"/>
  <system-out/>
  <testcase classname="LeadCreation.Leadcreation" name="Customercreation100" time="0.000"/>
  <system-out/>
  <testcase classname="LeadCreation.Leadcreation" name="Customercreation100" time="0.000"/>
  <system-out/>
  <testcase classname="LeadCreation.Leadcreation" name="Customercreation100" time="0.001"/>
  <system-out/>
  <testcase classname="LeadCreation.Leadcreation" name="Customercreation100" time="0.000"/>
  <system-out/>
  <testcase classname="LeadCreation.Leadcreation" name="Customercreation100" time="0.000"/>
  <system-out/>
  <testcase classname="LeadCreation.Leadcreation" name="Customercreation100" time="0.000"/>
  <system-out/>
  <testcase classname="LeadCreation.Leadcreation" name="Customercreation100" time="0.000"/>
  <system-out/>
  <testcase classname="LeadCreation.Leadcreation" name="Customercreation100" time="0.000"/>
  <system-out/>
  <testcase classname="LeadCreation.Leadcreation" name="Customercreation100" time="0.000"/>
  <system-out/>
  <testcase classname="LeadCreation.Leadcreation" name="Customercreation100" time="0.000"/>
  <system-out/>
  <testcase classname="LeadCreation.Leadcreation" name="Customercreation100" time="0.000"/>
  <system-out/>
  <testcase classname="LeadCreation.Leadcreation" name="Customercreation100" time="0.001"/>
  <system-out/>
  <testcase classname="LeadCreation.Leadcreation" name="Customercreation100" time="0.001"/>
  <system-out/>
  <testcase classname="LeadCreation.Leadcreation" name="Customercreation100" time="0.000"/>
  <system-out/>
  <testcase classname="LeadCreation.Leadcreation" name="Customercreation100" time="0.000"/>
  <system-out/>
  <testcase classname="LeadCreation.Leadcreation" name="Customercreation100" time="0.000"/>
  <system-out/>
  <testcase classname="LeadCreation.Leadcreation" name="Customercreation100" time="0.000"/>
  <system-out/>
  <testcase classname="LeadCreation.Leadcreation" name="Customercreation100" time="0.001"/>
  <system-out/>
  <testcase classname="LeadCreation.Leadcreation" name="Customercreation100" time="0.001"/>
  <system-out/>
  <testcase classname="LeadCreation.Leadcreation" name="Customercreation100" time="0.000"/>
  <system-out/>
  <testcase classname="LeadCreation.Leadcreation" name="Customercreation100" time="0.000"/>
  <system-out/>
  <testcase classname="LeadCreation.Leadcreation" name="Customercreation100" time="0.001"/>
  <system-out/>
  <testcase classname="LeadCreation.Leadcreation" name="Customercreation100" time="0.000"/>
  <system-out/>
  <testcase classname="LeadCreation.Leadcreation" name="Customercreation100" time="0.000"/>
  <system-out/>
  <testcase classname="LeadCreation.Leadcreation" name="Customercreation100" time="0.000"/>
  <system-out/>
  <testcase classname="LeadCreation.Leadcreation" name="Customercreation100" time="0.000"/>
  <system-out/>
  <testcase classname="LeadCreation.Leadcreation" name="Customercreation100" time="0.000"/>
  <system-out/>
  <testcase classname="LeadCreation.Leadcreation" name="Customercreation100" time="0.006"/>
  <system-out/>
  <testcase classname="LeadCreation.Leadcreation" name="Customercreation100" time="0.000"/>
  <system-out/>
  <testcase classname="LeadCreation.Leadcreation" name="Customercreation100" time="0.000"/>
  <system-out/>
  <testcase classname="LeadCreation.Leadcreation" name="Customercreation100" time="0.000"/>
  <system-out/>
  <testcase classname="LeadCreation.Leadcreation" name="Customercreation100" time="0.000"/>
  <system-out/>
  <testcase classname="LeadCreation.Leadcreation" name="Customercreation100" time="0.000"/>
  <system-out/>
  <testcase classname="LeadCreation.Leadcreation" name="Customercreation100" time="0.000"/>
  <system-out/>
  <testcase classname="LeadCreation.Leadcreation" name="Customercreation100" time="0.000"/>
  <system-out/>
  <testcase classname="LeadCreation.Leadcreation" name="Customercreation100" time="0.000"/>
  <system-out/>
  <testcase classname="LeadCreation.Leadcreation" name="Customercreation100" time="0.000"/>
  <system-out/>
  <testcase classname="LeadCreation.Leadcreation" name="Customercreation100" time="0.000"/>
  <system-out/>
  <testcase classname="LeadCreation.Leadcreation" name="Customercreation100" time="0.000"/>
  <system-out/>
  <testcase classname="LeadCreation.Leadcreation" name="Customercreation100" time="0.000"/>
  <system-out/>
  <testcase classname="LeadCreation.Leadcreation" name="Customercreation100" time="0.000"/>
  <system-out/>
  <testcase classname="LeadCreation.Leadcreation" name="Customercreation100" time="0.000"/>
  <system-out/>
  <testcase classname="LeadCreation.Leadcreation" name="Customercreation100" time="0.000"/>
  <system-out/>
  <testcase classname="LeadCreation.Leadcreation" name="Customercreation100" time="0.000"/>
  <system-out/>
  <testcase classname="LeadCreation.Leadcreation" name="Customercreation100" time="0.001"/>
  <system-out/>
  <testcase classname="LeadCreation.Leadcreation" name="Customercreation100" time="0.000"/>
  <system-out/>
  <testcase classname="LeadCreation.Leadcreation" name="Customercreation100" time="0.000"/>
  <system-out/>
  <testcase classname="LeadCreation.Leadcreation" name="Customercreation100" time="0.000"/>
  <system-out/>
  <testcase classname="LeadCreation.Leadcreation" name="Customercreation100" time="0.000"/>
  <system-out/>
  <testcase classname="LeadCreation.Leadcreation" name="Customercreation100" time="0.000"/>
  <system-out/>
  <testcase classname="LeadCreation.Leadcreation" name="Customercreation100" time="0.000"/>
  <system-out/>
  <testcase classname="LeadCreation.Leadcreation" name="Customercreation100" time="0.000"/>
  <system-out/>
  <testcase classname="LeadCreation.Leadcreation" name="Customercreation100" time="0.000"/>
  <system-out/>
  <testcase classname="LeadCreation.Leadcreation" name="Customercreation100" time="0.000"/>
  <system-out/>
  <testcase classname="LeadCreation.Leadcreation" name="Customercreation100" time="0.000"/>
  <system-out/>
  <testcase classname="LeadCreation.Leadcreation" name="Customercreation100" time="0.000"/>
  <system-out/>
  <testcase classname="LeadCreation.Leadcreation" name="Customercreation100" time="0.000"/>
  <system-out/>
  <testcase classname="LeadCreation.Leadcreation" name="Customercreation100" time="0.000"/>
  <system-out/>
  <testcase classname="LeadCreation.Leadcreation" name="Customercreation100" time="0.000"/>
  <system-out/>
  <testcase classname="LeadCreation.Leadcreation" name="Customercreation100" time="0.000"/>
  <system-out/>
  <testcase classname="LeadCreation.Leadcreation" name="Customercreation100" time="0.000"/>
  <system-out/>
  <testcase classname="LeadCreation.Leadcreation" name="Customercreation100" time="0.000"/>
  <system-out/>
  <testcase classname="LeadCreation.Leadcreation" name="Customercreation100" time="0.000"/>
  <system-out/>
  <testcase classname="LeadCreation.Leadcreation" name="Customercreation100" time="0.000"/>
  <system-out/>
  <testcase classname="LeadCreation.Leadcreation" name="Customercreation100" time="0.000"/>
  <system-out/>
  <testcase classname="LeadCreation.Leadcreation" name="Customercreation100" time="0.001"/>
  <system-out/>
  <testcase classname="LeadCreation.Leadcreation" name="Customercreation100" time="0.000"/>
  <system-out/>
  <testcase classname="LeadCreation.Leadcreation" name="Customercreation100" time="0.000"/>
  <system-out/>
  <testcase classname="LeadCreation.Leadcreation" name="Customercreation100" time="0.000"/>
  <system-out/>
  <testcase classname="LeadCreation.Leadcreation" name="Customercreation100" time="0.000"/>
  <system-out/>
  <testcase classname="LeadCreation.Leadcreation" name="Customercreation100" time="0.001"/>
  <system-out/>
  <testcase classname="LeadCreation.Leadcreation" name="Customercreation100" time="0.001"/>
  <system-out/>
  <testcase classname="LeadCreation.Leadcreation" name="Customercreation100" time="0.000"/>
  <system-out/>
  <testcase classname="LeadCreation.Leadcreation" name="Customercreation100" time="0.000"/>
  <system-out/>
  <testcase classname="LeadCreation.Leadcreation" name="Customercreation100" time="0.000"/>
  <system-out/>
  <testcase classname="LeadCreation.Leadcreation" name="Customercreation100" time="0.000"/>
  <system-out/>
  <testcase classname="LeadCreation.Leadcreation" name="Customercreation100" time="0.001"/>
  <system-out/>
  <testcase classname="LeadCreation.Leadcreation" name="Customercreation100" time="0.000"/>
  <system-out/>
  <testcase classname="LeadCreation.Leadcreation" name="Customercreation100" time="0.000"/>
  <system-out/>
  <testcase classname="LeadCreation.Leadcreation" name="Customercreation100" time="0.000"/>
  <system-out/>
  <testcase classname="LeadCreation.Leadcreation" name="Customercreation100" time="0.001"/>
  <system-out/>
  <testcase classname="LeadCreation.Leadcreation" name="Customercreation100" time="0.000"/>
  <system-out/>
  <testcase classname="LeadCreation.Leadcreation" name="Customercreation100" time="0.000"/>
  <system-out/>
  <testcase classname="LeadCreation.Leadcreation" name="Customercreation100" time="0.000"/>
  <system-out/>
  <testcase classname="LeadCreation.Leadcreation" name="Customercreation100" time="0.000"/>
  <system-out/>
  <testcase classname="LeadCreation.Leadcreation" name="Customercreation100" time="0.000"/>
  <system-out/>
  <testcase classname="LeadCreation.Leadcreation" name="Customercreation100" time="0.001"/>
  <system-out/>
  <testcase classname="LeadCreation.Leadcreation" name="Customercreation100" time="0.000"/>
  <system-out/>
  <testcase classname="LeadCreation.Leadcreation" name="Customercreation100" time="0.000"/>
  <system-out/>
  <testcase classname="LeadCreation.Leadcreation" name="Customercreation100" time="0.001"/>
  <system-out/>
  <testcase classname="LeadCreation.Leadcreation" name="Customercreation100" time="0.000"/>
  <system-out/>
  <testcase classname="LeadCreation.Leadcreation" name="Customercreation100" time="0.001"/>
  <system-out/>
  <testcase classname="LeadCreation.Leadcreation" name="Customercreation100" time="0.000"/>
  <system-out/>
  <testcase classname="LeadCreation.Leadcreation" name="Customercreation100" time="0.000"/>
  <system-out/>
  <testcase classname="LeadCreation.Leadcreation" name="Customercreation100" time="0.000"/>
  <system-out/>
  <testcase classname="LeadCreation.Leadcreation" name="Customercreation100" time="0.000"/>
  <system-out/>
  <testcase classname="LeadCreation.Leadcreation" name="Customercreation100" time="0.000"/>
  <system-out/>
  <testcase classname="LeadCreation.Leadcreation" name="Customercreation100" time="0.000"/>
  <system-out/>
  <testcase classname="LeadCreation.Leadcreation" name="Customercreation100" time="0.000"/>
  <system-out/>
  <testcase classname="LeadCreation.Leadcreation" name="Customercreation100" time="0.000"/>
  <system-out/>
  <testcase classname="LeadCreation.Leadcreation" name="Customercreation100" time="0.000"/>
  <system-out/>
  <testcase classname="LeadCreation.Leadcreation" name="Customercreation100" time="0.000"/>
  <system-out/>
  <testcase classname="LeadCreation.Leadcreation" name="Customercreation100" time="0.000"/>
  <system-out/>
  <testcase classname="LeadCreation.Leadcreation" name="Customercreation100" time="0.000"/>
  <system-out/>
  <testcase classname="LeadCreation.Leadcreation" name="Customercreation100" time="0.000"/>
  <system-out/>
  <testcase classname="LeadCreation.Leadcreation" name="Customercreation100" time="0.000"/>
  <system-out/>
  <testcase classname="LeadCreation.Leadcreation" name="Customercreation100" time="0.001"/>
  <system-out/>
  <testcase classname="LeadCreation.Leadcreation" name="Customercreation100" time="0.000"/>
  <system-out/>
  <testcase classname="LeadCreation.Leadcreation" name="Customercreation100" time="0.000"/>
  <system-out/>
  <testcase classname="LeadCreation.Leadcreation" name="Customercreation100" time="0.000"/>
  <system-out/>
  <testcase classname="LeadCreation.Leadcreation" name="Customercreation100" time="0.001"/>
  <system-out/>
  <testcase classname="LeadCreation.Leadcreation" name="Customercreation100" time="0.001"/>
  <system-out/>
  <testcase classname="LeadCreation.Leadcreation" name="Customercreation100" time="0.000"/>
  <system-out/>
  <testcase classname="LeadCreation.Leadcreation" name="Customercreation100" time="0.000"/>
  <system-out/>
  <testcase classname="LeadCreation.Leadcreation" name="Customercreation100" time="0.000"/>
  <system-out/>
  <testcase classname="LeadCreation.Leadcreation" name="Customercreation100" time="0.000"/>
  <system-out/>
  <testcase classname="LeadCreation.Leadcreation" name="Customercreation100" time="0.000"/>
  <system-out/>
  <testcase classname="LeadCreation.Leadcreation" name="Customercreation100" time="0.001"/>
  <system-out/>
  <testcase classname="LeadCreation.Leadcreation" name="Customercreation100" time="0.001"/>
  <system-out/>
  <testcase classname="LeadCreation.Leadcreation" name="Customercreation100" time="0.000"/>
  <system-out/>
  <testcase classname="LeadCreation.Leadcreation" name="Customercreation100" time="0.000"/>
  <system-out/>
  <testcase classname="LeadCreation.Leadcreation" name="Customercreation100" time="0.000"/>
  <system-out/>
  <testcase classname="LeadCreation.Leadcreation" name="Customercreation100" time="0.000"/>
  <system-out/>
  <testcase classname="LeadCreation.Leadcreation" name="Customercreation100" time="0.000"/>
  <system-out/>
  <testcase classname="LeadCreation.Leadcreation" name="Customercreation100" time="0.000"/>
  <system-out/>
  <testcase classname="LeadCreation.Leadcreation" name="Customercreation100" time="0.000"/>
  <system-out/>
  <testcase classname="LeadCreation.Leadcreation" name="Customercreation100" time="0.000"/>
  <system-out/>
  <testcase classname="LeadCreation.Leadcreation" name="Customercreation100" time="0.000"/>
  <system-out/>
  <testcase classname="LeadCreation.Leadcreation" name="Customercreation100" time="0.000"/>
  <system-out/>
</testsuite> <!-- LeadCreation.Leadcreation -->
